#
# There is insufficient memory for the Java Runtime Environment to continue.
# Native memory allocation (malloc) failed to allocate 1139936 bytes for Chunk::new
# Possible reasons:
#   The system is out of physical RAM or swap space
#   The process is running with CompressedOops enabled, and the Java Heap may be blocking the growth of the native heap
# Possible solutions:
#   Reduce memory load on the system
#   Increase physical memory or swap space
#   Check if swap backing store is full
#   Decrease Java heap size (-Xmx/-Xms)
#   Decrease number of Java threads
#   Decrease Java thread stack sizes (-Xss)
#   Set larger code cache with -XX:ReservedCodeCacheSize=
#   JVM is running with Unscaled Compressed Oops mode in which the Java heap is
#     placed in the first 4GB address space. The Java Heap base address is the
#     maximum limit for the native heap growth. Please use -XX:HeapBaseMinAddress
#     to set the Java Heap base and to place the Java Heap above 4GB virtual address.
# This output file may be truncated or incomplete.
#
#  Out of Memory Error (./src/hotspot/share/memory/arena.cpp:197), pid=7756, tid=6312
#
# JRE version: OpenJDK Runtime Environment (11.0.12+7) (build 11.0.12+7-b1504.28-7817840)
# Java VM: OpenJDK 64-Bit Server VM (11.0.12+7-b1504.28-7817840, mixed mode, tiered, compressed oops, g1 gc, windows-amd64)
# No core dump will be written. Minidumps are not enabled by default on client versions of Windows
#

---------------  S U M M A R Y ------------

Command Line: --add-opens=java.base/java.util=ALL-UNNAMED --add-opens=java.base/java.lang=ALL-UNNAMED --add-opens=java.base/java.lang.invoke=ALL-UNNAMED --add-opens=java.base/java.util=ALL-UNNAMED --add-opens=java.prefs/java.util.prefs=ALL-UNNAMED --add-opens=java.prefs/java.util.prefs=ALL-UNNAMED --add-opens=java.base/java.nio.charset=ALL-UNNAMED --add-opens=java.base/java.net=ALL-UNNAMED --add-opens=java.base/java.util.concurrent.atomic=ALL-UNNAMED -Xmx2048m -Dfile.encoding=UTF-8 -Duser.country=TR -Duser.language=tr -Duser.variant org.gradle.launcher.daemon.bootstrap.GradleDaemon 7.3.3

Host: Intel(R) Core(TM) i7-7500U CPU @ 2.70GHz, 4 cores, 7G,  Windows 10 , 64 bit Build 19041 (10.0.19041.2251)
Time: Sun Nov 27 16:12:53 2022 Türkiye Standart Saati elapsed time: 47.677759 seconds (0d 0h 0m 47s)

---------------  T H R E A D  ---------------

Current thread (0x00000250aac95800):  JavaThread "C2 CompilerThread0" daemon [_thread_in_native, id=6312, stack(0x0000005186e00000,0x0000005186f00000)]


Current CompileTask:
C2:  47677 9752       4       org.apache.xerces.impl.XMLNSDocumentScannerImpl::scanStartElement (873 bytes)

Stack: [0x0000005186e00000,0x0000005186f00000]
Native frames: (J=compiled Java code, j=interpreted, Vv=VM code, C=native code)
V  [jvm.dll+0x5fbcea]
V  [jvm.dll+0x731905]
V  [jvm.dll+0x732f1d]
V  [jvm.dll+0x7335d3]
V  [jvm.dll+0x247bf8]
V  [jvm.dll+0xc018c]
V  [jvm.dll+0xc06cc]
V  [jvm.dll+0x2bcc04]
V  [jvm.dll+0x5113a8]
V  [jvm.dll+0x208303]
V  [jvm.dll+0x201fe0]
V  [jvm.dll+0x1ff71f]
V  [jvm.dll+0x18868c]
V  [jvm.dll+0x20e0d7]
V  [jvm.dll+0x20c901]
V  [jvm.dll+0x6f9b7f]
V  [jvm.dll+0x6f26a5]
V  [jvm.dll+0x5fabf6]
C  [ucrtbase.dll+0x21bb2]
C  [KERNEL32.DLL+0x174b4]
C  [ntdll.dll+0x526a1]


---------------  P R O C E S S  ---------------

Threads class SMR info:
_java_thread_list=0x00000250b337dbb0, length=85, elements={
0x000002509007d000, 0x00000250aa438000, 0x00000250aa439000, 0x00000250aac4b800,
0x00000250aac4d000, 0x00000250aac4e800, 0x00000250aac95800, 0x00000250aac9b000,
0x00000250aac9e800, 0x00000250aae13000, 0x00000250ad187800, 0x00000250ac780800,
0x00000250ac8e8800, 0x00000250ab245800, 0x00000250ab246800, 0x00000250ab3f8800,
0x00000250ad1b7000, 0x00000250aadaa000, 0x00000250ad2f5800, 0x00000250ab46d000,
0x00000250ab46e800, 0x00000250ab46c000, 0x00000250ab46f000, 0x00000250ab46d800,
0x00000250ab469800, 0x00000250ab470000, 0x00000250ab46a800, 0x00000250ab46b000,
0x00000250ad789800, 0x00000250ad78b000, 0x00000250ad78b800, 0x00000250ad78d800,
0x00000250ad790000, 0x00000250ad78a000, 0x00000250ad795800, 0x00000250ad790800,
0x00000250ad792800, 0x00000250ad793000, 0x00000250ad794000, 0x00000250ad78f000,
0x00000250ad796800, 0x00000250ad794800, 0x00000250ad797000, 0x00000250ad798000,
0x00000250ab4eb000, 0x00000250ab4e8000, 0x00000250ab4e7000, 0x00000250ab4ea800,
0x00000250ab4e8800, 0x00000250ab4e6800, 0x00000250ab4ed800, 0x00000250ab4ec000,
0x00000250ab4ed000, 0x00000250ab4ee800, 0x00000250ab4ef000, 0x00000250ab4e9800,
0x00000250ab4f0000, 0x00000250ab4f4000, 0x00000250ab4f3800, 0x00000250ab4f1800,
0x00000250ab4f5000, 0x00000250ab4f1000, 0x00000250ab4f2800, 0x00000250ad177800,
0x00000250ad17c000, 0x00000250ad17d000, 0x00000250ad17e000, 0x00000250ad17a800,
0x00000250ad179000, 0x00000250ad178000, 0x00000250ad17f800, 0x00000250ad17e800,
0x00000250ad179800, 0x00000250ad180800, 0x00000250ad181000, 0x00000250ad17b800,
0x00000250ad185000, 0x00000250ad183800, 0x00000250ad184800, 0x00000250ad186000,
0x00000250b1a2c800, 0x00000250b1a2a800, 0x00000250b1a2b800, 0x00000250b1a2a000,
0x00000250b1a31000
}

Java Threads: ( => current thread )
  0x000002509007d000 JavaThread "main" [_thread_blocked, id=4372, stack(0x0000005186200000,0x0000005186300000)]
  0x00000250aa438000 JavaThread "Reference Handler" daemon [_thread_blocked, id=14332, stack(0x0000005186900000,0x0000005186a00000)]
  0x00000250aa439000 JavaThread "Finalizer" daemon [_thread_blocked, id=9240, stack(0x0000005186a00000,0x0000005186b00000)]
  0x00000250aac4b800 JavaThread "Signal Dispatcher" daemon [_thread_blocked, id=10524, stack(0x0000005186b00000,0x0000005186c00000)]
  0x00000250aac4d000 JavaThread "Attach Listener" daemon [_thread_blocked, id=7232, stack(0x0000005186c00000,0x0000005186d00000)]
  0x00000250aac4e800 JavaThread "Service Thread" daemon [_thread_blocked, id=9836, stack(0x0000005186d00000,0x0000005186e00000)]
=>0x00000250aac95800 JavaThread "C2 CompilerThread0" daemon [_thread_in_native, id=6312, stack(0x0000005186e00000,0x0000005186f00000)]
  0x00000250aac9b000 JavaThread "C1 CompilerThread0" daemon [_thread_blocked, id=10888, stack(0x0000005186f00000,0x0000005187000000)]
  0x00000250aac9e800 JavaThread "Sweeper thread" daemon [_thread_blocked, id=6868, stack(0x0000005187000000,0x0000005187100000)]
  0x00000250aae13000 JavaThread "Common-Cleaner" daemon [_thread_blocked, id=3400, stack(0x0000005187100000,0x0000005187200000)]
  0x00000250ad187800 JavaThread "Daemon health stats" [_thread_blocked, id=8984, stack(0x0000005187300000,0x0000005187400000)]
  0x00000250ac780800 JavaThread "Incoming local TCP Connector on port 63754" [_thread_in_native, id=3748, stack(0x0000005187600000,0x0000005187700000)]
  0x00000250ac8e8800 JavaThread "Daemon periodic checks" [_thread_blocked, id=14124, stack(0x0000005187700000,0x0000005187800000)]
  0x00000250ab245800 JavaThread "Daemon" [_thread_blocked, id=8928, stack(0x0000005187800000,0x0000005187900000)]
  0x00000250ab246800 JavaThread "Handler for socket connection from /127.0.0.1:63754 to /127.0.0.1:63755" [_thread_in_native, id=12864, stack(0x0000005187900000,0x0000005187a00000)]
  0x00000250ab3f8800 JavaThread "Cancel handler" [_thread_blocked, id=11172, stack(0x0000005187a00000,0x0000005187b00000)]
  0x00000250ad1b7000 JavaThread "Daemon worker" [_thread_blocked, id=2840, stack(0x0000005187b00000,0x0000005187c00000)]
  0x00000250aadaa000 JavaThread "Asynchronous log dispatcher for DefaultDaemonConnection: socket connection from /127.0.0.1:63754 to /127.0.0.1:63755" [_thread_blocked, id=15176, stack(0x0000005187d00000,0x0000005187e00000)]
  0x00000250ad2f5800 JavaThread "Stdin handler" [_thread_blocked, id=9560, stack(0x0000005187e00000,0x0000005187f00000)]
  0x00000250ab46d000 JavaThread "Daemon client event forwarder" [_thread_blocked, id=12420, stack(0x0000005187f00000,0x0000005188000000)]
  0x00000250ab46e800 JavaThread "Cache worker for journal cache (C:\Users\asus\.gradle\caches\journal-1)" [_thread_blocked, id=6948, stack(0x0000005188000000,0x0000005188100000)]
  0x00000250ab46c000 JavaThread "File lock request listener" [_thread_in_native, id=6300, stack(0x0000005188100000,0x0000005188200000)]
  0x00000250ab46f000 JavaThread "Cache worker for file hash cache (C:\Users\asus\.gradle\caches\7.3.3\fileHashes)" [_thread_blocked, id=11360, stack(0x0000005188200000,0x0000005188300000)]
  0x00000250ab46d800 JavaThread "Cache worker for file hash cache (C:\Users\asus\Desktop\Java\Odev3\.gradle\7.3.3\fileHashes)" [_thread_blocked, id=12708, stack(0x0000005188400000,0x0000005188500000)]
  0x00000250ab469800 JavaThread "File watcher server" daemon [_thread_in_native, id=13128, stack(0x0000005188300000,0x0000005188400000)]
  0x00000250ab470000 JavaThread "File watcher consumer" daemon [_thread_blocked, id=7112, stack(0x0000005188500000,0x0000005188600000)]
  0x00000250ab46a800 JavaThread "Cache worker for checksums cache (C:\Users\asus\Desktop\Java\Odev3\.gradle\7.3.3\checksums)" [_thread_blocked, id=4576, stack(0x0000005188600000,0x0000005188700000)]
  0x00000250ab46b000 JavaThread "Cache worker for cache directory md-supplier (C:\Users\asus\.gradle\caches\7.3.3\md-supplier)" [_thread_blocked, id=6560, stack(0x0000005188700000,0x0000005188800000)]
  0x00000250ad789800 JavaThread "Cache worker for cache directory md-rule (C:\Users\asus\.gradle\caches\7.3.3\md-rule)" [_thread_blocked, id=1104, stack(0x0000005188800000,0x0000005188900000)]
  0x00000250ad78b000 JavaThread "Cache worker for execution history cache (C:\Users\asus\.gradle\caches\7.3.3\executionHistory)" [_thread_blocked, id=7496, stack(0x0000005188900000,0x0000005188a00000)]
  0x00000250ad78b800 JavaThread "jar transforms" [_thread_blocked, id=1156, stack(0x0000005188b00000,0x0000005188c00000)]
  0x00000250ad78d800 JavaThread "Cache worker for file content cache (C:\Users\asus\.gradle\caches\7.3.3\fileContent)" [_thread_blocked, id=9148, stack(0x0000005188c00000,0x0000005188d00000)]
  0x00000250ad790000 JavaThread "jar transforms Thread 2" [_thread_blocked, id=5972, stack(0x0000005188a00000,0x0000005188b00000)]
  0x00000250ad78a000 JavaThread "Cache worker for dependencies-accessors (C:\Users\asus\Desktop\Java\Odev3\.gradle\7.3.3\dependencies-accessors)" [_thread_blocked, id=8216, stack(0x0000005188e00000,0x0000005188f00000)]
  0x00000250ad795800 JavaThread "jar transforms Thread 3" [_thread_blocked, id=11620, stack(0x0000005188f00000,0x0000005189000000)]
  0x00000250ad790800 JavaThread "Cache worker for Build Output Cleanup Cache (C:\Users\asus\Desktop\Java\Odev3\.gradle\buildOutputCleanup)" [_thread_blocked, id=11468, stack(0x0000005188d00000,0x0000005188e00000)]
  0x00000250ad792800 JavaThread "Unconstrained build operations" [_thread_blocked, id=3404, stack(0x0000005189000000,0x0000005189100000)]
  0x00000250ad793000 JavaThread "Unconstrained build operations Thread 2" [_thread_blocked, id=11560, stack(0x0000005189100000,0x0000005189200000)]
  0x00000250ad794000 JavaThread "Unconstrained build operations Thread 3" [_thread_blocked, id=8496, stack(0x0000005189200000,0x0000005189300000)]
  0x00000250ad78f000 JavaThread "Unconstrained build operations Thread 4" [_thread_blocked, id=3528, stack(0x0000005189300000,0x0000005189400000)]
  0x00000250ad796800 JavaThread "Unconstrained build operations Thread 5" [_thread_blocked, id=12504, stack(0x0000005189400000,0x0000005189500000)]
  0x00000250ad794800 JavaThread "Unconstrained build operations Thread 6" [_thread_blocked, id=1356, stack(0x0000005189500000,0x0000005189600000)]
  0x00000250ad797000 JavaThread "Unconstrained build operations Thread 7" [_thread_blocked, id=8104, stack(0x0000005189600000,0x0000005189700000)]
  0x00000250ad798000 JavaThread "Unconstrained build operations Thread 8" [_thread_blocked, id=3076, stack(0x0000005189700000,0x0000005189800000)]
  0x00000250ab4eb000 JavaThread "Unconstrained build operations Thread 9" [_thread_blocked, id=11240, stack(0x0000005189800000,0x0000005189900000)]
  0x00000250ab4e8000 JavaThread "Unconstrained build operations Thread 10" [_thread_blocked, id=11456, stack(0x0000005189900000,0x0000005189a00000)]
  0x00000250ab4e7000 JavaThread "Unconstrained build operations Thread 11" [_thread_blocked, id=10432, stack(0x0000005189a00000,0x0000005189b00000)]
  0x00000250ab4ea800 JavaThread "Unconstrained build operations Thread 12" [_thread_blocked, id=6964, stack(0x0000005189b00000,0x0000005189c00000)]
  0x00000250ab4e8800 JavaThread "Unconstrained build operations Thread 13" [_thread_blocked, id=7952, stack(0x0000005189c00000,0x0000005189d00000)]
  0x00000250ab4e6800 JavaThread "Unconstrained build operations Thread 14" [_thread_blocked, id=12356, stack(0x0000005189d00000,0x0000005189e00000)]
  0x00000250ab4ed800 JavaThread "Unconstrained build operations Thread 15" [_thread_blocked, id=8144, stack(0x0000005189e00000,0x0000005189f00000)]
  0x00000250ab4ec000 JavaThread "Unconstrained build operations Thread 16" [_thread_blocked, id=2124, stack(0x0000005189f00000,0x000000518a000000)]
  0x00000250ab4ed000 JavaThread "Unconstrained build operations Thread 17" [_thread_blocked, id=8620, stack(0x000000518a000000,0x000000518a100000)]
  0x00000250ab4ee800 JavaThread "Unconstrained build operations Thread 18" [_thread_blocked, id=8664, stack(0x000000518a100000,0x000000518a200000)]
  0x00000250ab4ef000 JavaThread "Unconstrained build operations Thread 19" [_thread_blocked, id=4572, stack(0x000000518a200000,0x000000518a300000)]
  0x00000250ab4e9800 JavaThread "Unconstrained build operations Thread 20" [_thread_blocked, id=13464, stack(0x000000518a300000,0x000000518a400000)]
  0x00000250ab4f0000 JavaThread "Unconstrained build operations Thread 21" [_thread_blocked, id=3468, stack(0x000000518a400000,0x000000518a500000)]
  0x00000250ab4f4000 JavaThread "Unconstrained build operations Thread 22" [_thread_blocked, id=14152, stack(0x000000518a500000,0x000000518a600000)]
  0x00000250ab4f3800 JavaThread "Unconstrained build operations Thread 23" [_thread_blocked, id=14296, stack(0x000000518a600000,0x000000518a700000)]
  0x00000250ab4f1800 JavaThread "Unconstrained build operations Thread 24" [_thread_blocked, id=13812, stack(0x000000518a700000,0x000000518a800000)]
  0x00000250ab4f5000 JavaThread "Unconstrained build operations Thread 25" [_thread_blocked, id=13628, stack(0x000000518a800000,0x000000518a900000)]
  0x00000250ab4f1000 JavaThread "Unconstrained build operations Thread 26" [_thread_blocked, id=7356, stack(0x000000518a900000,0x000000518aa00000)]
  0x00000250ab4f2800 JavaThread "Unconstrained build operations Thread 27" [_thread_blocked, id=3064, stack(0x000000518aa00000,0x000000518ab00000)]
  0x00000250ad177800 JavaThread "Unconstrained build operations Thread 28" [_thread_blocked, id=12144, stack(0x000000518ab00000,0x000000518ac00000)]
  0x00000250ad17c000 JavaThread "Unconstrained build operations Thread 29" [_thread_blocked, id=1348, stack(0x000000518ac00000,0x000000518ad00000)]
  0x00000250ad17d000 JavaThread "Unconstrained build operations Thread 30" [_thread_blocked, id=14608, stack(0x000000518ad00000,0x000000518ae00000)]
  0x00000250ad17e000 JavaThread "Unconstrained build operations Thread 31" [_thread_blocked, id=12520, stack(0x000000518ae00000,0x000000518af00000)]
  0x00000250ad17a800 JavaThread "Unconstrained build operations Thread 32" [_thread_blocked, id=120, stack(0x000000518af00000,0x000000518b000000)]
  0x00000250ad179000 JavaThread "Unconstrained build operations Thread 33" [_thread_blocked, id=1032, stack(0x000000518b000000,0x000000518b100000)]
  0x00000250ad178000 JavaThread "Unconstrained build operations Thread 34" [_thread_blocked, id=8504, stack(0x000000518b100000,0x000000518b200000)]
  0x00000250ad17f800 JavaThread "Unconstrained build operations Thread 35" [_thread_blocked, id=12916, stack(0x000000518b200000,0x000000518b300000)]
  0x00000250ad17e800 JavaThread "Unconstrained build operations Thread 36" [_thread_blocked, id=11072, stack(0x000000518b300000,0x000000518b400000)]
  0x00000250ad179800 JavaThread "Unconstrained build operations Thread 37" [_thread_blocked, id=12160, stack(0x000000518b400000,0x000000518b500000)]
  0x00000250ad180800 JavaThread "Unconstrained build operations Thread 38" [_thread_blocked, id=10908, stack(0x000000518b500000,0x000000518b600000)]
  0x00000250ad181000 JavaThread "Unconstrained build operations Thread 39" [_thread_blocked, id=1044, stack(0x000000518b600000,0x000000518b700000)]
  0x00000250ad17b800 JavaThread "Unconstrained build operations Thread 40" [_thread_blocked, id=14088, stack(0x000000518b700000,0x000000518b800000)]
  0x00000250ad185000 JavaThread "jar transforms Thread 4" [_thread_blocked, id=14900, stack(0x000000518b900000,0x000000518ba00000)]
  0x00000250ad183800 JavaThread "Memory manager" [_thread_blocked, id=14596, stack(0x000000518ba00000,0x000000518bb00000)]
  0x00000250ad184800 JavaThread "build event listener" [_thread_blocked, id=7876, stack(0x000000518bd00000,0x000000518be00000)]
  0x00000250ad186000 JavaThread "Execution worker for ':'" [_thread_in_native, id=2116, stack(0x000000518be00000,0x000000518bf00000)]
  0x00000250b1a2c800 JavaThread "Execution worker for ':' Thread 2" [_thread_blocked, id=13792, stack(0x000000518bf00000,0x000000518c000000)]
  0x00000250b1a2a800 JavaThread "Execution worker for ':' Thread 3" [_thread_blocked, id=14328, stack(0x000000518c000000,0x000000518c100000)]
  0x00000250b1a2b800 JavaThread "Cache worker for execution history cache (C:\Users\asus\Desktop\Java\Odev3\.gradle\7.3.3\executionHistory)" [_thread_blocked, id=7260, stack(0x000000518c100000,0x000000518c200000)]
  0x00000250b1a2a000 JavaThread "WorkerExecutor Queue" [_thread_blocked, id=13164, stack(0x000000518c200000,0x000000518c300000)]
  0x00000250b1a31000 JavaThread "WorkerExecutor Queue Thread 2" [_thread_blocked, id=12320, stack(0x000000518c300000,0x000000518c400000)]

Other Threads:
  0x00000250aa423800 VMThread "VM Thread" [stack: 0x0000005186800000,0x0000005186900000] [id=13772]
  0x00000250aae33800 WatcherThread [stack: 0x0000005187200000,0x0000005187300000] [id=5272]
  0x0000025090096000 GCTaskThread "GC Thread#0" [stack: 0x0000005186300000,0x0000005186400000] [id=5868]
  0x00000250ab33e800 GCTaskThread "GC Thread#1" [stack: 0x0000005187400000,0x0000005187500000] [id=1240]
  0x00000250ab617000 GCTaskThread "GC Thread#2" [stack: 0x0000005187500000,0x0000005187600000] [id=14464]
  0x00000250ab1ce000 GCTaskThread "GC Thread#3" [stack: 0x0000005187c00000,0x0000005187d00000] [id=2088]
  0x00000250900c8000 ConcurrentGCThread "G1 Main Marker" [stack: 0x0000005186400000,0x0000005186500000] [id=13588]
  0x00000250900c9000 ConcurrentGCThread "G1 Conc#0" [stack: 0x0000005186500000,0x0000005186600000] [id=12776]
  0x00000250aa272800 ConcurrentGCThread "G1 Refine#0" [stack: 0x0000005186600000,0x0000005186700000] [id=9496]
  0x00000250aa273800 ConcurrentGCThread "G1 Young RemSet Sampling" [stack: 0x0000005186700000,0x0000005186800000] [id=1892]

Threads with active compile tasks:
C2 CompilerThread0  48529 9752       4       org.apache.xerces.impl.XMLNSDocumentScannerImpl::scanStartElement (873 bytes)

VM state:not at safepoint (normal execution)

VM Mutex/Monitor currently owned by a thread: None

Heap address: 0x0000000080000000, size: 2048 MB, Compressed Oops mode: 32-bit
Narrow klass base: 0x0000000000000000, Narrow klass shift: 3
Compressed class space size: 1073741824 Address: 0x0000000100000000

Heap:
 garbage-first heap   total 131072K, used 83628K [0x0000000080000000, 0x0000000100000000)
  region size 1024K, 17 young (17408K), 6 survivors (6144K)
 Metaspace       used 84054K, capacity 86171K, committed 86480K, reserved 1124352K
  class space    used 10972K, capacity 11762K, committed 11852K, reserved 1048576K
Heap Regions: E=young(eden), S=young(survivor), O=old, HS=humongous(starts), HC=humongous(continues), CS=collection set, F=free, A=archive, TAMS=top-at-mark-start (previous, next)
|   0|0x0000000080000000, 0x0000000080100000, 0x0000000080100000|100%| O|  |TAMS 0x0000000080100000, 0x0000000080000000| Untracked 
|   1|0x0000000080100000, 0x0000000080200000, 0x0000000080200000|100%| O|  |TAMS 0x0000000080200000, 0x0000000080100000| Untracked 
|   2|0x0000000080200000, 0x0000000080300000, 0x0000000080300000|100%| O|  |TAMS 0x0000000080300000, 0x0000000080200000| Untracked 
|   3|0x0000000080300000, 0x0000000080400000, 0x0000000080400000|100%|HS|  |TAMS 0x0000000080400000, 0x0000000080300000| Complete 
|   4|0x0000000080400000, 0x0000000080500000, 0x0000000080500000|100%|HC|  |TAMS 0x0000000080500000, 0x0000000080400000| Complete 
|   5|0x0000000080500000, 0x0000000080600000, 0x0000000080600000|100%|HC|  |TAMS 0x0000000080600000, 0x0000000080500000| Complete 
|   6|0x0000000080600000, 0x0000000080700000, 0x0000000080700000|100%| O|  |TAMS 0x0000000080700000, 0x0000000080600000| Untracked 
|   7|0x0000000080700000, 0x0000000080800000, 0x0000000080800000|100%| O|  |TAMS 0x0000000080800000, 0x0000000080700000| Untracked 
|   8|0x0000000080800000, 0x0000000080900000, 0x0000000080900000|100%| O|  |TAMS 0x0000000080900000, 0x0000000080800000| Untracked 
|   9|0x0000000080900000, 0x0000000080a00000, 0x0000000080a00000|100%| O|  |TAMS 0x0000000080a00000, 0x0000000080900000| Untracked 
|  10|0x0000000080a00000, 0x0000000080b00000, 0x0000000080b00000|100%| O|  |TAMS 0x0000000080b00000, 0x0000000080a00000| Untracked 
|  11|0x0000000080b00000, 0x0000000080c00000, 0x0000000080c00000|100%| O|  |TAMS 0x0000000080c00000, 0x0000000080b00000| Untracked 
|  12|0x0000000080c00000, 0x0000000080d00000, 0x0000000080d00000|100%| O|  |TAMS 0x0000000080d00000, 0x0000000080c00000| Untracked 
|  13|0x0000000080d00000, 0x0000000080e00000, 0x0000000080e00000|100%| O|  |TAMS 0x0000000080e00000, 0x0000000080d00000| Untracked 
|  14|0x0000000080e00000, 0x0000000080f00000, 0x0000000080f00000|100%| O|  |TAMS 0x0000000080f00000, 0x0000000080e00000| Untracked 
|  15|0x0000000080f00000, 0x0000000081000000, 0x0000000081000000|100%| O|  |TAMS 0x0000000081000000, 0x0000000080f00000| Untracked 
|  16|0x0000000081000000, 0x0000000081100000, 0x0000000081100000|100%| O|  |TAMS 0x0000000081100000, 0x0000000081000000| Untracked 
|  17|0x0000000081100000, 0x0000000081200000, 0x0000000081200000|100%| O|  |TAMS 0x0000000081200000, 0x0000000081100000| Untracked 
|  18|0x0000000081200000, 0x0000000081300000, 0x0000000081300000|100%| O|  |TAMS 0x0000000081300000, 0x0000000081200000| Untracked 
|  19|0x0000000081300000, 0x0000000081400000, 0x0000000081400000|100%| O|  |TAMS 0x0000000081400000, 0x0000000081300000| Untracked 
|  20|0x0000000081400000, 0x0000000081500000, 0x0000000081500000|100%| O|  |TAMS 0x0000000081500000, 0x0000000081400000| Untracked 
|  21|0x0000000081500000, 0x0000000081600000, 0x0000000081600000|100%| O|  |TAMS 0x0000000081600000, 0x0000000081500000| Untracked 
|  22|0x0000000081600000, 0x0000000081700000, 0x0000000081700000|100%| O|  |TAMS 0x0000000081700000, 0x0000000081600000| Untracked 
|  23|0x0000000081700000, 0x0000000081800000, 0x0000000081800000|100%| O|  |TAMS 0x0000000081800000, 0x0000000081700000| Untracked 
|  24|0x0000000081800000, 0x0000000081900000, 0x0000000081900000|100%| O|  |TAMS 0x0000000081900000, 0x0000000081800000| Untracked 
|  25|0x0000000081900000, 0x0000000081a00000, 0x0000000081a00000|100%| O|  |TAMS 0x0000000081a00000, 0x0000000081900000| Untracked 
|  26|0x0000000081a00000, 0x0000000081b00000, 0x0000000081b00000|100%| O|  |TAMS 0x0000000081b00000, 0x0000000081a00000| Untracked 
|  27|0x0000000081b00000, 0x0000000081c00000, 0x0000000081c00000|100%| O|  |TAMS 0x0000000081c00000, 0x0000000081b00000| Untracked 
|  28|0x0000000081c00000, 0x0000000081d00000, 0x0000000081d00000|100%|HS|  |TAMS 0x0000000081d00000, 0x0000000081c00000| Complete 
|  29|0x0000000081d00000, 0x0000000081e00000, 0x0000000081e00000|100%|HS|  |TAMS 0x0000000081e00000, 0x0000000081d00000| Complete 
|  30|0x0000000081e00000, 0x0000000081f00000, 0x0000000081f00000|100%|HS|  |TAMS 0x0000000081f00000, 0x0000000081e00000| Complete 
|  31|0x0000000081f00000, 0x0000000082000000, 0x0000000082000000|100%|HC|  |TAMS 0x0000000082000000, 0x0000000081f00000| Complete 
|  32|0x0000000082000000, 0x0000000082100000, 0x0000000082100000|100%| O|  |TAMS 0x0000000082100000, 0x0000000082000000| Untracked 
|  33|0x0000000082100000, 0x0000000082200000, 0x0000000082200000|100%| O|  |TAMS 0x0000000082200000, 0x0000000082100000| Untracked 
|  34|0x0000000082200000, 0x0000000082300000, 0x0000000082300000|100%| O|  |TAMS 0x0000000082300000, 0x0000000082200000| Untracked 
|  35|0x0000000082300000, 0x0000000082400000, 0x0000000082400000|100%| O|  |TAMS 0x0000000082400000, 0x0000000082300000| Untracked 
|  36|0x0000000082400000, 0x0000000082500000, 0x0000000082500000|100%| O|  |TAMS 0x0000000082500000, 0x0000000082400000| Untracked 
|  37|0x0000000082500000, 0x0000000082600000, 0x0000000082600000|100%| O|  |TAMS 0x0000000082600000, 0x0000000082500000| Untracked 
|  38|0x0000000082600000, 0x0000000082700000, 0x0000000082700000|100%| O|  |TAMS 0x0000000082700000, 0x0000000082600000| Untracked 
|  39|0x0000000082700000, 0x0000000082800000, 0x0000000082800000|100%| O|  |TAMS 0x0000000082800000, 0x0000000082700000| Untracked 
|  40|0x0000000082800000, 0x0000000082900000, 0x0000000082900000|100%| O|  |TAMS 0x0000000082900000, 0x0000000082800000| Untracked 
|  41|0x0000000082900000, 0x0000000082a00000, 0x0000000082a00000|100%| O|  |TAMS 0x0000000082a00000, 0x0000000082900000| Untracked 
|  42|0x0000000082a00000, 0x0000000082b00000, 0x0000000082b00000|100%| O|  |TAMS 0x0000000082b00000, 0x0000000082a00000| Untracked 
|  43|0x0000000082b00000, 0x0000000082c00000, 0x0000000082c00000|100%| O|  |TAMS 0x0000000082c00000, 0x0000000082b00000| Untracked 
|  44|0x0000000082c00000, 0x0000000082d00000, 0x0000000082d00000|100%| O|  |TAMS 0x0000000082d00000, 0x0000000082c00000| Untracked 
|  45|0x0000000082d00000, 0x0000000082e00000, 0x0000000082e00000|100%| O|  |TAMS 0x0000000082e00000, 0x0000000082d00000| Untracked 
|  46|0x0000000082e00000, 0x0000000082f00000, 0x0000000082f00000|100%| O|  |TAMS 0x0000000082f00000, 0x0000000082e00000| Untracked 
|  47|0x0000000082f00000, 0x0000000083000000, 0x0000000083000000|100%| O|  |TAMS 0x0000000083000000, 0x0000000082f00000| Untracked 
|  48|0x0000000083000000, 0x0000000083100000, 0x0000000083100000|100%| O|  |TAMS 0x0000000083100000, 0x0000000083000000| Untracked 
|  49|0x0000000083100000, 0x0000000083200000, 0x0000000083200000|100%| O|  |TAMS 0x0000000083200000, 0x0000000083100000| Untracked 
|  50|0x0000000083200000, 0x0000000083300000, 0x0000000083300000|100%| O|  |TAMS 0x0000000083300000, 0x0000000083200000| Untracked 
|  51|0x0000000083300000, 0x0000000083400000, 0x0000000083400000|100%| O|  |TAMS 0x0000000083400000, 0x0000000083300000| Untracked 
|  52|0x0000000083400000, 0x0000000083500000, 0x0000000083500000|100%| O|  |TAMS 0x0000000083500000, 0x0000000083400000| Untracked 
|  53|0x0000000083500000, 0x0000000083600000, 0x0000000083600000|100%| O|  |TAMS 0x0000000083600000, 0x0000000083500000| Untracked 
|  54|0x0000000083600000, 0x0000000083700000, 0x0000000083700000|100%| O|  |TAMS 0x0000000083700000, 0x0000000083600000| Untracked 
|  55|0x0000000083700000, 0x0000000083800000, 0x0000000083800000|100%| O|  |TAMS 0x0000000083800000, 0x0000000083700000| Untracked 
|  56|0x0000000083800000, 0x0000000083900000, 0x0000000083900000|100%| O|  |TAMS 0x0000000083900000, 0x0000000083800000| Untracked 
|  57|0x0000000083900000, 0x0000000083a00000, 0x0000000083a00000|100%| O|  |TAMS 0x0000000083a00000, 0x0000000083900000| Untracked 
|  58|0x0000000083a00000, 0x0000000083b00000, 0x0000000083b00000|100%| O|  |TAMS 0x0000000083b00000, 0x0000000083a00000| Untracked 
|  59|0x0000000083b00000, 0x0000000083c00000, 0x0000000083c00000|100%| O|  |TAMS 0x0000000083c00000, 0x0000000083b00000| Untracked 
|  60|0x0000000083c00000, 0x0000000083d00000, 0x0000000083d00000|100%| O|  |TAMS 0x0000000083d00000, 0x0000000083c00000| Untracked 
|  61|0x0000000083d00000, 0x0000000083e00000, 0x0000000083e00000|100%| O|  |TAMS 0x0000000083d22a00, 0x0000000083d00000| Untracked 
|  62|0x0000000083e00000, 0x0000000083f00000, 0x0000000083f00000|100%| O|  |TAMS 0x0000000083e00000, 0x0000000083e00000| Untracked 
|  63|0x0000000083f00000, 0x0000000084000000, 0x0000000084000000|100%| O|  |TAMS 0x0000000083f00000, 0x0000000083f00000| Untracked 
|  64|0x0000000084000000, 0x0000000084100000, 0x0000000084100000|100%| O|  |TAMS 0x0000000084000000, 0x0000000084000000| Untracked 
|  65|0x0000000084100000, 0x00000000841ab000, 0x0000000084200000| 66%| O|  |TAMS 0x0000000084100000, 0x0000000084100000| Untracked 
|  66|0x0000000084200000, 0x0000000084200000, 0x0000000084300000|  0%| F|  |TAMS 0x0000000084200000, 0x0000000084200000| Untracked 
|  67|0x0000000084300000, 0x0000000084300000, 0x0000000084400000|  0%| F|  |TAMS 0x0000000084300000, 0x0000000084300000| Untracked 
|  68|0x0000000084400000, 0x0000000084400000, 0x0000000084500000|  0%| F|  |TAMS 0x0000000084400000, 0x0000000084400000| Untracked 
|  69|0x0000000084500000, 0x0000000084500000, 0x0000000084600000|  0%| F|  |TAMS 0x0000000084500000, 0x0000000084500000| Untracked 
|  70|0x0000000084600000, 0x0000000084600000, 0x0000000084700000|  0%| F|  |TAMS 0x0000000084600000, 0x0000000084600000| Untracked 
|  71|0x0000000084700000, 0x0000000084700000, 0x0000000084800000|  0%| F|  |TAMS 0x0000000084700000, 0x0000000084700000| Untracked 
|  72|0x0000000084800000, 0x0000000084800000, 0x0000000084900000|  0%| F|  |TAMS 0x0000000084800000, 0x0000000084800000| Untracked 
|  73|0x0000000084900000, 0x0000000084900000, 0x0000000084a00000|  0%| F|  |TAMS 0x0000000084900000, 0x0000000084900000| Untracked 
|  74|0x0000000084a00000, 0x0000000084a00000, 0x0000000084b00000|  0%| F|  |TAMS 0x0000000084a00000, 0x0000000084a00000| Untracked 
|  75|0x0000000084b00000, 0x0000000084b00000, 0x0000000084c00000|  0%| F|  |TAMS 0x0000000084b00000, 0x0000000084b00000| Untracked 
|  76|0x0000000084c00000, 0x0000000084c00000, 0x0000000084d00000|  0%| F|  |TAMS 0x0000000084c00000, 0x0000000084c00000| Untracked 
|  77|0x0000000084d00000, 0x0000000084d00000, 0x0000000084e00000|  0%| F|  |TAMS 0x0000000084d00000, 0x0000000084d00000| Untracked 
|  78|0x0000000084e00000, 0x0000000084f00000, 0x0000000084f00000|100%| S|CS|TAMS 0x0000000084e00000, 0x0000000084e00000| Complete 
|  79|0x0000000084f00000, 0x0000000084f00000, 0x0000000085000000|  0%| F|  |TAMS 0x0000000084f00000, 0x0000000084f00000| Untracked 
|  80|0x0000000085000000, 0x0000000085000000, 0x0000000085100000|  0%| F|  |TAMS 0x0000000085000000, 0x0000000085000000| Untracked 
|  81|0x0000000085100000, 0x0000000085100000, 0x0000000085200000|  0%| F|  |TAMS 0x0000000085100000, 0x0000000085100000| Untracked 
|  82|0x0000000085200000, 0x0000000085200000, 0x0000000085300000|  0%| F|  |TAMS 0x0000000085200000, 0x0000000085200000| Untracked 
|  83|0x0000000085300000, 0x0000000085400000, 0x0000000085400000|100%| S|CS|TAMS 0x0000000085300000, 0x0000000085300000| Complete 
|  84|0x0000000085400000, 0x0000000085500000, 0x0000000085500000|100%| S|CS|TAMS 0x0000000085400000, 0x0000000085400000| Complete 
|  85|0x0000000085500000, 0x0000000085500000, 0x0000000085600000|  0%| F|  |TAMS 0x0000000085500000, 0x0000000085500000| Untracked 
|  86|0x0000000085600000, 0x0000000085700000, 0x0000000085700000|100%| S|CS|TAMS 0x0000000085600000, 0x0000000085600000| Complete 
|  87|0x0000000085700000, 0x0000000085700000, 0x0000000085800000|  0%| F|  |TAMS 0x0000000085700000, 0x0000000085700000| Untracked 
|  88|0x0000000085800000, 0x0000000085900000, 0x0000000085900000|100%| S|CS|TAMS 0x0000000085800000, 0x0000000085800000| Complete 
|  89|0x0000000085900000, 0x0000000085a00000, 0x0000000085a00000|100%| S|CS|TAMS 0x0000000085900000, 0x0000000085900000| Complete 
|  90|0x0000000085a00000, 0x0000000085a00000, 0x0000000085b00000|  0%| F|  |TAMS 0x0000000085a00000, 0x0000000085a00000| Untracked 
|  91|0x0000000085b00000, 0x0000000085b00000, 0x0000000085c00000|  0%| F|  |TAMS 0x0000000085b00000, 0x0000000085b00000| Untracked 
|  92|0x0000000085c00000, 0x0000000085c00000, 0x0000000085d00000|  0%| F|  |TAMS 0x0000000085c00000, 0x0000000085c00000| Untracked 
|  93|0x0000000085d00000, 0x0000000085d00000, 0x0000000085e00000|  0%| F|  |TAMS 0x0000000085d00000, 0x0000000085d00000| Untracked 
|  94|0x0000000085e00000, 0x0000000085e00000, 0x0000000085f00000|  0%| F|  |TAMS 0x0000000085e00000, 0x0000000085e00000| Untracked 
|  95|0x0000000085f00000, 0x0000000085f00000, 0x0000000086000000|  0%| F|  |TAMS 0x0000000085f00000, 0x0000000085f00000| Untracked 
|  96|0x0000000086000000, 0x0000000086000000, 0x0000000086100000|  0%| F|  |TAMS 0x0000000086000000, 0x0000000086000000| Untracked 
|  97|0x0000000086100000, 0x0000000086100000, 0x0000000086200000|  0%| F|  |TAMS 0x0000000086100000, 0x0000000086100000| Untracked 
|  98|0x0000000086200000, 0x0000000086200000, 0x0000000086300000|  0%| F|  |TAMS 0x0000000086200000, 0x0000000086200000| Untracked 
|  99|0x0000000086300000, 0x0000000086300000, 0x0000000086400000|  0%| F|  |TAMS 0x0000000086300000, 0x0000000086300000| Untracked 
| 100|0x0000000086400000, 0x0000000086400000, 0x0000000086500000|  0%| F|  |TAMS 0x0000000086400000, 0x0000000086400000| Untracked 
| 101|0x0000000086500000, 0x0000000086500000, 0x0000000086600000|  0%| F|  |TAMS 0x0000000086500000, 0x0000000086500000| Untracked 
| 102|0x0000000086600000, 0x0000000086600000, 0x0000000086700000|  0%| F|  |TAMS 0x0000000086600000, 0x0000000086600000| Untracked 
| 103|0x0000000086700000, 0x0000000086700000, 0x0000000086800000|  0%| F|  |TAMS 0x0000000086700000, 0x0000000086700000| Untracked 
| 104|0x0000000086800000, 0x0000000086800000, 0x0000000086900000|  0%| F|  |TAMS 0x0000000086800000, 0x0000000086800000| Untracked 
| 105|0x0000000086900000, 0x0000000086900000, 0x0000000086a00000|  0%| F|  |TAMS 0x0000000086900000, 0x0000000086900000| Untracked 
| 106|0x0000000086a00000, 0x0000000086a00000, 0x0000000086b00000|  0%| F|  |TAMS 0x0000000086a00000, 0x0000000086a00000| Untracked 
| 107|0x0000000086b00000, 0x0000000086b00000, 0x0000000086c00000|  0%| F|  |TAMS 0x0000000086b00000, 0x0000000086b00000| Untracked 
| 108|0x0000000086c00000, 0x0000000086c00000, 0x0000000086d00000|  0%| F|  |TAMS 0x0000000086c00000, 0x0000000086c00000| Untracked 
| 109|0x0000000086d00000, 0x0000000086d00000, 0x0000000086e00000|  0%| F|  |TAMS 0x0000000086d00000, 0x0000000086d00000| Untracked 
| 110|0x0000000086e00000, 0x0000000086e00000, 0x0000000086f00000|  0%| F|  |TAMS 0x0000000086e00000, 0x0000000086e00000| Untracked 
| 111|0x0000000086f00000, 0x0000000086f00000, 0x0000000087000000|  0%| F|  |TAMS 0x0000000086f00000, 0x0000000086f00000| Untracked 
| 112|0x0000000087000000, 0x0000000087000000, 0x0000000087100000|  0%| F|  |TAMS 0x0000000087000000, 0x0000000087000000| Untracked 
| 113|0x0000000087100000, 0x0000000087100000, 0x0000000087200000|  0%| F|  |TAMS 0x0000000087100000, 0x0000000087100000| Untracked 
| 114|0x0000000087200000, 0x0000000087200000, 0x0000000087300000|  0%| F|  |TAMS 0x0000000087200000, 0x0000000087200000| Untracked 
| 115|0x0000000087300000, 0x0000000087300000, 0x0000000087400000|  0%| F|  |TAMS 0x0000000087300000, 0x0000000087300000| Untracked 
| 116|0x0000000087400000, 0x0000000087400000, 0x0000000087500000|  0%| F|  |TAMS 0x0000000087400000, 0x0000000087400000| Untracked 
| 117|0x0000000087500000, 0x0000000087575a38, 0x0000000087600000| 45%| E|  |TAMS 0x0000000087500000, 0x0000000087500000| Complete 
| 118|0x0000000087600000, 0x0000000087700000, 0x0000000087700000|100%| E|CS|TAMS 0x0000000087600000, 0x0000000087600000| Complete 
| 119|0x0000000087700000, 0x0000000087800000, 0x0000000087800000|100%| E|CS|TAMS 0x0000000087700000, 0x0000000087700000| Complete 
| 120|0x0000000087800000, 0x0000000087900000, 0x0000000087900000|100%| E|CS|TAMS 0x0000000087800000, 0x0000000087800000| Complete 
| 121|0x0000000087900000, 0x0000000087a00000, 0x0000000087a00000|100%| E|CS|TAMS 0x0000000087900000, 0x0000000087900000| Complete 
| 122|0x0000000087a00000, 0x0000000087b00000, 0x0000000087b00000|100%| E|CS|TAMS 0x0000000087a00000, 0x0000000087a00000| Complete 
| 123|0x0000000087b00000, 0x0000000087c00000, 0x0000000087c00000|100%| E|CS|TAMS 0x0000000087b00000, 0x0000000087b00000| Complete 
| 124|0x0000000087c00000, 0x0000000087d00000, 0x0000000087d00000|100%| E|CS|TAMS 0x0000000087c00000, 0x0000000087c00000| Complete 
| 125|0x0000000087d00000, 0x0000000087e00000, 0x0000000087e00000|100%| E|CS|TAMS 0x0000000087d00000, 0x0000000087d00000| Complete 
| 126|0x0000000087e00000, 0x0000000087f00000, 0x0000000087f00000|100%| E|CS|TAMS 0x0000000087e00000, 0x0000000087e00000| Complete 
| 127|0x0000000087f00000, 0x0000000088000000, 0x0000000088000000|100%| E|CS|TAMS 0x0000000087f00000, 0x0000000087f00000| Complete 

Card table byte_map: [0x00000250a35b0000,0x00000250a39b0000] _byte_map_base: 0x00000250a31b0000

Marking Bits (Prev, Next): (CMBitMap*) 0x00000250900bf090, (CMBitMap*) 0x00000250900bf058
 Prev Bits: [0x00000250a5db0000, 0x00000250a7db0000)
 Next Bits: [0x00000250a3db0000, 0x00000250a5db0000)

Polling page: 0x000002508e780000

Metaspace:

Usage:
  Non-class:     72.67 MB capacity,    71.37 MB ( 98%) used,     1.06 MB (  1%) free+waste,   240.94 KB ( <1%) overhead. 
      Class:     11.49 MB capacity,    10.72 MB ( 93%) used,   677.98 KB (  6%) free+waste,   111.38 KB ( <1%) overhead. 
       Both:     84.15 MB capacity,    82.08 MB ( 98%) used,     1.72 MB (  2%) free+waste,   352.31 KB ( <1%) overhead. 

Virtual space:
  Non-class space:       74.00 MB reserved,      72.88 MB ( 98%) committed 
      Class space:        1.00 GB reserved,      11.57 MB (  1%) committed 
             Both:        1.07 GB reserved,      84.45 MB (  8%) committed 

Chunk freelists:
   Non-Class:  27.00 KB
       Class:  14.00 KB
        Both:  41.00 KB

MaxMetaspaceSize: 17179869184.00 GB
CompressedClassSpaceSize: 1.00 GB
Initial GC threshold: 20.80 MB
Current GC threshold: 138.46 MB
CDS: off

CodeHeap 'non-profiled nmethods': size=120064Kb used=6340Kb max_used=6340Kb free=113723Kb
 bounds [0x000002509b650000, 0x000002509bc90000, 0x00000250a2b90000]
CodeHeap 'profiled nmethods': size=120000Kb used=21065Kb max_used=21065Kb free=98934Kb
 bounds [0x0000025094120000, 0x00000250955c0000, 0x000002509b650000]
CodeHeap 'non-nmethods': size=5696Kb used=2366Kb max_used=2420Kb free=3330Kb
 bounds [0x0000025093b90000, 0x0000025093e00000, 0x0000025094120000]
 total_blobs=10614 nmethods=9738 adapters=788
 compilation: enabled
              stopped_count=0, restarted_count=0
 full_count=0

Compilation events (20 events):
Event: 47.160 Thread 0x00000250aac95800 nmethod 9744 0x000002509bc7e210 code [0x000002509bc7e3a0, 0x000002509bc7e578]
Event: 47.192 Thread 0x00000250aac95800 9745       4       org.apache.xerces.dom.ElementNSImpl::getLocalName (16 bytes)
Event: 47.194 Thread 0x00000250aac95800 nmethod 9745 0x000002509bc7e690 code [0x000002509bc7e840, 0x000002509bc7e9b8]
Event: 47.242 Thread 0x00000250aac95800 9746       4       java.util.WeakHashMap::getTable (9 bytes)
Event: 47.242 Thread 0x00000250aac95800 nmethod 9746 0x000002509bc7eb90 code [0x000002509bc7ed20, 0x000002509bc7eda8]
Event: 47.342 Thread 0x00000250aac95800 9747       4       org.apache.xerces.util.ParserConfigurationSettings::addRecognizedFeatures (52 bytes)
Event: 47.353 Thread 0x00000250aac95800 nmethod 9747 0x000002509bc7ee90 code [0x000002509bc7f040, 0x000002509bc7faf8]
Event: 47.360 Thread 0x00000250aac95800 9748       4       org.apache.xerces.parsers.AbstractSAXParser$AttributesProxy::getValue (11 bytes)
Event: 47.361 Thread 0x00000250aac95800 nmethod 9748 0x000002509bc80010 code [0x000002509bc801c0, 0x000002509bc802d8]
Event: 47.361 Thread 0x00000250aac95800 9749       4       org.apache.xerces.dom.AttrImpl::setValue (369 bytes)
Event: 47.365 Thread 0x00000250aac95800 nmethod 9749 0x000002509bc80490 code [0x000002509bc80660, 0x000002509bc80a98]
Event: 47.426 Thread 0x00000250aac9b000 9750       3       java.util.EnumMap::put (10 bytes)
Event: 47.426 Thread 0x00000250aac9b000 nmethod 9750 0x000002509559ee90 code [0x000002509559f060, 0x000002509559f288]
Event: 47.459 Thread 0x00000250aac95800 9751       4       jdk.internal.loader.URLClassPath::findResource (38 bytes)
Event: 47.461 Thread 0x00000250aac95800 nmethod 9751 0x000002509bc80e90 code [0x000002509bc81060, 0x000002509bc811a8]
Event: 47.595 Thread 0x00000250aac95800 9752       4       org.apache.xerces.impl.XMLNSDocumentScannerImpl::scanStartElement (873 bytes)
Event: 47.656 Thread 0x00000250aac9b000 9754       3       com.google.common.base.Splitter::splittingIterator (12 bytes)
Event: 47.656 Thread 0x00000250aac9b000 nmethod 9754 0x000002509559f390 code [0x000002509559f580, 0x000002509559f908]
Event: 47.656 Thread 0x00000250aac9b000 9755       3       com.google.common.base.Splitter$1::iterator (7 bytes)
Event: 47.656 Thread 0x00000250aac9b000 nmethod 9755 0x000002509559fa90 code [0x000002509559fc60, 0x000002509559ff28]

GC Heap History (20 events):
Event: 28.499 GC heap before
{Heap before GC invocations=13 (full 0):
 garbage-first heap   total 131072K, used 96318K [0x0000000080000000, 0x0000000100000000)
  region size 1024K, 64 young (65536K), 6 survivors (6144K)
 Metaspace       used 54331K, capacity 55595K, committed 55760K, reserved 1097728K
  class space    used 6950K, capacity 7424K, committed 7500K, reserved 1048576K
}
Event: 28.511 GC heap after
{Heap after GC invocations=14 (full 0):
 garbage-first heap   total 131072K, used 46080K [0x0000000080000000, 0x0000000100000000)
  region size 1024K, 8 young (8192K), 8 survivors (8192K)
 Metaspace       used 54331K, capacity 55595K, committed 55760K, reserved 1097728K
  class space    used 6950K, capacity 7424K, committed 7500K, reserved 1048576K
}
Event: 30.900 GC heap before
{Heap before GC invocations=14 (full 0):
 garbage-first heap   total 131072K, used 75776K [0x0000000080000000, 0x0000000100000000)
  region size 1024K, 38 young (38912K), 8 survivors (8192K)
 Metaspace       used 58999K, capacity 60406K, committed 60496K, reserved 1101824K
  class space    used 7515K, capacity 8086K, committed 8140K, reserved 1048576K
}
Event: 30.912 GC heap after
{Heap after GC invocations=15 (full 0):
 garbage-first heap   total 131072K, used 48170K [0x0000000080000000, 0x0000000100000000)
  region size 1024K, 2 young (2048K), 2 survivors (2048K)
 Metaspace       used 58999K, capacity 60406K, committed 60496K, reserved 1101824K
  class space    used 7515K, capacity 8086K, committed 8140K, reserved 1048576K
}
Event: 31.787 GC heap before
{Heap before GC invocations=16 (full 0):
 garbage-first heap   total 131072K, used 91178K [0x0000000080000000, 0x0000000100000000)
  region size 1024K, 45 young (46080K), 2 survivors (2048K)
 Metaspace       used 63284K, capacity 64669K, committed 64848K, reserved 1105920K
  class space    used 8034K, capacity 8563K, committed 8652K, reserved 1048576K
}
Event: 31.794 GC heap after
{Heap after GC invocations=17 (full 0):
 garbage-first heap   total 131072K, used 51391K [0x0000000080000000, 0x0000000100000000)
  region size 1024K, 5 young (5120K), 5 survivors (5120K)
 Metaspace       used 63284K, capacity 64669K, committed 64848K, reserved 1105920K
  class space    used 8034K, capacity 8563K, committed 8652K, reserved 1048576K
}
Event: 33.332 GC heap before
{Heap before GC invocations=18 (full 0):
 garbage-first heap   total 131072K, used 96447K [0x0000000080000000, 0x0000000100000000)
  region size 1024K, 48 young (49152K), 5 survivors (5120K)
 Metaspace       used 65494K, capacity 67012K, committed 67280K, reserved 1107968K
  class space    used 8351K, capacity 8928K, committed 9036K, reserved 1048576K
}
Event: 33.342 GC heap after
{Heap after GC invocations=19 (full 0):
 garbage-first heap   total 131072K, used 54604K [0x0000000080000000, 0x0000000100000000)
  region size 1024K, 4 young (4096K), 4 survivors (4096K)
 Metaspace       used 65494K, capacity 67012K, committed 67280K, reserved 1107968K
  class space    used 8351K, capacity 8928K, committed 9036K, reserved 1048576K
}
Event: 35.695 GC heap before
{Heap before GC invocations=19 (full 0):
 garbage-first heap   total 131072K, used 97612K [0x0000000080000000, 0x0000000100000000)
  region size 1024K, 46 young (47104K), 4 survivors (4096K)
 Metaspace       used 68950K, capacity 70536K, committed 70736K, reserved 1110016K
  class space    used 8937K, capacity 9549K, committed 9676K, reserved 1048576K
}
Event: 35.702 GC heap after
{Heap after GC invocations=20 (full 0):
 garbage-first heap   total 131072K, used 56915K [0x0000000080000000, 0x0000000100000000)
  region size 1024K, 6 young (6144K), 6 survivors (6144K)
 Metaspace       used 68950K, capacity 70536K, committed 70736K, reserved 1110016K
  class space    used 8937K, capacity 9549K, committed 9676K, reserved 1048576K
}
Event: 37.000 GC heap before
{Heap before GC invocations=20 (full 0):
 garbage-first heap   total 131072K, used 99923K [0x0000000080000000, 0x0000000100000000)
  region size 1024K, 48 young (49152K), 6 survivors (6144K)
 Metaspace       used 72803K, capacity 74462K, committed 74576K, reserved 1114112K
  class space    used 9503K, capacity 10133K, committed 10188K, reserved 1048576K
}
Event: 37.013 GC heap after
{Heap after GC invocations=21 (full 0):
 garbage-first heap   total 131072K, used 60315K [0x0000000080000000, 0x0000000100000000)
  region size 1024K, 6 young (6144K), 6 survivors (6144K)
 Metaspace       used 72803K, capacity 74462K, committed 74576K, reserved 1114112K
  class space    used 9503K, capacity 10133K, committed 10188K, reserved 1048576K
}
Event: 38.041 GC heap before
{Heap before GC invocations=21 (full 0):
 garbage-first heap   total 131072K, used 103323K [0x0000000080000000, 0x0000000100000000)
  region size 1024K, 48 young (49152K), 6 survivors (6144K)
 Metaspace       used 77887K, capacity 79639K, committed 79952K, reserved 1118208K
  class space    used 10205K, capacity 10860K, committed 10956K, reserved 1048576K
}
Event: 38.053 GC heap after
{Heap after GC invocations=22 (full 0):
 garbage-first heap   total 131072K, used 62675K [0x0000000080000000, 0x0000000100000000)
  region size 1024K, 6 young (6144K), 6 survivors (6144K)
 Metaspace       used 77887K, capacity 79639K, committed 79952K, reserved 1118208K
  class space    used 10205K, capacity 10860K, committed 10956K, reserved 1048576K
}
Event: 40.663 GC heap before
{Heap before GC invocations=22 (full 0):
 garbage-first heap   total 131072K, used 103635K [0x0000000080000000, 0x0000000100000000)
  region size 1024K, 47 young (48128K), 6 survivors (6144K)
 Metaspace       used 81813K, capacity 83765K, committed 83920K, reserved 1122304K
  class space    used 10748K, capacity 11526K, committed 11596K, reserved 1048576K
}
Event: 40.675 GC heap after
{Heap after GC invocations=23 (full 0):
 garbage-first heap   total 131072K, used 65532K [0x0000000080000000, 0x0000000100000000)
  region size 1024K, 6 young (6144K), 6 survivors (6144K)
 Metaspace       used 81813K, capacity 83765K, committed 83920K, reserved 1122304K
  class space    used 10748K, capacity 11526K, committed 11596K, reserved 1048576K
}
Event: 41.713 GC heap before
{Heap before GC invocations=23 (full 0):
 garbage-first heap   total 131072K, used 105468K [0x0000000080000000, 0x0000000100000000)
  region size 1024K, 46 young (47104K), 6 survivors (6144K)
 Metaspace       used 82646K, capacity 84827K, committed 85072K, reserved 1122304K
  class space    used 10834K, capacity 11634K, committed 11724K, reserved 1048576K
}
Event: 41.726 GC heap after
{Heap after GC invocations=24 (full 0):
 garbage-first heap   total 131072K, used 68487K [0x0000000080000000, 0x0000000100000000)
  region size 1024K, 6 young (6144K), 6 survivors (6144K)
 Metaspace       used 82646K, capacity 84827K, committed 85072K, reserved 1122304K
  class space    used 10834K, capacity 11634K, committed 11724K, reserved 1048576K
}
Event: 46.479 GC heap before
{Heap before GC invocations=25 (full 0):
 garbage-first heap   total 131072K, used 106375K [0x0000000080000000, 0x0000000100000000)
  region size 1024K, 44 young (45056K), 6 survivors (6144K)
 Metaspace       used 84015K, capacity 86107K, committed 86224K, reserved 1124352K
  class space    used 10972K, capacity 11762K, committed 11852K, reserved 1048576K
}
Event: 46.493 GC heap after
{Heap after GC invocations=26 (full 0):
 garbage-first heap   total 131072K, used 73388K [0x0000000080000000, 0x0000000100000000)
  region size 1024K, 6 young (6144K), 6 survivors (6144K)
 Metaspace       used 84015K, capacity 86107K, committed 86224K, reserved 1124352K
  class space    used 10972K, capacity 11762K, committed 11852K, reserved 1048576K
}

Deoptimization events (20 events):
Event: 46.216 Thread 0x00000250ad186000 DEOPT PACKING pc=0x000002509bc46e70 sp=0x000000518bef9680
Event: 46.216 Thread 0x00000250ad186000 DEOPT UNPACKING pc=0x0000025093bda1af sp=0x000000518bef95f8 mode 2
Event: 46.216 Thread 0x00000250ad186000 Uncommon trap: trap_request=0xffffffbe fr.pc=0x000002509bc46e70 relative=0x00000000000008b0
Event: 46.216 Thread 0x00000250ad186000 Uncommon trap: reason=profile_predicate action=maybe_recompile pc=0x000002509bc46e70 method=com.android.utils.PositionXmlParser$DomBuilder.findOpeningTag(Lcom/android/utils/PositionXmlParser$Position;)Lcom/android/utils/PositionXmlParser$Position; @ 8 c2
Event: 46.216 Thread 0x00000250ad186000 DEOPT PACKING pc=0x000002509bc46e70 sp=0x000000518bef9680
Event: 46.216 Thread 0x00000250ad186000 DEOPT UNPACKING pc=0x0000025093bda1af sp=0x000000518bef95f8 mode 2
Event: 46.216 Thread 0x00000250ad186000 Uncommon trap: trap_request=0xffffffbe fr.pc=0x000002509bc46e70 relative=0x00000000000008b0
Event: 46.216 Thread 0x00000250ad186000 Uncommon trap: reason=profile_predicate action=maybe_recompile pc=0x000002509bc46e70 method=com.android.utils.PositionXmlParser$DomBuilder.findOpeningTag(Lcom/android/utils/PositionXmlParser$Position;)Lcom/android/utils/PositionXmlParser$Position; @ 8 c2
Event: 46.216 Thread 0x00000250ad186000 DEOPT PACKING pc=0x000002509bc46e70 sp=0x000000518bef9680
Event: 46.216 Thread 0x00000250ad186000 DEOPT UNPACKING pc=0x0000025093bda1af sp=0x000000518bef95f8 mode 2
Event: 46.494 Thread 0x00000250ad186000 Uncommon trap: trap_request=0xffffffbe fr.pc=0x000002509bc6fb9c relative=0x000000000000085c
Event: 46.494 Thread 0x00000250ad186000 Uncommon trap: reason=profile_predicate action=maybe_recompile pc=0x000002509bc6fb9c method=com.android.utils.PositionXmlParser$DomBuilder.findOpeningTag(Lcom/android/utils/PositionXmlParser$Position;)Lcom/android/utils/PositionXmlParser$Position; @ 45 c2
Event: 46.494 Thread 0x00000250ad186000 DEOPT PACKING pc=0x000002509bc6fb9c sp=0x000000518bef9680
Event: 46.494 Thread 0x00000250ad186000 DEOPT UNPACKING pc=0x0000025093bda1af sp=0x000000518bef95f0 mode 2
Event: 46.494 Thread 0x00000250ad186000 Uncommon trap: trap_request=0xffffffbe fr.pc=0x000002509bc6fb9c relative=0x000000000000085c
Event: 46.494 Thread 0x00000250ad186000 Uncommon trap: reason=profile_predicate action=maybe_recompile pc=0x000002509bc6fb9c method=com.android.utils.PositionXmlParser$DomBuilder.findOpeningTag(Lcom/android/utils/PositionXmlParser$Position;)Lcom/android/utils/PositionXmlParser$Position; @ 45 c2
Event: 46.494 Thread 0x00000250ad186000 DEOPT PACKING pc=0x000002509bc6fb9c sp=0x000000518bef9680
Event: 46.494 Thread 0x00000250ad186000 DEOPT UNPACKING pc=0x0000025093bda1af sp=0x000000518bef95f0 mode 2
Event: 47.459 Thread 0x00000250ad186000 DEOPT PACKING pc=0x0000025094f124df sp=0x000000518bef6730
Event: 47.459 Thread 0x00000250ad186000 DEOPT UNPACKING pc=0x0000025093bda95e sp=0x000000518bef5bb8 mode 0

Classes redefined (0 events):
No events

Internal exceptions (20 events):
Event: 38.497 Thread 0x00000250ad184800 Exception <a 'java/lang/NoSuchMethodError'{0x0000000086a0b250}: 'void java.lang.invoke.DirectMethodHandle$Holder.invokeSpecial(java.lang.Object, java.lang.Object, java.lang.Object, int)'> (0x0000000086a0b250) thrown at [./src/hotspot/share/interpreter/linkResolver.cpp, line 773]
Event: 38.535 Thread 0x00000250ad1b7000 Exception <a 'java/lang/IncompatibleClassChangeError'{0x0000000086aaa6f0}: Found class java.lang.Object, but interface was expected> (0x0000000086aaa6f0) thrown at [./src/hotspot/share/interpreter/linkResolver.cpp, line 839]
Event: 38.557 Thread 0x00000250ad1b7000 Exception <a 'java/lang/NoSuchMethodError'{0x00000000869c4c58}: 'java.lang.Object java.lang.invoke.DirectMethodHandle$Holder.invokeInterface(java.lang.Object, java.lang.Object, int)'> (0x00000000869c4c58) thrown at [./src/hotspot/share/interpreter/linkResolver.cpp, line 773]
Event: 38.559 Thread 0x00000250ad1b7000 Exception <a 'java/lang/NoSuchMethodError'{0x00000000869da0e0}: 'void java.lang.invoke.DirectMethodHandle$Holder.invokeStatic(java.lang.Object, java.lang.Object, java.lang.Object, int)'> (0x00000000869da0e0) thrown at [./src/hotspot/share/interpreter/linkResolver.cpp, line 773]
Event: 38.569 Thread 0x00000250ab46d000 Exception <a 'java/lang/NoSuchMethodError'{0x00000000868ad708}: <clinit>> (0x00000000868ad708) thrown at [./src/hotspot/share/prims/jni.cpp, line 1365]
Event: 38.625 Thread 0x00000250ad1b7000 Exception <a 'java/lang/IncompatibleClassChangeError'{0x00000000866294d8}: Found class java.lang.Object, but interface was expected> (0x00000000866294d8) thrown at [./src/hotspot/share/interpreter/linkResolver.cpp, line 839]
Event: 38.674 Thread 0x00000250ad1b7000 Exception <a 'java/lang/NoSuchMethodError'{0x000000008649aff8}: 'int java.lang.invoke.DirectMethodHandle$Holder.invokeStaticInit(java.lang.Object, java.lang.Object, java.lang.Object, java.lang.Object, java.lang.Object)'> (0x000000008649aff8) thrown at [./src/hotspot/share/interpreter/linkResolver.cpp, line 773]
Event: 38.688 Thread 0x00000250ad1b7000 Exception <a 'java/lang/NoSuchMethodError'{0x00000000863a4c28}: 'void java.lang.invoke.DirectMethodHandle$Holder.invokeVirtual(java.lang.Object, java.lang.Object)'> (0x00000000863a4c28) thrown at [./src/hotspot/share/interpreter/linkResolver.cpp, line 773]
Event: 38.807 Thread 0x00000250ad1b7000 Implicit null exception at 0x000002509b915af7 to 0x000002509b915c90
Event: 38.822 Thread 0x00000250ad1b7000 Exception <a 'java/lang/NoSuchMethodError'{0x0000000085e1e3c0}: 'java.lang.Object java.lang.invoke.DirectMethodHandle$Holder.newInvokeSpecial(java.lang.Object, java.lang.Object, java.lang.Object, java.lang.Object)'> (0x0000000085e1e3c0) thrown at [./src/hotspot/share/interpreter/linkResolver.cpp, line 773]
Event: 38.831 Thread 0x00000250ab46d000 Exception <a 'java/lang/NoSuchMethodError'{0x0000000085ee7280}: <clinit>> (0x0000000085ee7280) thrown at [./src/hotspot/share/prims/jni.cpp, line 1365]
Event: 38.863 Thread 0x00000250ad1b7000 Exception <a 'sun/nio/fs/WindowsException'{0x0000000085e7bd60}> (0x0000000085e7bd60) thrown at [./src/hotspot/share/prims/jni.cpp, line 615]
Event: 38.863 Thread 0x00000250ad1b7000 Exception <a 'sun/nio/fs/WindowsException'{0x0000000085e7d3f8}> (0x0000000085e7d3f8) thrown at [./src/hotspot/share/prims/jni.cpp, line 615]
Event: 38.909 Thread 0x00000250b1a2a000 Exception <a 'sun/nio/fs/WindowsException'{0x0000000085b4b970}> (0x0000000085b4b970) thrown at [./src/hotspot/share/prims/jni.cpp, line 615]
Event: 40.699 Thread 0x00000250ad186000 Exception <a 'java/lang/NoSuchMethodError'{0x0000000087e54550}: 'void java.lang.invoke.DirectMethodHandle$Holder.invokeStatic(java.lang.Object, java.lang.Object, java.lang.Object, java.lang.Object, int, java.lang.Object, java.lang.Object)'> (0x0000000087e54550) thrown at [./src/hotspot/share/interpreter/linkResolver.cpp, line 773]
Event: 40.733 Thread 0x00000250ad794000 Exception <a 'java/lang/NoSuchMethodError'{0x0000000087a34ed8}: 'java.lang.Object java.lang.invoke.DirectMethodHandle$Holder.invokeSpecialIFC(java.lang.Object, java.lang.Object, java.lang.Object)'> (0x0000000087a34ed8) thrown at [./src/hotspot/share/interpreter/linkResolver.cpp, line 773]
Event: 40.733 Thread 0x00000250ad792800 Exception <a 'java/lang/NoSuchMethodError'{0x0000000087a490f0}: 'java.lang.Object java.lang.invoke.DirectMethodHandle$Holder.invokeSpecialIFC(java.lang.Object, java.lang.Object, java.lang.Object)'> (0x0000000087a490f0) thrown at [./src/hotspot/share/interpreter/linkResolver.cpp, line 773]
Event: 40.733 Thread 0x00000250ad186000 Exception <a 'java/lang/NoSuchMethodError'{0x0000000087bc6750}: 'java.lang.Object java.lang.invoke.DirectMethodHandle$Holder.invokeSpecialIFC(java.lang.Object, java.lang.Object, java.lang.Object)'> (0x0000000087bc6750) thrown at [./src/hotspot/share/interpreter/linkResolver.cpp, line 773]
Event: 40.733 Thread 0x00000250ad793000 Exception <a 'java/lang/NoSuchMethodError'{0x0000000087a3f248}: 'java.lang.Object java.lang.invoke.DirectMethodHandle$Holder.invokeSpecialIFC(java.lang.Object, java.lang.Object, java.lang.Object)'> (0x0000000087a3f248) thrown at [./src/hotspot/share/interpreter/linkResolver.cpp, line 773]
Event: 41.691 Thread 0x00000250ad186000 Exception <a 'java/lang/NoSuchMethodError'{0x00000000858400b0}: <clinit>> (0x00000000858400b0) thrown at [./src/hotspot/share/prims/jni.cpp, line 1365]

Events (20 events):
Event: 43.594 loading class com/android/resources/NightMode
Event: 43.594 loading class com/android/resources/NightMode done
Event: 43.595 loading class com/android/resources/TouchScreen
Event: 43.595 loading class com/android/resources/TouchScreen done
Event: 43.595 loading class com/android/resources/KeyboardState
Event: 43.595 loading class com/android/resources/KeyboardState done
Event: 43.595 loading class com/android/resources/Keyboard
Event: 43.595 loading class com/android/resources/Keyboard done
Event: 43.596 loading class com/android/resources/NavigationState
Event: 43.596 loading class com/android/resources/NavigationState done
Event: 43.596 loading class com/android/resources/Navigation
Event: 43.596 loading class com/android/resources/Navigation done
Event: 43.882 Thread 0x00000250b1a30800 Thread added: 0x00000250b1a30800
Event: 44.107 Thread 0x00000250b1a30800 Thread exited: 0x00000250b1a30800
Event: 45.026 Thread 0x00000250b1a33000 Thread added: 0x00000250b1a33000
Event: 45.445 Thread 0x00000250b1a33000 Thread exited: 0x00000250b1a33000
Event: 45.762 Thread 0x00000250b1a33000 Thread added: 0x00000250b1a33000
Event: 46.479 Thread 0x00000250b1a33000 Thread exited: 0x00000250b1a33000
Event: 46.479 Executing VM operation: G1CollectForAllocation
Event: 46.493 Executing VM operation: G1CollectForAllocation done


Dynamic libraries:
0x00007ff6b11b0000 - 0x00007ff6b11ba000 	C:\Program Files\Android\Android Studio1\jre\bin\java.exe
0x00007ffefc4b0000 - 0x00007ffefc6a8000 	C:\WINDOWS\SYSTEM32\ntdll.dll
0x00007ffefc190000 - 0x00007ffefc24f000 	C:\WINDOWS\System32\KERNEL32.DLL
0x00007ffef9f70000 - 0x00007ffefa242000 	C:\WINDOWS\System32\KERNELBASE.dll
0x00007ffef9bb0000 - 0x00007ffef9cb0000 	C:\WINDOWS\System32\ucrtbase.dll
0x00007ffef3e30000 - 0x00007ffef3e47000 	C:\Program Files\Android\Android Studio1\jre\bin\VCRUNTIME140.dll
0x00007ffee68f0000 - 0x00007ffee6909000 	C:\Program Files\Android\Android Studio1\jre\bin\jli.dll
0x00007ffefb840000 - 0x00007ffefb9dd000 	C:\WINDOWS\System32\USER32.dll
0x00007ffef9e30000 - 0x00007ffef9e52000 	C:\WINDOWS\System32\win32u.dll
0x00007ffefa8d0000 - 0x00007ffefa8fb000 	C:\WINDOWS\System32\GDI32.dll
0x00007ffee5720000 - 0x00007ffee59ba000 	C:\WINDOWS\WinSxS\amd64_microsoft.windows.common-controls_6595b64144ccf1df_6.0.19041.1110_none_60b5254171f9507e\COMCTL32.dll
0x00007ffef9e60000 - 0x00007ffef9f6f000 	C:\WINDOWS\System32\gdi32full.dll
0x00007ffefb410000 - 0x00007ffefb4ae000 	C:\WINDOWS\System32\msvcrt.dll
0x00007ffefa3b0000 - 0x00007ffefa44d000 	C:\WINDOWS\System32\msvcp_win.dll
0x00007ffefb800000 - 0x00007ffefb832000 	C:\WINDOWS\System32\IMM32.DLL
0x00007ffec5da0000 - 0x00007ffec5e3d000 	C:\Program Files\Android\Android Studio1\jre\bin\msvcp140.dll
0x00007ffe83fa0000 - 0x00007ffe84a85000 	C:\Program Files\Android\Android Studio1\jre\bin\server\jvm.dll
0x00007ffefc310000 - 0x00007ffefc3be000 	C:\WINDOWS\System32\ADVAPI32.dll
0x00007ffefac80000 - 0x00007ffefad1c000 	C:\WINDOWS\System32\sechost.dll
0x00007ffefad20000 - 0x00007ffefae45000 	C:\WINDOWS\System32\RPCRT4.dll
0x00007ffefb4b0000 - 0x00007ffefb4b8000 	C:\WINDOWS\System32\PSAPI.DLL
0x00007ffee63c0000 - 0x00007ffee63c9000 	C:\WINDOWS\SYSTEM32\WSOCK32.dll
0x00007ffee2860000 - 0x00007ffee2887000 	C:\WINDOWS\SYSTEM32\WINMM.dll
0x00007ffef89b0000 - 0x00007ffef89ba000 	C:\WINDOWS\SYSTEM32\VERSION.dll
0x00007ffefb4c0000 - 0x00007ffefb52b000 	C:\WINDOWS\System32\WS2_32.dll
0x00007ffef8960000 - 0x00007ffef8972000 	C:\WINDOWS\SYSTEM32\kernel.appcore.dll
0x00007ffed2dd0000 - 0x00007ffed2de1000 	C:\Program Files\Android\Android Studio1\jre\bin\verify.dll
0x00007ffef7f20000 - 0x00007ffef8104000 	C:\WINDOWS\SYSTEM32\DBGHELP.DLL
0x00007ffee2cf0000 - 0x00007ffee2d1c000 	C:\WINDOWS\SYSTEM32\dbgcore.DLL
0x00007ffef9d00000 - 0x00007ffef9d82000 	C:\WINDOWS\System32\bcryptPrimitives.dll
0x00007ffec9160000 - 0x00007ffec9189000 	C:\Program Files\Android\Android Studio1\jre\bin\java.dll
0x00007ffeeb820000 - 0x00007ffeeb82b000 	C:\Program Files\Android\Android Studio1\jre\bin\jimage.dll
0x00007ffec78b0000 - 0x00007ffec78c8000 	C:\Program Files\Android\Android Studio1\jre\bin\zip.dll
0x00007ffefb9e0000 - 0x00007ffefc123000 	C:\WINDOWS\System32\SHELL32.dll
0x00007ffef76c0000 - 0x00007ffef7e52000 	C:\WINDOWS\SYSTEM32\windows.storage.dll
0x00007ffefa500000 - 0x00007ffefa854000 	C:\WINDOWS\System32\combase.dll
0x00007ffef9610000 - 0x00007ffef9640000 	C:\WINDOWS\SYSTEM32\Wldp.dll
0x00007ffefc260000 - 0x00007ffefc30d000 	C:\WINDOWS\System32\SHCORE.dll
0x00007ffefc130000 - 0x00007ffefc185000 	C:\WINDOWS\System32\shlwapi.dll
0x00007ffef9af0000 - 0x00007ffef9b0f000 	C:\WINDOWS\SYSTEM32\profapi.dll
0x00007ffeaa3f0000 - 0x00007ffeaa40a000 	C:\Program Files\Android\Android Studio1\jre\bin\net.dll
0x00007ffeeab70000 - 0x00007ffeeac7c000 	C:\WINDOWS\SYSTEM32\WINHTTP.dll
0x00007ffef9370000 - 0x00007ffef93da000 	C:\WINDOWS\system32\mswsock.dll
0x00007ffeaa3d0000 - 0x00007ffeaa3e4000 	C:\Program Files\Android\Android Studio1\jre\bin\nio.dll
0x00007ffee9b80000 - 0x00007ffee9ba7000 	C:\Users\asus\.gradle\native\e1d6ef7f7dcc3fd88c89a11ec53ec762bb8ba0a96d01ffa2cd45eb1d1d8dd5c5\windows-amd64\native-platform.dll
0x00007ffec4430000 - 0x00007ffec4574000 	C:\Users\asus\.gradle\native\5664cfc778a61ccfe75a443a1ab52a65af34e5dc3c78e0209fed803814484fcb\windows-amd64\native-platform-file-events.dll
0x00007ffee68c0000 - 0x00007ffee68ca000 	C:\Program Files\Android\Android Studio1\jre\bin\management.dll
0x00007ffee66f0000 - 0x00007ffee66fd000 	C:\Program Files\Android\Android Studio1\jre\bin\management_ext.dll
0x00007ffef9560000 - 0x00007ffef9578000 	C:\WINDOWS\SYSTEM32\CRYPTSP.dll
0x00007ffef8c20000 - 0x00007ffef8c54000 	C:\WINDOWS\system32\rsaenh.dll
0x00007ffef9d90000 - 0x00007ffef9db7000 	C:\WINDOWS\System32\bcrypt.dll
0x00007ffef9ab0000 - 0x00007ffef9ade000 	C:\WINDOWS\SYSTEM32\USERENV.dll
0x00007ffef9580000 - 0x00007ffef958c000 	C:\WINDOWS\SYSTEM32\CRYPTBASE.dll
0x00007ffef9010000 - 0x00007ffef904b000 	C:\WINDOWS\SYSTEM32\IPHLPAPI.DLL
0x00007ffefa8c0000 - 0x00007ffefa8c8000 	C:\WINDOWS\System32\NSI.dll
0x00007ffeeba70000 - 0x00007ffeeba87000 	C:\WINDOWS\SYSTEM32\dhcpcsvc6.DLL
0x00007ffef1110000 - 0x00007ffef112d000 	C:\WINDOWS\SYSTEM32\dhcpcsvc.DLL
0x00007ffef9060000 - 0x00007ffef912a000 	C:\WINDOWS\SYSTEM32\DNSAPI.dll

dbghelp: loaded successfully - version: 4.0.5 - missing functions: none
symbol engine: initialized successfully - sym options: 0x614 - pdb path: .;C:\Program Files\Android\Android Studio1\jre\bin;C:\WINDOWS\SYSTEM32;C:\WINDOWS\WinSxS\amd64_microsoft.windows.common-controls_6595b64144ccf1df_6.0.19041.1110_none_60b5254171f9507e;C:\Program Files\Android\Android Studio1\jre\bin\server;C:\Users\asus\.gradle\native\e1d6ef7f7dcc3fd88c89a11ec53ec762bb8ba0a96d01ffa2cd45eb1d1d8dd5c5\windows-amd64;C:\Users\asus\.gradle\native\5664cfc778a61ccfe75a443a1ab52a65af34e5dc3c78e0209fed803814484fcb\windows-amd64

VM Arguments:
jvm_args: --add-opens=java.base/java.util=ALL-UNNAMED --add-opens=java.base/java.lang=ALL-UNNAMED --add-opens=java.base/java.lang.invoke=ALL-UNNAMED --add-opens=java.base/java.util=ALL-UNNAMED --add-opens=java.prefs/java.util.prefs=ALL-UNNAMED --add-opens=java.prefs/java.util.prefs=ALL-UNNAMED --add-opens=java.base/java.nio.charset=ALL-UNNAMED --add-opens=java.base/java.net=ALL-UNNAMED --add-opens=java.base/java.util.concurrent.atomic=ALL-UNNAMED -Xmx2048m -Dfile.encoding=UTF-8 -Duser.country=TR -Duser.language=tr -Duser.variant 
java_command: org.gradle.launcher.daemon.bootstrap.GradleDaemon 7.3.3
java_class_path (initial): C:\Users\asus\.gradle\wrapper\dists\gradle-7.3.3-bin\6a41zxkdtcxs8rphpq6y0069z\gradle-7.3.3\lib\gradle-launcher-7.3.3.jar
Launcher Type: SUN_STANDARD

[Global flags]
     intx CICompilerCount                          = 3                                         {product} {ergonomic}
     uint ConcGCThreads                            = 1                                         {product} {ergonomic}
     uint G1ConcRefinementThreads                  = 4                                         {product} {ergonomic}
   size_t G1HeapRegionSize                         = 1048576                                   {product} {ergonomic}
    uintx GCDrainStackTargetSize                   = 64                                        {product} {ergonomic}
   size_t InitialHeapSize                          = 134217728                                 {product} {ergonomic}
   size_t MarkStackSize                            = 4194304                                   {product} {ergonomic}
   size_t MaxHeapSize                              = 2147483648                                {product} {command line}
   size_t MaxNewSize                               = 1287651328                                {product} {ergonomic}
   size_t MinHeapDeltaBytes                        = 1048576                                   {product} {ergonomic}
    uintx NonNMethodCodeHeapSize                   = 5830732                                {pd product} {ergonomic}
    uintx NonProfiledCodeHeapSize                  = 122913754                              {pd product} {ergonomic}
    uintx ProfiledCodeHeapSize                     = 122913754                              {pd product} {ergonomic}
    uintx ReservedCodeCacheSize                    = 251658240                              {pd product} {ergonomic}
     bool SegmentedCodeCache                       = true                                      {product} {ergonomic}
     bool UseCompressedClassPointers               = true                                 {lp64_product} {ergonomic}
     bool UseCompressedOops                        = true                                 {lp64_product} {ergonomic}
     bool UseG1GC                                  = true                                      {product} {ergonomic}
     bool UseLargePagesIndividualAllocation        = false                                  {pd product} {ergonomic}

Logging:
Log output configuration:
 #0: stdout all=warning uptime,level,tags
 #1: stderr all=off uptime,level,tags

Environment Variables:
PATH=C:\Program Files (x86)\Common Files\Oracle\Java\javapath;C:\Program Files (x86)\Intel\iCLS Client\;C:\Program Files\Intel\iCLS Client\;C:\Windows\system32;C:\Windows;C:\Windows\System32\Wbem;C:\Windows\System32\WindowsPowerShell\v1.0\;C:\Program Files (x86)\NVIDIA Corporation\PhysX\Common;C:\Program Files (x86)\Intel\Intel(R) Management Engine Components\DAL;C:\Program Files\Intel\Intel(R) Management Engine Components\DAL;C:\Program Files (x86)\Intel\Intel(R) Management Engine Components\IPT;C:\Program Files\Intel\Intel(R) Management Engine Components\IPT;C:\WINDOWS\system32;C:\WINDOWS;C:\WINDOWS\System32\Wbem;C:\WINDOWS\System32\WindowsPowerShell\v1.0\;C:\WINDOWS\System32\OpenSSH\;C:\Program Files\dotnet\;C:\Program Files (x86)\Pulse Secure\VC142.CRT\X64\;C:\Program Files (x86)\Pulse Secure\VC142.CRT\X86\;C:\Program Files (x86)\dotnet\;C:\Program Files\Java\jdk1.8.0_251\bin;C:\Users\asus\AppData\Local\Microsoft\WindowsApps;C:\Users\asus\AppData\Local\GitHubDesktop\bin
USERNAME=asus
OS=Windows_NT
PROCESSOR_IDENTIFIER=Intel64 Family 6 Model 142 Stepping 9, GenuineIntel



---------------  S Y S T E M  ---------------

OS: Windows 10 , 64 bit Build 19041 (10.0.19041.2251)
OS uptime: 0 days 11:16 hours

CPU:total 4 (initial active 4) (2 cores per cpu, 2 threads per core) family 6 model 142 stepping 9 microcode 0xb4, cmov, cx8, fxsr, mmx, sse, sse2, sse3, ssse3, sse4.1, sse4.2, popcnt, avx, avx2, aes, clmul, erms, 3dnowpref, lzcnt, ht, tsc, tscinvbit, bmi1, bmi2, adx, fma

Memory: 4k page, system-wide physical 8078M (512M free)
TotalPageFile size 8078M (AvailPageFile size 4M)
current process WorkingSet (physical memory assigned to process): 361M, peak: 372M
current process commit charge ("private bytes"): 395M, peak: 402M

vm_info: OpenJDK 64-Bit Server VM (11.0.12+7-b1504.28-7817840) for windows-amd64 JRE (11.0.12+7-b1504.28-7817840), built on Oct 13 2021 22:12:33 by "builder" with MS VC++ 14.0 (VS2015)

END.
