#
# There is insufficient memory for the Java Runtime Environment to continue.
# Native memory allocation (mmap) failed to map 337641472 bytes for Failed to commit area from 0x0000000094200000 to 0x00000000a8400000 of length 337641472.
# Possible reasons:
#   The system is out of physical RAM or swap space
#   The process is running with CompressedOops enabled, and the Java Heap may be blocking the growth of the native heap
# Possible solutions:
#   Reduce memory load on the system
#   Increase physical memory or swap space
#   Check if swap backing store is full
#   Decrease Java heap size (-Xmx/-Xms)
#   Decrease number of Java threads
#   Decrease Java thread stack sizes (-Xss)
#   Set larger code cache with -XX:ReservedCodeCacheSize=
#   JVM is running with Unscaled Compressed Oops mode in which the Java heap is
#     placed in the first 4GB address space. The Java Heap base address is the
#     maximum limit for the native heap growth. Please use -XX:HeapBaseMinAddress
#     to set the Java Heap base and to place the Java Heap above 4GB virtual address.
# This output file may be truncated or incomplete.
#
#  Out of Memory Error (./src/hotspot/os/windows/os_windows.cpp:3521), pid=10872, tid=10312
#
# JRE version: OpenJDK Runtime Environment (11.0.12+7) (build 11.0.12+7-b1504.28-7817840)
# Java VM: OpenJDK 64-Bit Server VM (11.0.12+7-b1504.28-7817840, mixed mode, tiered, compressed oops, g1 gc, windows-amd64)
# No core dump will be written. Minidumps are not enabled by default on client versions of Windows
#

---------------  S U M M A R Y ------------

Command Line: --add-opens=java.base/java.util=ALL-UNNAMED --add-opens=java.base/java.lang=ALL-UNNAMED --add-opens=java.base/java.lang.invoke=ALL-UNNAMED --add-opens=java.base/java.util=ALL-UNNAMED --add-opens=java.prefs/java.util.prefs=ALL-UNNAMED --add-opens=java.prefs/java.util.prefs=ALL-UNNAMED --add-opens=java.base/java.nio.charset=ALL-UNNAMED --add-opens=java.base/java.net=ALL-UNNAMED --add-opens=java.base/java.util.concurrent.atomic=ALL-UNNAMED -Xmx2048m -Dfile.encoding=UTF-8 -Duser.country=TR -Duser.language=tr -Duser.variant org.gradle.launcher.daemon.bootstrap.GradleDaemon 7.3.3

Host: Intel(R) Core(TM) i7-7500U CPU @ 2.70GHz, 4 cores, 7G,  Windows 10 , 64 bit Build 19041 (10.0.19041.2251)
Time: Sun Nov 27 16:06:20 2022 Türkiye Standart Saati elapsed time: 147.620047 seconds (0d 0h 2m 27s)

---------------  T H R E A D  ---------------

Current thread (0x00000246d4eac000):  VMThread "VM Thread" [stack: 0x000000ab62800000,0x000000ab62900000] [id=10312]

Stack: [0x000000ab62800000,0x000000ab62900000]
[error occurred during error reporting (printing stack bounds), id 0xc0000005, EXCEPTION_ACCESS_VIOLATION (0xc0000005) at pc=0x00000246bedd112d]

Native frames: (J=compiled Java code, j=interpreted, Vv=VM code, C=native code)
V  [jvm.dll+0x5fbcea]
V  [jvm.dll+0x731905]
V  [jvm.dll+0x732f1d]
V  [jvm.dll+0x733535]
V  [jvm.dll+0x7334eb]
V  [jvm.dll+0x5fb080]
V  [jvm.dll+0x5fb818]
C  [ntdll.dll+0xa241f]
C  [ntdll.dll+0x514a4]
C  [ntdll.dll+0xa0f4e]
C  0x00000246bedd112d

VM_Operation (0x000000ab681fc890): G1CollectForAllocation, mode: safepoint, requested by thread 0x00000246dd00f800


---------------  P R O C E S S  ---------------

Threads class SMR info:
_java_thread_list=0x00000246dfd71a70, length=94, elements={
0x00000246bb2be000, 0x00000246d4eae800, 0x00000246d4eba800, 0x00000246d4ed2000,
0x00000246d4ed3000, 0x00000246d4ed4800, 0x00000246d4edc000, 0x00000246d4ee1000,
0x00000246d4ee2800, 0x00000246d598e800, 0x00000246d8505000, 0x00000246d6b9a800,
0x00000246d7c88800, 0x00000246d6c99000, 0x00000246d6c06000, 0x00000246d6707800,
0x00000246d877e800, 0x00000246d66f4000, 0x00000246d7a99800, 0x00000246d7a98800,
0x00000246d7a97000, 0x00000246d7a97800, 0x00000246d7a9a000, 0x00000246d7a9b000,
0x00000246d7a9c000, 0x00000246d7a96000, 0x00000246d7a9c800, 0x00000246d85f4000,
0x00000246d85f2800, 0x00000246d85f5000, 0x00000246d85f3000, 0x00000246d85f1800,
0x00000246d85f5800, 0x00000246d85f0000, 0x00000246d85f7800, 0x00000246d85f8000,
0x00000246d85f9000, 0x00000246d85fa000, 0x00000246d85fc000, 0x00000246d85fb800,
0x00000246d85fa800, 0x00000246d85f6800, 0x00000246d85fd000, 0x00000246d85fe000,
0x00000246d7b6e000, 0x00000246d7b6d800, 0x00000246d7b6b000, 0x00000246d7b6b800,
0x00000246d7b6c800, 0x00000246d7b6a000, 0x00000246d7b74800, 0x00000246d7b6f000,
0x00000246d7b72800, 0x00000246d7b75800, 0x00000246d7b74000, 0x00000246d7b73000,
0x00000246d7b70000, 0x00000246d7b76800, 0x00000246d7b70800, 0x00000246d7b77000,
0x00000246d7b71800, 0x00000246d7b78000, 0x00000246d7b79000, 0x00000246daf6b800,
0x00000246daf6c800, 0x00000246daf6d000, 0x00000246daf6e000, 0x00000246daf68800,
0x00000246daf6f000, 0x00000246daf69000, 0x00000246daf6f800, 0x00000246daf6a000,
0x00000246daf70800, 0x00000246daf6a800, 0x00000246daf72000, 0x00000246daf75800,
0x00000246daf73000, 0x00000246daf77000, 0x00000246daf74800, 0x00000246daf71000,
0x00000246daf73800, 0x00000246dd00e000, 0x00000246dd010800, 0x00000246dd00d000,
0x00000246dd00f800, 0x00000246dd00a800, 0x00000246dd00c000, 0x00000246dd00b800,
0x00000246dd016000, 0x00000246dd013800, 0x00000246dd012000, 0x00000246dd015000,
0x00000246dd017000, 0x00000246dd3c8000
}

Java Threads: ( => current thread )
  0x00000246bb2be000 JavaThread "main" [_thread_blocked, id=8340, stack(0x000000ab62200000,0x000000ab62300000)]
  0x00000246d4eae800 JavaThread "Reference Handler" daemon [_thread_blocked, id=11240, stack(0x000000ab62900000,0x000000ab62a00000)]
  0x00000246d4eba800 JavaThread "Finalizer" daemon [_thread_blocked, id=10888, stack(0x000000ab62a00000,0x000000ab62b00000)]
  0x00000246d4ed2000 JavaThread "Signal Dispatcher" daemon [_thread_blocked, id=3400, stack(0x000000ab62b00000,0x000000ab62c00000)]
  0x00000246d4ed3000 JavaThread "Attach Listener" daemon [_thread_blocked, id=6868, stack(0x000000ab62c00000,0x000000ab62d00000)]
  0x00000246d4ed4800 JavaThread "Service Thread" daemon [_thread_blocked, id=10012, stack(0x000000ab62d00000,0x000000ab62e00000)]
  0x00000246d4edc000 JavaThread "C2 CompilerThread0" daemon [_thread_blocked, id=7768, stack(0x000000ab62e00000,0x000000ab62f00000)]
  0x00000246d4ee1000 JavaThread "C1 CompilerThread0" daemon [_thread_blocked, id=10704, stack(0x000000ab62f00000,0x000000ab63000000)]
  0x00000246d4ee2800 JavaThread "Sweeper thread" daemon [_thread_blocked, id=5232, stack(0x000000ab63000000,0x000000ab63100000)]
  0x00000246d598e800 JavaThread "Common-Cleaner" daemon [_thread_blocked, id=2832, stack(0x000000ab63100000,0x000000ab63200000)]
  0x00000246d8505000 JavaThread "Daemon health stats" [_thread_blocked, id=7072, stack(0x000000ab63300000,0x000000ab63400000)]
  0x00000246d6b9a800 JavaThread "Incoming local TCP Connector on port 63421" [_thread_in_native, id=14744, stack(0x000000ab63600000,0x000000ab63700000)]
  0x00000246d7c88800 JavaThread "Daemon periodic checks" [_thread_blocked, id=14856, stack(0x000000ab63700000,0x000000ab63800000)]
  0x00000246d6c99000 JavaThread "Daemon" [_thread_blocked, id=12972, stack(0x000000ab63800000,0x000000ab63900000)]
  0x00000246d6c06000 JavaThread "Handler for socket connection from /127.0.0.1:63421 to /127.0.0.1:63422" [_thread_in_native, id=13716, stack(0x000000ab63900000,0x000000ab63a00000)]
  0x00000246d6707800 JavaThread "Cancel handler" [_thread_blocked, id=5756, stack(0x000000ab63a00000,0x000000ab63b00000)]
  0x00000246d877e800 JavaThread "Daemon worker" [_thread_blocked, id=14640, stack(0x000000ab63b00000,0x000000ab63c00000)]
  0x00000246d66f4000 JavaThread "Asynchronous log dispatcher for DefaultDaemonConnection: socket connection from /127.0.0.1:63421 to /127.0.0.1:63422" [_thread_blocked, id=4520, stack(0x000000ab63c00000,0x000000ab63d00000)]
  0x00000246d7a99800 JavaThread "Daemon client event forwarder" [_thread_blocked, id=12716, stack(0x000000ab63e00000,0x000000ab63f00000)]
  0x00000246d7a98800 JavaThread "Cache worker for journal cache (C:\Users\asus\.gradle\caches\journal-1)" [_thread_blocked, id=15048, stack(0x000000ab64000000,0x000000ab64100000)]
  0x00000246d7a97000 JavaThread "File lock request listener" [_thread_in_native, id=13036, stack(0x000000ab64100000,0x000000ab64200000)]
  0x00000246d7a97800 JavaThread "Cache worker for file hash cache (C:\Users\asus\.gradle\caches\7.3.3\fileHashes)" [_thread_blocked, id=11232, stack(0x000000ab64200000,0x000000ab64300000)]
  0x00000246d7a9a000 JavaThread "Cache worker for file hash cache (C:\Users\asus\Desktop\Java\Odev3\.gradle\7.3.3\fileHashes)" [_thread_blocked, id=14728, stack(0x000000ab64300000,0x000000ab64400000)]
  0x00000246d7a9b000 JavaThread "File watcher server" daemon [_thread_blocked, id=8524, stack(0x000000ab64400000,0x000000ab64500000)]
  0x00000246d7a9c000 JavaThread "File watcher consumer" daemon [_thread_blocked, id=12184, stack(0x000000ab64500000,0x000000ab64600000)]
  0x00000246d7a96000 JavaThread "Cache worker for checksums cache (C:\Users\asus\Desktop\Java\Odev3\.gradle\7.3.3\checksums)" [_thread_blocked, id=9344, stack(0x000000ab64600000,0x000000ab64700000)]
  0x00000246d7a9c800 JavaThread "Cache worker for cache directory md-supplier (C:\Users\asus\.gradle\caches\7.3.3\md-supplier)" [_thread_blocked, id=14464, stack(0x000000ab64700000,0x000000ab64800000)]
  0x00000246d85f4000 JavaThread "Cache worker for cache directory md-rule (C:\Users\asus\.gradle\caches\7.3.3\md-rule)" [_thread_blocked, id=14236, stack(0x000000ab64800000,0x000000ab64900000)]
  0x00000246d85f2800 JavaThread "Cache worker for execution history cache (C:\Users\asus\.gradle\caches\7.3.3\executionHistory)" [_thread_blocked, id=6668, stack(0x000000ab64900000,0x000000ab64a00000)]
  0x00000246d85f5000 JavaThread "jar transforms" [_thread_blocked, id=876, stack(0x000000ab64b00000,0x000000ab64c00000)]
  0x00000246d85f3000 JavaThread "Cache worker for file content cache (C:\Users\asus\.gradle\caches\7.3.3\fileContent)" [_thread_blocked, id=11320, stack(0x000000ab64c00000,0x000000ab64d00000)]
  0x00000246d85f1800 JavaThread "jar transforms Thread 2" [_thread_blocked, id=13792, stack(0x000000ab64d00000,0x000000ab64e00000)]
  0x00000246d85f5800 JavaThread "Cache worker for dependencies-accessors (C:\Users\asus\Desktop\Java\Odev3\.gradle\7.3.3\dependencies-accessors)" [_thread_blocked, id=6160, stack(0x000000ab64e00000,0x000000ab64f00000)]
  0x00000246d85f0000 JavaThread "jar transforms Thread 3" [_thread_blocked, id=12464, stack(0x000000ab64a00000,0x000000ab64b00000)]
  0x00000246d85f7800 JavaThread "Cache worker for Build Output Cleanup Cache (C:\Users\asus\Desktop\Java\Odev3\.gradle\buildOutputCleanup)" [_thread_blocked, id=3024, stack(0x000000ab64f00000,0x000000ab65000000)]
  0x00000246d85f8000 JavaThread "Unconstrained build operations" [_thread_blocked, id=7944, stack(0x000000ab65000000,0x000000ab65100000)]
  0x00000246d85f9000 JavaThread "Unconstrained build operations Thread 2" [_thread_blocked, id=10168, stack(0x000000ab65100000,0x000000ab65200000)]
  0x00000246d85fa000 JavaThread "Unconstrained build operations Thread 3" [_thread_blocked, id=2176, stack(0x000000ab65200000,0x000000ab65300000)]
  0x00000246d85fc000 JavaThread "Unconstrained build operations Thread 4" [_thread_blocked, id=11044, stack(0x000000ab65300000,0x000000ab65400000)]
  0x00000246d85fb800 JavaThread "Unconstrained build operations Thread 5" [_thread_blocked, id=6796, stack(0x000000ab65400000,0x000000ab65500000)]
  0x00000246d85fa800 JavaThread "Unconstrained build operations Thread 6" [_thread_blocked, id=14316, stack(0x000000ab65500000,0x000000ab65600000)]
  0x00000246d85f6800 JavaThread "Unconstrained build operations Thread 7" [_thread_blocked, id=7012, stack(0x000000ab65600000,0x000000ab65700000)]
  0x00000246d85fd000 JavaThread "Unconstrained build operations Thread 8" [_thread_blocked, id=6780, stack(0x000000ab65700000,0x000000ab65800000)]
  0x00000246d85fe000 JavaThread "Unconstrained build operations Thread 9" [_thread_blocked, id=1420, stack(0x000000ab65800000,0x000000ab65900000)]
  0x00000246d7b6e000 JavaThread "Unconstrained build operations Thread 10" [_thread_blocked, id=13204, stack(0x000000ab65900000,0x000000ab65a00000)]
  0x00000246d7b6d800 JavaThread "Unconstrained build operations Thread 11" [_thread_blocked, id=12228, stack(0x000000ab65a00000,0x000000ab65b00000)]
  0x00000246d7b6b000 JavaThread "Unconstrained build operations Thread 12" [_thread_blocked, id=3016, stack(0x000000ab65b00000,0x000000ab65c00000)]
  0x00000246d7b6b800 JavaThread "Unconstrained build operations Thread 13" [_thread_blocked, id=13392, stack(0x000000ab65c00000,0x000000ab65d00000)]
  0x00000246d7b6c800 JavaThread "Unconstrained build operations Thread 14" [_thread_blocked, id=9464, stack(0x000000ab65d00000,0x000000ab65e00000)]
  0x00000246d7b6a000 JavaThread "Unconstrained build operations Thread 15" [_thread_blocked, id=4788, stack(0x000000ab65e00000,0x000000ab65f00000)]
  0x00000246d7b74800 JavaThread "Unconstrained build operations Thread 16" [_thread_blocked, id=1204, stack(0x000000ab65f00000,0x000000ab66000000)]
  0x00000246d7b6f000 JavaThread "Unconstrained build operations Thread 17" [_thread_blocked, id=11940, stack(0x000000ab66000000,0x000000ab66100000)]
  0x00000246d7b72800 JavaThread "Unconstrained build operations Thread 18" [_thread_blocked, id=7928, stack(0x000000ab66100000,0x000000ab66200000)]
  0x00000246d7b75800 JavaThread "Unconstrained build operations Thread 19" [_thread_blocked, id=14408, stack(0x000000ab66200000,0x000000ab66300000)]
  0x00000246d7b74000 JavaThread "Unconstrained build operations Thread 20" [_thread_blocked, id=7864, stack(0x000000ab66300000,0x000000ab66400000)]
  0x00000246d7b73000 JavaThread "Unconstrained build operations Thread 21" [_thread_blocked, id=6588, stack(0x000000ab66400000,0x000000ab66500000)]
  0x00000246d7b70000 JavaThread "Unconstrained build operations Thread 22" [_thread_blocked, id=6288, stack(0x000000ab66500000,0x000000ab66600000)]
  0x00000246d7b76800 JavaThread "Unconstrained build operations Thread 23" [_thread_blocked, id=1392, stack(0x000000ab66600000,0x000000ab66700000)]
  0x00000246d7b70800 JavaThread "Unconstrained build operations Thread 24" [_thread_blocked, id=12760, stack(0x000000ab66700000,0x000000ab66800000)]
  0x00000246d7b77000 JavaThread "Unconstrained build operations Thread 25" [_thread_blocked, id=2604, stack(0x000000ab66800000,0x000000ab66900000)]
  0x00000246d7b71800 JavaThread "Unconstrained build operations Thread 26" [_thread_blocked, id=13428, stack(0x000000ab66900000,0x000000ab66a00000)]
  0x00000246d7b78000 JavaThread "Unconstrained build operations Thread 27" [_thread_blocked, id=6348, stack(0x000000ab66a00000,0x000000ab66b00000)]
  0x00000246d7b79000 JavaThread "Unconstrained build operations Thread 28" [_thread_blocked, id=13416, stack(0x000000ab66b00000,0x000000ab66c00000)]
  0x00000246daf6b800 JavaThread "Unconstrained build operations Thread 29" [_thread_blocked, id=10236, stack(0x000000ab66c00000,0x000000ab66d00000)]
  0x00000246daf6c800 JavaThread "Unconstrained build operations Thread 30" [_thread_blocked, id=7364, stack(0x000000ab66d00000,0x000000ab66e00000)]
  0x00000246daf6d000 JavaThread "Unconstrained build operations Thread 31" [_thread_blocked, id=3860, stack(0x000000ab66e00000,0x000000ab66f00000)]
  0x00000246daf6e000 JavaThread "Unconstrained build operations Thread 32" [_thread_blocked, id=388, stack(0x000000ab66f00000,0x000000ab67000000)]
  0x00000246daf68800 JavaThread "Unconstrained build operations Thread 33" [_thread_blocked, id=15292, stack(0x000000ab67000000,0x000000ab67100000)]
  0x00000246daf6f000 JavaThread "Unconstrained build operations Thread 34" [_thread_blocked, id=11932, stack(0x000000ab67100000,0x000000ab67200000)]
  0x00000246daf69000 JavaThread "Unconstrained build operations Thread 35" [_thread_blocked, id=9288, stack(0x000000ab67200000,0x000000ab67300000)]
  0x00000246daf6f800 JavaThread "Unconstrained build operations Thread 36" [_thread_blocked, id=7148, stack(0x000000ab67300000,0x000000ab67400000)]
  0x00000246daf6a000 JavaThread "Unconstrained build operations Thread 37" [_thread_blocked, id=2608, stack(0x000000ab67400000,0x000000ab67500000)]
  0x00000246daf70800 JavaThread "Unconstrained build operations Thread 38" [_thread_blocked, id=8964, stack(0x000000ab67500000,0x000000ab67600000)]
  0x00000246daf6a800 JavaThread "Unconstrained build operations Thread 39" [_thread_blocked, id=13608, stack(0x000000ab67600000,0x000000ab67700000)]
  0x00000246daf72000 JavaThread "Unconstrained build operations Thread 40" [_thread_blocked, id=1376, stack(0x000000ab67700000,0x000000ab67800000)]
  0x00000246daf75800 JavaThread "jar transforms Thread 4" [_thread_blocked, id=5252, stack(0x000000ab67800000,0x000000ab67900000)]
  0x00000246daf73000 JavaThread "Memory manager" [_thread_blocked, id=11896, stack(0x000000ab67c00000,0x000000ab67d00000)]
  0x00000246daf77000 JavaThread "build event listener" [_thread_blocked, id=11928, stack(0x000000ab61f00000,0x000000ab62000000)]
  0x00000246daf74800 JavaThread "Execution worker for ':'" [_thread_blocked, id=2772, stack(0x000000ab62000000,0x000000ab62100000)]
  0x00000246daf71000 JavaThread "Execution worker for ':' Thread 2" [_thread_blocked, id=2432, stack(0x000000ab62100000,0x000000ab62200000)]
  0x00000246daf73800 JavaThread "Execution worker for ':' Thread 3" [_thread_blocked, id=13780, stack(0x000000ab67b00000,0x000000ab67c00000)]
  0x00000246dd00e000 JavaThread "Cache worker for execution history cache (C:\Users\asus\Desktop\Java\Odev3\.gradle\7.3.3\executionHistory)" [_thread_blocked, id=5276, stack(0x000000ab67d00000,0x000000ab67e00000)]
  0x00000246dd010800 JavaThread "WorkerExecutor Queue Thread 2" [_thread_blocked, id=9116, stack(0x000000ab63d00000,0x000000ab63e00000)]
  0x00000246dd00d000 JavaThread "WorkerExecutor Queue Thread 3" [_thread_blocked, id=864, stack(0x000000ab68000000,0x000000ab68100000)]
  0x00000246dd00f800 JavaThread "WorkerExecutor Queue Thread 6" [_thread_blocked, id=13284, stack(0x000000ab68100000,0x000000ab68200000)]
  0x00000246dd00a800 JavaThread "pool-3-thread-1" [_thread_blocked, id=10624, stack(0x000000ab68300000,0x000000ab68400000)]
  0x00000246dd00c000 JavaThread "stderr" [_thread_in_native, id=13816, stack(0x000000ab67e00000,0x000000ab67f00000)]
  0x00000246dd00b800 JavaThread "stdout" [_thread_in_native, id=15236, stack(0x000000ab68400000,0x000000ab68500000)]
  0x00000246dd016000 JavaThread "ForkJoinPool-1-worker-3" daemon [_thread_blocked, id=7772, stack(0x000000ab68600000,0x000000ab68700000)]
  0x00000246dd013800 JavaThread "ForkJoinPool-1-worker-5" daemon [_thread_blocked, id=10772, stack(0x000000ab68700000,0x000000ab68800000)]
  0x00000246dd012000 JavaThread "ForkJoinPool-1-worker-7" daemon [_thread_blocked, id=14648, stack(0x000000ab68800000,0x000000ab68900000)]
  0x00000246dd015000 JavaThread "ForkJoinPool-1-worker-1" daemon [_thread_blocked, id=14632, stack(0x000000ab68900000,0x000000ab68a00000)]
  0x00000246dd017000 JavaThread "WorkerExecutor Queue Thread 7" [_thread_blocked, id=10652, stack(0x000000ab68500000,0x000000ab68600000)]
  0x00000246dd3c8000 JavaThread "C2 CompilerThread1" daemon [_thread_blocked, id=1964, stack(0x000000ab67f00000,0x000000ab68000000)]

Other Threads:
=>0x00000246d4eac000 VMThread "VM Thread" [stack: 0x000000ab62800000,0x000000ab62900000] [id=10312]
  0x00000246d59a1000 WatcherThread [stack: 0x000000ab63200000,0x000000ab63300000] [id=592]
  0x00000246bb2d6800 GCTaskThread "GC Thread#0" [stack: 0x000000ab62300000,0x000000ab62400000] [id=9240]
  0x00000246d5dd8800 GCTaskThread "GC Thread#1" [stack: 0x000000ab63400000,0x000000ab63500000] [id=12828]
  0x00000246d5dd9000 GCTaskThread "GC Thread#2" [stack: 0x000000ab63500000,0x000000ab63600000] [id=10404]
  0x00000246d7de8800 GCTaskThread "GC Thread#3" [stack: 0x000000ab63f00000,0x000000ab64000000] [id=9416]
  0x00000246bb309000 ConcurrentGCThread "G1 Main Marker" [stack: 0x000000ab62400000,0x000000ab62500000] [id=6312]
  0x00000246bb30a800 ConcurrentGCThread "G1 Conc#0" [stack: 0x000000ab62500000,0x000000ab62600000] [id=13932]
  0x00000246bb39b000 ConcurrentGCThread "G1 Refine#0" [stack: 0x000000ab62600000,0x000000ab62700000] [id=11456]
  0x00000246bb39c000 ConcurrentGCThread "G1 Young RemSet Sampling" [stack: 0x000000ab62700000,0x000000ab62800000] [id=10432]

Threads with active compile tasks:
C2 CompilerThread0 148229 16398       4       com.android.tools.r8.graph.j2::b (115 bytes)
C2 CompilerThread1 148229 16339       4       com.android.tools.r8.internal.cZ::b (20 bytes)

VM state:at safepoint (normal execution)

VM Mutex/Monitor currently owned by a thread:  ([mutex/lock_event])
[0x00000246bb2b9060] Threads_lock - owner thread: 0x00000246d4eac000
[0x00000246bb2b9450] Heap_lock - owner thread: 0x00000246dd00f800

Heap address: 0x0000000080000000, size: 2048 MB, Compressed Oops mode: 32-bit
Narrow klass base: 0x0000000000000000, Narrow klass shift: 3
Compressed class space size: 1073741824 Address: 0x0000000100000000

Heap:
 garbage-first heap   total 659456K, used 178817K [0x0000000080000000, 0x0000000100000000)
  region size 1024K, 2 young (2048K), 2 survivors (2048K)
 Metaspace       used 108669K, capacity 111443K, committed 111692K, reserved 1146880K
  class space    used 13851K, capacity 14874K, committed 14976K, reserved 1048576K
Heap Regions: E=young(eden), S=young(survivor), O=old, HS=humongous(starts), HC=humongous(continues), CS=collection set, F=free, A=archive, TAMS=top-at-mark-start (previous, next)
|   0|0x0000000080000000, 0x0000000080100000, 0x0000000080100000|100%| O|  |TAMS 0x0000000080100000, 0x0000000080000000| Untracked 
|   1|0x0000000080100000, 0x0000000080200000, 0x0000000080200000|100%| O|  |TAMS 0x0000000080200000, 0x0000000080100000| Complete 
|   2|0x0000000080200000, 0x0000000080300000, 0x0000000080300000|100%| O|  |TAMS 0x0000000080300000, 0x0000000080200000| Untracked 
|   3|0x0000000080300000, 0x0000000080400000, 0x0000000080400000|100%|HS|  |TAMS 0x0000000080400000, 0x0000000080300000| Complete 
|   4|0x0000000080400000, 0x0000000080500000, 0x0000000080500000|100%|HC|  |TAMS 0x0000000080500000, 0x0000000080400000| Complete 
|   5|0x0000000080500000, 0x0000000080600000, 0x0000000080600000|100%|HC|  |TAMS 0x0000000080600000, 0x0000000080500000| Complete 
|   6|0x0000000080600000, 0x0000000080700000, 0x0000000080700000|100%| O|  |TAMS 0x0000000080700000, 0x0000000080600000| Untracked 
|   7|0x0000000080700000, 0x0000000080800000, 0x0000000080800000|100%| O|  |TAMS 0x0000000080800000, 0x0000000080700000| Untracked 
|   8|0x0000000080800000, 0x0000000080900000, 0x0000000080900000|100%| O|  |TAMS 0x0000000080900000, 0x0000000080800000| Untracked 
|   9|0x0000000080900000, 0x0000000080a00000, 0x0000000080a00000|100%| O|  |TAMS 0x0000000080a00000, 0x0000000080900000| Untracked 
|  10|0x0000000080a00000, 0x0000000080b00000, 0x0000000080b00000|100%| O|  |TAMS 0x0000000080b00000, 0x0000000080a00000| Complete 
|  11|0x0000000080b00000, 0x0000000080c00000, 0x0000000080c00000|100%| O|  |TAMS 0x0000000080c00000, 0x0000000080b00000| Untracked 
|  12|0x0000000080c00000, 0x0000000080d00000, 0x0000000080d00000|100%| O|  |TAMS 0x0000000080d00000, 0x0000000080c00000| Untracked 
|  13|0x0000000080d00000, 0x0000000080e00000, 0x0000000080e00000|100%| O|  |TAMS 0x0000000080e00000, 0x0000000080d00000| Complete 
|  14|0x0000000080e00000, 0x0000000080f00000, 0x0000000080f00000|100%| O|  |TAMS 0x0000000080f00000, 0x0000000080e00000| Untracked 
|  15|0x0000000080f00000, 0x0000000081000000, 0x0000000081000000|100%| O|  |TAMS 0x0000000081000000, 0x0000000080f00000| Untracked 
|  16|0x0000000081000000, 0x0000000081100000, 0x0000000081100000|100%|HS|  |TAMS 0x0000000081100000, 0x0000000081000000| Complete 
|  17|0x0000000081100000, 0x0000000081200000, 0x0000000081200000|100%| O|  |TAMS 0x0000000081200000, 0x0000000081100000| Untracked 
|  18|0x0000000081200000, 0x0000000081300000, 0x0000000081300000|100%| O|  |TAMS 0x0000000081300000, 0x0000000081200000| Untracked 
|  19|0x0000000081300000, 0x0000000081400000, 0x0000000081400000|100%| O|  |TAMS 0x0000000081400000, 0x0000000081300000| Complete 
|  20|0x0000000081400000, 0x0000000081500000, 0x0000000081500000|100%| O|  |TAMS 0x0000000081500000, 0x0000000081400000| Complete 
|  21|0x0000000081500000, 0x0000000081600000, 0x0000000081600000|100%| O|  |TAMS 0x0000000081600000, 0x0000000081500000| Untracked 
|  22|0x0000000081600000, 0x0000000081700000, 0x0000000081700000|100%| O|  |TAMS 0x0000000081700000, 0x0000000081600000| Untracked 
|  23|0x0000000081700000, 0x0000000081800000, 0x0000000081800000|100%| O|  |TAMS 0x0000000081800000, 0x0000000081700000| Untracked 
|  24|0x0000000081800000, 0x0000000081900000, 0x0000000081900000|100%| O|  |TAMS 0x0000000081900000, 0x0000000081800000| Untracked 
|  25|0x0000000081900000, 0x0000000081a00000, 0x0000000081a00000|100%| O|  |TAMS 0x0000000081a00000, 0x0000000081900000| Untracked 
|  26|0x0000000081a00000, 0x0000000081b00000, 0x0000000081b00000|100%| O|  |TAMS 0x0000000081b00000, 0x0000000081a00000| Untracked 
|  27|0x0000000081b00000, 0x0000000081c00000, 0x0000000081c00000|100%| O|  |TAMS 0x0000000081c00000, 0x0000000081b00000| Untracked 
|  28|0x0000000081c00000, 0x0000000081d00000, 0x0000000081d00000|100%|HS|  |TAMS 0x0000000081d00000, 0x0000000081c00000| Complete 
|  29|0x0000000081d00000, 0x0000000081e00000, 0x0000000081e00000|100%|HS|  |TAMS 0x0000000081e00000, 0x0000000081d00000| Complete 
|  30|0x0000000081e00000, 0x0000000081f00000, 0x0000000081f00000|100%|HC|  |TAMS 0x0000000081f00000, 0x0000000081e00000| Complete 
|  31|0x0000000081f00000, 0x0000000082000000, 0x0000000082000000|100%| O|  |TAMS 0x0000000082000000, 0x0000000081f00000| Untracked 
|  32|0x0000000082000000, 0x0000000082100000, 0x0000000082100000|100%| O|  |TAMS 0x0000000082100000, 0x0000000082000000| Untracked 
|  33|0x0000000082100000, 0x0000000082200000, 0x0000000082200000|100%| O|  |TAMS 0x0000000082200000, 0x0000000082100000| Untracked 
|  34|0x0000000082200000, 0x0000000082300000, 0x0000000082300000|100%| O|  |TAMS 0x0000000082300000, 0x0000000082200000| Complete 
|  35|0x0000000082300000, 0x0000000082400000, 0x0000000082400000|100%| O|  |TAMS 0x0000000082400000, 0x0000000082300000| Untracked 
|  36|0x0000000082400000, 0x0000000082500000, 0x0000000082500000|100%| O|  |TAMS 0x0000000082500000, 0x0000000082400000| Untracked 
|  37|0x0000000082500000, 0x0000000082600000, 0x0000000082600000|100%| O|  |TAMS 0x0000000082600000, 0x0000000082500000| Untracked 
|  38|0x0000000082600000, 0x0000000082700000, 0x0000000082700000|100%| O|  |TAMS 0x0000000082700000, 0x0000000082600000| Untracked 
|  39|0x0000000082700000, 0x0000000082800000, 0x0000000082800000|100%| O|  |TAMS 0x0000000082800000, 0x0000000082700000| Complete 
|  40|0x0000000082800000, 0x0000000082900000, 0x0000000082900000|100%| O|  |TAMS 0x0000000082900000, 0x0000000082800000| Untracked 
|  41|0x0000000082900000, 0x0000000082a00000, 0x0000000082a00000|100%| O|  |TAMS 0x0000000082a00000, 0x0000000082900000| Untracked 
|  42|0x0000000082a00000, 0x0000000082b00000, 0x0000000082b00000|100%| O|  |TAMS 0x0000000082b00000, 0x0000000082a00000| Complete 
|  43|0x0000000082b00000, 0x0000000082c00000, 0x0000000082c00000|100%| O|  |TAMS 0x0000000082c00000, 0x0000000082b00000| Untracked 
|  44|0x0000000082c00000, 0x0000000082d00000, 0x0000000082d00000|100%| O|  |TAMS 0x0000000082d00000, 0x0000000082c00000| Untracked 
|  45|0x0000000082d00000, 0x0000000082e00000, 0x0000000082e00000|100%| O|  |TAMS 0x0000000082e00000, 0x0000000082d00000| Untracked 
|  46|0x0000000082e00000, 0x0000000082f00000, 0x0000000082f00000|100%| O|  |TAMS 0x0000000082f00000, 0x0000000082e00000| Untracked 
|  47|0x0000000082f00000, 0x0000000083000000, 0x0000000083000000|100%| O|  |TAMS 0x0000000083000000, 0x0000000082f00000| Untracked 
|  48|0x0000000083000000, 0x0000000083100000, 0x0000000083100000|100%| O|  |TAMS 0x0000000083100000, 0x0000000083000000| Untracked 
|  49|0x0000000083100000, 0x0000000083200000, 0x0000000083200000|100%| O|  |TAMS 0x0000000083200000, 0x0000000083100000| Complete 
|  50|0x0000000083200000, 0x0000000083300000, 0x0000000083300000|100%| O|  |TAMS 0x0000000083300000, 0x0000000083200000| Untracked 
|  51|0x0000000083300000, 0x0000000083400000, 0x0000000083400000|100%| O|  |TAMS 0x0000000083400000, 0x0000000083300000| Untracked 
|  52|0x0000000083400000, 0x0000000083500000, 0x0000000083500000|100%| O|  |TAMS 0x0000000083500000, 0x0000000083400000| Untracked 
|  53|0x0000000083500000, 0x0000000083600000, 0x0000000083600000|100%| O|  |TAMS 0x0000000083600000, 0x0000000083500000| Complete 
|  54|0x0000000083600000, 0x0000000083700000, 0x0000000083700000|100%| O|  |TAMS 0x0000000083700000, 0x0000000083600000| Untracked 
|  55|0x0000000083700000, 0x0000000083800000, 0x0000000083800000|100%| O|  |TAMS 0x0000000083800000, 0x0000000083700000| Untracked 
|  56|0x0000000083800000, 0x0000000083900000, 0x0000000083900000|100%| O|  |TAMS 0x0000000083900000, 0x0000000083800000| Complete 
|  57|0x0000000083900000, 0x0000000083a00000, 0x0000000083a00000|100%| O|  |TAMS 0x0000000083a00000, 0x0000000083900000| Complete 
|  58|0x0000000083a00000, 0x0000000083b00000, 0x0000000083b00000|100%| O|  |TAMS 0x0000000083b00000, 0x0000000083a00000| Untracked 
|  59|0x0000000083b00000, 0x0000000083c00000, 0x0000000083c00000|100%| O|  |TAMS 0x0000000083c00000, 0x0000000083b00000| Untracked 
|  60|0x0000000083c00000, 0x0000000083d00000, 0x0000000083d00000|100%| O|  |TAMS 0x0000000083d00000, 0x0000000083c00000| Complete 
|  61|0x0000000083d00000, 0x0000000083e00000, 0x0000000083e00000|100%| O|  |TAMS 0x0000000083e00000, 0x0000000083d00000| Untracked 
|  62|0x0000000083e00000, 0x0000000083f00000, 0x0000000083f00000|100%| O|  |TAMS 0x0000000083f00000, 0x0000000083e00000| Untracked 
|  63|0x0000000083f00000, 0x0000000084000000, 0x0000000084000000|100%| O|  |TAMS 0x0000000084000000, 0x0000000083f00000| Complete 
|  64|0x0000000084000000, 0x0000000084100000, 0x0000000084100000|100%| O|  |TAMS 0x0000000084100000, 0x0000000084000000| Untracked 
|  65|0x0000000084100000, 0x0000000084200000, 0x0000000084200000|100%| O|  |TAMS 0x0000000084200000, 0x0000000084100000| Complete 
|  66|0x0000000084200000, 0x0000000084300000, 0x0000000084300000|100%| O|  |TAMS 0x0000000084300000, 0x0000000084200000| Complete 
|  67|0x0000000084300000, 0x0000000084400000, 0x0000000084400000|100%| O|  |TAMS 0x0000000084400000, 0x0000000084300000| Complete 
|  68|0x0000000084400000, 0x0000000084500000, 0x0000000084500000|100%| O|  |TAMS 0x0000000084500000, 0x0000000084400000| Untracked 
|  69|0x0000000084500000, 0x0000000084600000, 0x0000000084600000|100%| O|  |TAMS 0x0000000084600000, 0x0000000084500000| Untracked 
|  70|0x0000000084600000, 0x0000000084700000, 0x0000000084700000|100%| O|  |TAMS 0x0000000084700000, 0x0000000084600000| Untracked 
|  71|0x0000000084700000, 0x0000000084800000, 0x0000000084800000|100%| O|  |TAMS 0x0000000084800000, 0x0000000084700000| Complete 
|  72|0x0000000084800000, 0x0000000084900000, 0x0000000084900000|100%| O|  |TAMS 0x0000000084900000, 0x0000000084800000| Untracked 
|  73|0x0000000084900000, 0x0000000084a00000, 0x0000000084a00000|100%| O|  |TAMS 0x0000000084a00000, 0x0000000084900000| Complete 
|  74|0x0000000084a00000, 0x0000000084b00000, 0x0000000084b00000|100%| O|  |TAMS 0x0000000084b00000, 0x0000000084a00000| Complete 
|  75|0x0000000084b00000, 0x0000000084c00000, 0x0000000084c00000|100%| O|  |TAMS 0x0000000084c00000, 0x0000000084b00000| Complete 
|  76|0x0000000084c00000, 0x0000000084d00000, 0x0000000084d00000|100%| O|  |TAMS 0x0000000084d00000, 0x0000000084c00000| Untracked 
|  77|0x0000000084d00000, 0x0000000084e00000, 0x0000000084e00000|100%| O|  |TAMS 0x0000000084e00000, 0x0000000084d00000| Complete 
|  78|0x0000000084e00000, 0x0000000084f00000, 0x0000000084f00000|100%| O|  |TAMS 0x0000000084f00000, 0x0000000084e00000| Untracked 
|  79|0x0000000084f00000, 0x0000000084f00000, 0x0000000085000000|  0%| F|  |TAMS 0x0000000084f00000, 0x0000000084f00000| Untracked 
|  80|0x0000000085000000, 0x0000000085100000, 0x0000000085100000|100%|HS|  |TAMS 0x0000000085100000, 0x0000000085000000| Complete 
|  81|0x0000000085100000, 0x0000000085200000, 0x0000000085200000|100%|HC|  |TAMS 0x0000000085200000, 0x0000000085100000| Complete 
|  82|0x0000000085200000, 0x0000000085300000, 0x0000000085300000|100%| O|  |TAMS 0x0000000085300000, 0x0000000085200000| Untracked 
|  83|0x0000000085300000, 0x0000000085400000, 0x0000000085400000|100%| O|  |TAMS 0x0000000085400000, 0x0000000085300000| Complete 
|  84|0x0000000085400000, 0x0000000085500000, 0x0000000085500000|100%|HS|  |TAMS 0x0000000085500000, 0x0000000085400000| Complete 
|  85|0x0000000085500000, 0x0000000085600000, 0x0000000085600000|100%|HS|  |TAMS 0x0000000085600000, 0x0000000085500000| Complete 
|  86|0x0000000085600000, 0x0000000085700000, 0x0000000085700000|100%|HS|  |TAMS 0x0000000085700000, 0x0000000085600000| Complete 
|  87|0x0000000085700000, 0x0000000085800000, 0x0000000085800000|100%|HC|  |TAMS 0x0000000085800000, 0x0000000085700000| Complete 
|  88|0x0000000085800000, 0x0000000085900000, 0x0000000085900000|100%|HS|  |TAMS 0x0000000085900000, 0x0000000085800000| Complete 
|  89|0x0000000085900000, 0x0000000085a00000, 0x0000000085a00000|100%|HC|  |TAMS 0x0000000085a00000, 0x0000000085900000| Complete 
|  90|0x0000000085a00000, 0x0000000085b00000, 0x0000000085b00000|100%|HS|  |TAMS 0x0000000085b00000, 0x0000000085a00000| Complete 
|  91|0x0000000085b00000, 0x0000000085c00000, 0x0000000085c00000|100%|HC|  |TAMS 0x0000000085c00000, 0x0000000085b00000| Complete 
|  92|0x0000000085c00000, 0x0000000085d00000, 0x0000000085d00000|100%|HC|  |TAMS 0x0000000085d00000, 0x0000000085c00000| Complete 
|  93|0x0000000085d00000, 0x0000000085e00000, 0x0000000085e00000|100%| O|  |TAMS 0x0000000085e00000, 0x0000000085d00000| Complete 
|  94|0x0000000085e00000, 0x0000000085f00000, 0x0000000085f00000|100%| O|  |TAMS 0x0000000085f00000, 0x0000000085e00000| Complete 
|  95|0x0000000085f00000, 0x0000000086000000, 0x0000000086000000|100%| O|  |TAMS 0x0000000086000000, 0x0000000085f00000| Complete 
|  96|0x0000000086000000, 0x0000000086100000, 0x0000000086100000|100%| O|  |TAMS 0x0000000086100000, 0x0000000086000000| Untracked 
|  97|0x0000000086100000, 0x0000000086200000, 0x0000000086200000|100%| O|  |TAMS 0x0000000086200000, 0x0000000086100000| Complete 
|  98|0x0000000086200000, 0x0000000086300000, 0x0000000086300000|100%| O|  |TAMS 0x0000000086300000, 0x0000000086200000| Untracked 
|  99|0x0000000086300000, 0x0000000086400000, 0x0000000086400000|100%| O|  |TAMS 0x0000000086400000, 0x0000000086300000| Complete 
| 100|0x0000000086400000, 0x0000000086500000, 0x0000000086500000|100%| O|  |TAMS 0x0000000086500000, 0x0000000086400000| Untracked 
| 101|0x0000000086500000, 0x0000000086600000, 0x0000000086600000|100%| O|  |TAMS 0x0000000086600000, 0x0000000086500000| Complete 
| 102|0x0000000086600000, 0x0000000086700000, 0x0000000086700000|100%| O|  |TAMS 0x0000000086700000, 0x0000000086600000| Complete 
| 103|0x0000000086700000, 0x0000000086800000, 0x0000000086800000|100%| O|  |TAMS 0x0000000086700000, 0x0000000086700000| Untracked 
| 104|0x0000000086800000, 0x0000000086900000, 0x0000000086900000|100%| O|  |TAMS 0x0000000086800000, 0x0000000086800000| Untracked 
| 105|0x0000000086900000, 0x0000000086a00000, 0x0000000086a00000|100%| O|  |TAMS 0x0000000086900000, 0x0000000086900000| Untracked 
| 106|0x0000000086a00000, 0x0000000086b00000, 0x0000000086b00000|100%| O|  |TAMS 0x0000000086b00000, 0x0000000086a00000| Complete 
| 107|0x0000000086b00000, 0x0000000086c00000, 0x0000000086c00000|100%| O|  |TAMS 0x0000000086b00000, 0x0000000086b00000| Untracked 
| 108|0x0000000086c00000, 0x0000000086d00000, 0x0000000086d00000|100%| O|  |TAMS 0x0000000086d00000, 0x0000000086c00000| Complete 
| 109|0x0000000086d00000, 0x0000000086d00000, 0x0000000086e00000|  0%| F|  |TAMS 0x0000000086d00000, 0x0000000086d00000| Untracked 
| 110|0x0000000086e00000, 0x0000000086f00000, 0x0000000086f00000|100%| O|  |TAMS 0x0000000086e00000, 0x0000000086e00000| Untracked 
| 111|0x0000000086f00000, 0x0000000087000000, 0x0000000087000000|100%| O|  |TAMS 0x0000000086f00000, 0x0000000086f00000| Untracked 
| 112|0x0000000087000000, 0x0000000087100000, 0x0000000087100000|100%| O|  |TAMS 0x0000000087100000, 0x0000000087000000| Complete 
| 113|0x0000000087100000, 0x0000000087200000, 0x0000000087200000|100%| O|  |TAMS 0x0000000087200000, 0x0000000087100000| Complete 
| 114|0x0000000087200000, 0x0000000087300000, 0x0000000087300000|100%| O|  |TAMS 0x0000000087200000, 0x0000000087200000| Untracked 
| 115|0x0000000087300000, 0x0000000087400000, 0x0000000087400000|100%| O|  |TAMS 0x0000000087300000, 0x0000000087300000| Untracked 
| 116|0x0000000087400000, 0x0000000087500000, 0x0000000087500000|100%| O|  |TAMS 0x0000000087500000, 0x0000000087400000| Complete 
| 117|0x0000000087500000, 0x0000000087600000, 0x0000000087600000|100%| O|  |TAMS 0x0000000087600000, 0x0000000087500000| Complete 
| 118|0x0000000087600000, 0x0000000087700000, 0x0000000087700000|100%| O|  |TAMS 0x0000000087700000, 0x0000000087600000| Complete 
| 119|0x0000000087700000, 0x0000000087800000, 0x0000000087800000|100%| O|  |TAMS 0x0000000087800000, 0x0000000087700000| Complete 
| 120|0x0000000087800000, 0x0000000087900000, 0x0000000087900000|100%|HS|  |TAMS 0x0000000087900000, 0x0000000087800000| Complete 
| 121|0x0000000087900000, 0x0000000087a00000, 0x0000000087a00000|100%|HS|  |TAMS 0x0000000087a00000, 0x0000000087900000| Complete 
| 122|0x0000000087a00000, 0x0000000087b00000, 0x0000000087b00000|100%| O|  |TAMS 0x0000000087b00000, 0x0000000087a00000| Untracked 
| 123|0x0000000087b00000, 0x0000000087c00000, 0x0000000087c00000|100%| O|  |TAMS 0x0000000087c00000, 0x0000000087b00000| Untracked 
| 124|0x0000000087c00000, 0x0000000087d00000, 0x0000000087d00000|100%| O|  |TAMS 0x0000000087d00000, 0x0000000087c00000| Complete 
| 125|0x0000000087d00000, 0x0000000087e00000, 0x0000000087e00000|100%| O|  |TAMS 0x0000000087e00000, 0x0000000087d00000| Untracked 
| 126|0x0000000087e00000, 0x0000000087f00000, 0x0000000087f00000|100%| O|  |TAMS 0x0000000087f00000, 0x0000000087e00000| Complete 
| 127|0x0000000087f00000, 0x0000000088000000, 0x0000000088000000|100%| O|  |TAMS 0x0000000088000000, 0x0000000087f00000| Untracked 
| 128|0x0000000088000000, 0x0000000088100000, 0x0000000088100000|100%|HS|  |TAMS 0x0000000088000000, 0x0000000088000000| Complete 
| 129|0x0000000088100000, 0x0000000088200000, 0x0000000088200000|100%|HS|  |TAMS 0x0000000088100000, 0x0000000088100000| Complete 
| 130|0x0000000088200000, 0x0000000088300000, 0x0000000088300000|100%| O|  |TAMS 0x0000000088200000, 0x0000000088200000| Untracked 
| 131|0x0000000088300000, 0x0000000088300000, 0x0000000088400000|  0%| F|  |TAMS 0x0000000088300000, 0x0000000088300000| Untracked 
| 132|0x0000000088400000, 0x0000000088500000, 0x0000000088500000|100%| O|  |TAMS 0x0000000088500000, 0x0000000088400000| Untracked 
| 133|0x0000000088500000, 0x0000000088600000, 0x0000000088600000|100%| O|  |TAMS 0x0000000088600000, 0x0000000088500000| Complete 
| 134|0x0000000088600000, 0x0000000088700000, 0x0000000088700000|100%| O|  |TAMS 0x0000000088700000, 0x0000000088600000| Complete 
| 135|0x0000000088700000, 0x0000000088800000, 0x0000000088800000|100%| O|  |TAMS 0x0000000088800000, 0x0000000088700000| Untracked 
| 136|0x0000000088800000, 0x0000000088900000, 0x0000000088900000|100%| O|  |TAMS 0x0000000088900000, 0x0000000088800000| Complete 
| 137|0x0000000088900000, 0x0000000088a00000, 0x0000000088a00000|100%| O|  |TAMS 0x0000000088a00000, 0x0000000088900000| Complete 
| 138|0x0000000088a00000, 0x0000000088b00000, 0x0000000088b00000|100%| O|  |TAMS 0x0000000088b00000, 0x0000000088a00000| Untracked 
| 139|0x0000000088b00000, 0x0000000088c00000, 0x0000000088c00000|100%| O|  |TAMS 0x0000000088c00000, 0x0000000088b00000| Untracked 
| 140|0x0000000088c00000, 0x0000000088d00000, 0x0000000088d00000|100%| O|  |TAMS 0x0000000088d00000, 0x0000000088c00000| Untracked 
| 141|0x0000000088d00000, 0x0000000088e00000, 0x0000000088e00000|100%| O|  |TAMS 0x0000000088e00000, 0x0000000088d00000| Untracked 
| 142|0x0000000088e00000, 0x0000000088f00000, 0x0000000088f00000|100%| O|  |TAMS 0x0000000088f00000, 0x0000000088e00000| Untracked 
| 143|0x0000000088f00000, 0x0000000089000000, 0x0000000089000000|100%| O|  |TAMS 0x0000000089000000, 0x0000000088f00000| Untracked 
| 144|0x0000000089000000, 0x0000000089100000, 0x0000000089100000|100%| O|  |TAMS 0x0000000089100000, 0x0000000089000000| Untracked 
| 145|0x0000000089100000, 0x0000000089200000, 0x0000000089200000|100%| O|  |TAMS 0x0000000089200000, 0x0000000089100000| Complete 
| 146|0x0000000089200000, 0x0000000089300000, 0x0000000089300000|100%| O|  |TAMS 0x0000000089300000, 0x0000000089200000| Complete 
| 147|0x0000000089300000, 0x0000000089400000, 0x0000000089400000|100%| O|  |TAMS 0x0000000089400000, 0x0000000089300000| Complete 
| 148|0x0000000089400000, 0x0000000089500000, 0x0000000089500000|100%| O|  |TAMS 0x0000000089500000, 0x0000000089400000| Untracked 
| 149|0x0000000089500000, 0x0000000089600000, 0x0000000089600000|100%| O|  |TAMS 0x0000000089600000, 0x0000000089500000| Untracked 
| 150|0x0000000089600000, 0x0000000089700000, 0x0000000089700000|100%| O|  |TAMS 0x0000000089700000, 0x0000000089600000| Untracked 
| 151|0x0000000089700000, 0x0000000089800000, 0x0000000089800000|100%| O|  |TAMS 0x0000000089800000, 0x0000000089700000| Untracked 
| 152|0x0000000089800000, 0x0000000089900000, 0x0000000089900000|100%| O|  |TAMS 0x0000000089900000, 0x0000000089800000| Untracked 
| 153|0x0000000089900000, 0x0000000089a00000, 0x0000000089a00000|100%| O|  |TAMS 0x0000000089a00000, 0x0000000089900000| Complete 
| 154|0x0000000089a00000, 0x0000000089b00000, 0x0000000089b00000|100%| O|  |TAMS 0x0000000089b00000, 0x0000000089a00000| Complete 
| 155|0x0000000089b00000, 0x0000000089c00000, 0x0000000089c00000|100%| O|  |TAMS 0x0000000089c00000, 0x0000000089b00000| Untracked 
| 156|0x0000000089c00000, 0x0000000089d00000, 0x0000000089d00000|100%| O|  |TAMS 0x0000000089d00000, 0x0000000089c00000| Untracked 
| 157|0x0000000089d00000, 0x0000000089e00000, 0x0000000089e00000|100%| O|  |TAMS 0x0000000089e00000, 0x0000000089d00000| Untracked 
| 158|0x0000000089e00000, 0x0000000089f00000, 0x0000000089f00000|100%| O|  |TAMS 0x0000000089f00000, 0x0000000089e00000| Untracked 
| 159|0x0000000089f00000, 0x000000008a000000, 0x000000008a000000|100%| O|  |TAMS 0x000000008a000000, 0x0000000089f00000| Untracked 
| 160|0x000000008a000000, 0x000000008a100000, 0x000000008a100000|100%| O|  |TAMS 0x000000008a100000, 0x000000008a000000| Untracked 
| 161|0x000000008a100000, 0x000000008a200000, 0x000000008a200000|100%| O|  |TAMS 0x000000008a200000, 0x000000008a100000| Untracked 
| 162|0x000000008a200000, 0x000000008a300000, 0x000000008a300000|100%| O|  |TAMS 0x000000008a300000, 0x000000008a200000| Untracked 
| 163|0x000000008a300000, 0x000000008a400000, 0x000000008a400000|100%| O|  |TAMS 0x000000008a400000, 0x000000008a300000| Untracked 
| 164|0x000000008a400000, 0x000000008a500000, 0x000000008a500000|100%| O|  |TAMS 0x000000008a500000, 0x000000008a400000| Untracked 
| 165|0x000000008a500000, 0x000000008a600000, 0x000000008a600000|100%| O|  |TAMS 0x000000008a600000, 0x000000008a500000| Untracked 
| 166|0x000000008a600000, 0x000000008a700000, 0x000000008a700000|100%| O|  |TAMS 0x000000008a700000, 0x000000008a600000| Untracked 
| 167|0x000000008a700000, 0x000000008a800000, 0x000000008a800000|100%| O|  |TAMS 0x000000008a800000, 0x000000008a700000| Untracked 
| 168|0x000000008a800000, 0x000000008a900000, 0x000000008a900000|100%| O|  |TAMS 0x000000008a900000, 0x000000008a800000| Untracked 
| 169|0x000000008a900000, 0x000000008aa00000, 0x000000008aa00000|100%| O|  |TAMS 0x000000008aa00000, 0x000000008a900000| Complete 
| 170|0x000000008aa00000, 0x000000008ab00000, 0x000000008ab00000|100%| O|  |TAMS 0x000000008ab00000, 0x000000008aa00000| Complete 
| 171|0x000000008ab00000, 0x000000008ac00000, 0x000000008ac00000|100%| O|  |TAMS 0x000000008ab80000, 0x000000008ab00000| Untracked 
| 172|0x000000008ac00000, 0x000000008ad00000, 0x000000008ad00000|100%| O|  |TAMS 0x000000008ac00000, 0x000000008ac00000| Untracked 
| 173|0x000000008ad00000, 0x000000008ae00000, 0x000000008ae00000|100%| O|  |TAMS 0x000000008ad00000, 0x000000008ad00000| Untracked 
| 174|0x000000008ae00000, 0x000000008af00000, 0x000000008af00000|100%| O|  |TAMS 0x000000008ae00000, 0x000000008ae00000| Untracked 
| 175|0x000000008af00000, 0x000000008afec200, 0x000000008b000000| 92%| O|  |TAMS 0x000000008af00000, 0x000000008af00000| Untracked 
| 176|0x000000008b000000, 0x000000008b000000, 0x000000008b100000|  0%| F|  |TAMS 0x000000008b000000, 0x000000008b000000| Untracked 
| 177|0x000000008b100000, 0x000000008b100000, 0x000000008b200000|  0%| F|  |TAMS 0x000000008b100000, 0x000000008b100000| Untracked 
| 178|0x000000008b200000, 0x000000008b200000, 0x000000008b300000|  0%| F|  |TAMS 0x000000008b200000, 0x000000008b200000| Untracked 
| 179|0x000000008b300000, 0x000000008b300000, 0x000000008b400000|  0%| F|  |TAMS 0x000000008b300000, 0x000000008b300000| Untracked 
| 180|0x000000008b400000, 0x000000008b400000, 0x000000008b500000|  0%| F|  |TAMS 0x000000008b400000, 0x000000008b400000| Untracked 
| 181|0x000000008b500000, 0x000000008b500000, 0x000000008b600000|  0%| F|  |TAMS 0x000000008b500000, 0x000000008b500000| Untracked 
| 182|0x000000008b600000, 0x000000008b600000, 0x000000008b700000|  0%| F|  |TAMS 0x000000008b600000, 0x000000008b600000| Untracked 
| 183|0x000000008b700000, 0x000000008b700000, 0x000000008b800000|  0%| F|  |TAMS 0x000000008b700000, 0x000000008b700000| Untracked 
| 184|0x000000008b800000, 0x000000008b800000, 0x000000008b900000|  0%| F|  |TAMS 0x000000008b800000, 0x000000008b800000| Untracked 
| 185|0x000000008b900000, 0x000000008b900000, 0x000000008ba00000|  0%| F|  |TAMS 0x000000008b900000, 0x000000008b900000| Untracked 
| 186|0x000000008ba00000, 0x000000008ba00000, 0x000000008bb00000|  0%| F|  |TAMS 0x000000008ba00000, 0x000000008ba00000| Untracked 
| 187|0x000000008bb00000, 0x000000008bb00000, 0x000000008bc00000|  0%| F|  |TAMS 0x000000008bb00000, 0x000000008bb00000| Untracked 
| 188|0x000000008bc00000, 0x000000008bc00000, 0x000000008bd00000|  0%| F|  |TAMS 0x000000008bc00000, 0x000000008bc00000| Untracked 
| 189|0x000000008bd00000, 0x000000008bd00000, 0x000000008be00000|  0%| F|  |TAMS 0x000000008bd00000, 0x000000008bd00000| Untracked 
| 190|0x000000008be00000, 0x000000008be00000, 0x000000008bf00000|  0%| F|  |TAMS 0x000000008be00000, 0x000000008be00000| Untracked 
| 191|0x000000008bf00000, 0x000000008bf00000, 0x000000008c000000|  0%| F|  |TAMS 0x000000008bf00000, 0x000000008bf00000| Untracked 
| 192|0x000000008c000000, 0x000000008c000000, 0x000000008c100000|  0%| F|  |TAMS 0x000000008c000000, 0x000000008c000000| Untracked 
| 193|0x000000008c100000, 0x000000008c100000, 0x000000008c200000|  0%| F|  |TAMS 0x000000008c100000, 0x000000008c100000| Untracked 
| 194|0x000000008c200000, 0x000000008c200000, 0x000000008c300000|  0%| F|  |TAMS 0x000000008c200000, 0x000000008c200000| Untracked 
| 195|0x000000008c300000, 0x000000008c300000, 0x000000008c400000|  0%| F|  |TAMS 0x000000008c300000, 0x000000008c300000| Untracked 
| 196|0x000000008c400000, 0x000000008c400000, 0x000000008c500000|  0%| F|  |TAMS 0x000000008c400000, 0x000000008c400000| Untracked 
| 197|0x000000008c500000, 0x000000008c500000, 0x000000008c600000|  0%| F|  |TAMS 0x000000008c500000, 0x000000008c500000| Untracked 
| 198|0x000000008c600000, 0x000000008c600000, 0x000000008c700000|  0%| F|  |TAMS 0x000000008c600000, 0x000000008c600000| Untracked 
| 199|0x000000008c700000, 0x000000008c700000, 0x000000008c800000|  0%| F|  |TAMS 0x000000008c700000, 0x000000008c700000| Untracked 
| 200|0x000000008c800000, 0x000000008c800000, 0x000000008c900000|  0%| F|  |TAMS 0x000000008c800000, 0x000000008c800000| Untracked 
| 201|0x000000008c900000, 0x000000008c900000, 0x000000008ca00000|  0%| F|  |TAMS 0x000000008c900000, 0x000000008c900000| Untracked 
| 202|0x000000008ca00000, 0x000000008ca00000, 0x000000008cb00000|  0%| F|  |TAMS 0x000000008ca00000, 0x000000008ca00000| Untracked 
| 203|0x000000008cb00000, 0x000000008cb00000, 0x000000008cc00000|  0%| F|  |TAMS 0x000000008cb00000, 0x000000008cb00000| Untracked 
| 204|0x000000008cc00000, 0x000000008cc00000, 0x000000008cd00000|  0%| F|  |TAMS 0x000000008cc00000, 0x000000008cc00000| Untracked 
| 205|0x000000008cd00000, 0x000000008cd00000, 0x000000008ce00000|  0%| F|  |TAMS 0x000000008cd00000, 0x000000008cd00000| Untracked 
| 206|0x000000008ce00000, 0x000000008ce00000, 0x000000008cf00000|  0%| F|  |TAMS 0x000000008ce00000, 0x000000008ce00000| Untracked 
| 207|0x000000008cf00000, 0x000000008cf00000, 0x000000008d000000|  0%| F|  |TAMS 0x000000008cf00000, 0x000000008cf00000| Untracked 
| 208|0x000000008d000000, 0x000000008d000000, 0x000000008d100000|  0%| F|  |TAMS 0x000000008d000000, 0x000000008d000000| Untracked 
| 209|0x000000008d100000, 0x000000008d100000, 0x000000008d200000|  0%| F|  |TAMS 0x000000008d100000, 0x000000008d100000| Untracked 
| 210|0x000000008d200000, 0x000000008d200000, 0x000000008d300000|  0%| F|  |TAMS 0x000000008d200000, 0x000000008d200000| Untracked 
| 211|0x000000008d300000, 0x000000008d300000, 0x000000008d400000|  0%| F|  |TAMS 0x000000008d300000, 0x000000008d300000| Untracked 
| 212|0x000000008d400000, 0x000000008d400000, 0x000000008d500000|  0%| F|  |TAMS 0x000000008d400000, 0x000000008d400000| Untracked 
| 213|0x000000008d500000, 0x000000008d500000, 0x000000008d600000|  0%| F|  |TAMS 0x000000008d500000, 0x000000008d500000| Untracked 
| 214|0x000000008d600000, 0x000000008d600000, 0x000000008d700000|  0%| F|  |TAMS 0x000000008d600000, 0x000000008d600000| Untracked 
| 215|0x000000008d700000, 0x000000008d700000, 0x000000008d800000|  0%| F|  |TAMS 0x000000008d700000, 0x000000008d700000| Untracked 
| 216|0x000000008d800000, 0x000000008d800000, 0x000000008d900000|  0%| F|  |TAMS 0x000000008d800000, 0x000000008d800000| Untracked 
| 217|0x000000008d900000, 0x000000008d900000, 0x000000008da00000|  0%| F|  |TAMS 0x000000008d900000, 0x000000008d900000| Untracked 
| 218|0x000000008da00000, 0x000000008da00000, 0x000000008db00000|  0%| F|  |TAMS 0x000000008da00000, 0x000000008da00000| Untracked 
| 219|0x000000008db00000, 0x000000008db00000, 0x000000008dc00000|  0%| F|  |TAMS 0x000000008db00000, 0x000000008db00000| Untracked 
| 220|0x000000008dc00000, 0x000000008dc00000, 0x000000008dd00000|  0%| F|  |TAMS 0x000000008dc00000, 0x000000008dc00000| Untracked 
| 221|0x000000008dd00000, 0x000000008dd00000, 0x000000008de00000|  0%| F|  |TAMS 0x000000008dd00000, 0x000000008dd00000| Untracked 
| 222|0x000000008de00000, 0x000000008de00000, 0x000000008df00000|  0%| F|  |TAMS 0x000000008de00000, 0x000000008de00000| Untracked 
| 223|0x000000008df00000, 0x000000008df00000, 0x000000008e000000|  0%| F|  |TAMS 0x000000008df00000, 0x000000008df00000| Untracked 
| 224|0x000000008e000000, 0x000000008e000000, 0x000000008e100000|  0%| F|  |TAMS 0x000000008e000000, 0x000000008e000000| Untracked 
| 225|0x000000008e100000, 0x000000008e100000, 0x000000008e200000|  0%| F|  |TAMS 0x000000008e100000, 0x000000008e100000| Untracked 
| 226|0x000000008e200000, 0x000000008e200000, 0x000000008e300000|  0%| F|  |TAMS 0x000000008e200000, 0x000000008e200000| Untracked 
| 227|0x000000008e300000, 0x000000008e300000, 0x000000008e400000|  0%| F|  |TAMS 0x000000008e300000, 0x000000008e300000| Untracked 
| 228|0x000000008e400000, 0x000000008e400000, 0x000000008e500000|  0%| F|  |TAMS 0x000000008e400000, 0x000000008e400000| Untracked 
| 229|0x000000008e500000, 0x000000008e500000, 0x000000008e600000|  0%| F|  |TAMS 0x000000008e500000, 0x000000008e500000| Untracked 
| 230|0x000000008e600000, 0x000000008e600000, 0x000000008e700000|  0%| F|  |TAMS 0x000000008e600000, 0x000000008e600000| Untracked 
| 231|0x000000008e700000, 0x000000008e700000, 0x000000008e800000|  0%| F|  |TAMS 0x000000008e700000, 0x000000008e700000| Untracked 
| 232|0x000000008e800000, 0x000000008e800000, 0x000000008e900000|  0%| F|  |TAMS 0x000000008e800000, 0x000000008e800000| Untracked 
| 233|0x000000008e900000, 0x000000008e900000, 0x000000008ea00000|  0%| F|  |TAMS 0x000000008e900000, 0x000000008e900000| Untracked 
| 234|0x000000008ea00000, 0x000000008ea00000, 0x000000008eb00000|  0%| F|  |TAMS 0x000000008ea00000, 0x000000008ea00000| Untracked 
| 235|0x000000008eb00000, 0x000000008eb00000, 0x000000008ec00000|  0%| F|  |TAMS 0x000000008eb00000, 0x000000008eb00000| Untracked 
| 236|0x000000008ec00000, 0x000000008ec00000, 0x000000008ed00000|  0%| F|  |TAMS 0x000000008ec00000, 0x000000008ec00000| Untracked 
| 237|0x000000008ed00000, 0x000000008ed00000, 0x000000008ee00000|  0%| F|  |TAMS 0x000000008ed00000, 0x000000008ed00000| Untracked 
| 238|0x000000008ee00000, 0x000000008ee00000, 0x000000008ef00000|  0%| F|  |TAMS 0x000000008ee00000, 0x000000008ee00000| Untracked 
| 239|0x000000008ef00000, 0x000000008ef00000, 0x000000008f000000|  0%| F|  |TAMS 0x000000008ef00000, 0x000000008ef00000| Untracked 
| 240|0x000000008f000000, 0x000000008f000000, 0x000000008f100000|  0%| F|  |TAMS 0x000000008f000000, 0x000000008f000000| Untracked 
| 241|0x000000008f100000, 0x000000008f100000, 0x000000008f200000|  0%| F|  |TAMS 0x000000008f100000, 0x000000008f100000| Untracked 
| 242|0x000000008f200000, 0x000000008f200000, 0x000000008f300000|  0%| F|  |TAMS 0x000000008f200000, 0x000000008f200000| Untracked 
| 243|0x000000008f300000, 0x000000008f300000, 0x000000008f400000|  0%| F|  |TAMS 0x000000008f300000, 0x000000008f300000| Untracked 
| 244|0x000000008f400000, 0x000000008f400000, 0x000000008f500000|  0%| F|  |TAMS 0x000000008f400000, 0x000000008f400000| Untracked 
| 245|0x000000008f500000, 0x000000008f500000, 0x000000008f600000|  0%| F|  |TAMS 0x000000008f500000, 0x000000008f500000| Untracked 
| 246|0x000000008f600000, 0x000000008f600000, 0x000000008f700000|  0%| F|  |TAMS 0x000000008f600000, 0x000000008f600000| Untracked 
| 247|0x000000008f700000, 0x000000008f700000, 0x000000008f800000|  0%| F|  |TAMS 0x000000008f700000, 0x000000008f700000| Untracked 
| 248|0x000000008f800000, 0x000000008f800000, 0x000000008f900000|  0%| F|  |TAMS 0x000000008f800000, 0x000000008f800000| Untracked 
| 249|0x000000008f900000, 0x000000008f900000, 0x000000008fa00000|  0%| F|  |TAMS 0x000000008f900000, 0x000000008f900000| Untracked 
| 250|0x000000008fa00000, 0x000000008fa00000, 0x000000008fb00000|  0%| F|  |TAMS 0x000000008fa00000, 0x000000008fa00000| Untracked 
| 251|0x000000008fb00000, 0x000000008fb00000, 0x000000008fc00000|  0%| F|  |TAMS 0x000000008fb00000, 0x000000008fb00000| Untracked 
| 252|0x000000008fc00000, 0x000000008fc00000, 0x000000008fd00000|  0%| F|  |TAMS 0x000000008fc00000, 0x000000008fc00000| Untracked 
| 253|0x000000008fd00000, 0x000000008fd00000, 0x000000008fe00000|  0%| F|  |TAMS 0x000000008fd00000, 0x000000008fd00000| Untracked 
| 254|0x000000008fe00000, 0x000000008fe00000, 0x000000008ff00000|  0%| F|  |TAMS 0x000000008fe00000, 0x000000008fe00000| Untracked 
| 255|0x000000008ff00000, 0x000000008ff00000, 0x0000000090000000|  0%| F|  |TAMS 0x000000008ff00000, 0x000000008ff00000| Untracked 
| 256|0x0000000090000000, 0x0000000090000000, 0x0000000090100000|  0%| F|  |TAMS 0x0000000090000000, 0x0000000090000000| Untracked 
| 257|0x0000000090100000, 0x0000000090100000, 0x0000000090200000|  0%| F|  |TAMS 0x0000000090100000, 0x0000000090100000| Untracked 
| 258|0x0000000090200000, 0x0000000090200000, 0x0000000090300000|  0%| F|  |TAMS 0x0000000090200000, 0x0000000090200000| Untracked 
| 259|0x0000000090300000, 0x0000000090300000, 0x0000000090400000|  0%| F|  |TAMS 0x0000000090300000, 0x0000000090300000| Untracked 
| 260|0x0000000090400000, 0x0000000090400000, 0x0000000090500000|  0%| F|  |TAMS 0x0000000090400000, 0x0000000090400000| Untracked 
| 261|0x0000000090500000, 0x0000000090500000, 0x0000000090600000|  0%| F|  |TAMS 0x0000000090500000, 0x0000000090500000| Untracked 
| 262|0x0000000090600000, 0x0000000090600000, 0x0000000090700000|  0%| F|  |TAMS 0x0000000090600000, 0x0000000090600000| Untracked 
| 263|0x0000000090700000, 0x0000000090700000, 0x0000000090800000|  0%| F|  |TAMS 0x0000000090700000, 0x0000000090700000| Untracked 
| 264|0x0000000090800000, 0x0000000090800000, 0x0000000090900000|  0%| F|  |TAMS 0x0000000090800000, 0x0000000090800000| Untracked 
| 265|0x0000000090900000, 0x0000000090900000, 0x0000000090a00000|  0%| F|  |TAMS 0x0000000090900000, 0x0000000090900000| Untracked 
| 266|0x0000000090a00000, 0x0000000090a00000, 0x0000000090b00000|  0%| F|  |TAMS 0x0000000090a00000, 0x0000000090a00000| Untracked 
| 267|0x0000000090b00000, 0x0000000090b00000, 0x0000000090c00000|  0%| F|  |TAMS 0x0000000090b00000, 0x0000000090b00000| Untracked 
| 268|0x0000000090c00000, 0x0000000090c00000, 0x0000000090d00000|  0%| F|  |TAMS 0x0000000090c00000, 0x0000000090c00000| Untracked 
| 269|0x0000000090d00000, 0x0000000090d00000, 0x0000000090e00000|  0%| F|  |TAMS 0x0000000090d00000, 0x0000000090d00000| Untracked 
| 270|0x0000000090e00000, 0x0000000090e00000, 0x0000000090f00000|  0%| F|  |TAMS 0x0000000090e00000, 0x0000000090e00000| Untracked 
| 271|0x0000000090f00000, 0x0000000090f00000, 0x0000000091000000|  0%| F|  |TAMS 0x0000000090f00000, 0x0000000090f00000| Untracked 
| 272|0x0000000091000000, 0x0000000091000000, 0x0000000091100000|  0%| F|  |TAMS 0x0000000091000000, 0x0000000091000000| Untracked 
| 273|0x0000000091100000, 0x0000000091100000, 0x0000000091200000|  0%| F|  |TAMS 0x0000000091100000, 0x0000000091100000| Untracked 
| 274|0x0000000091200000, 0x0000000091200000, 0x0000000091300000|  0%| F|  |TAMS 0x0000000091200000, 0x0000000091200000| Untracked 
| 275|0x0000000091300000, 0x0000000091300000, 0x0000000091400000|  0%| F|  |TAMS 0x0000000091300000, 0x0000000091300000| Untracked 
| 276|0x0000000091400000, 0x0000000091400000, 0x0000000091500000|  0%| F|  |TAMS 0x0000000091400000, 0x0000000091400000| Untracked 
| 277|0x0000000091500000, 0x0000000091500000, 0x0000000091600000|  0%| F|  |TAMS 0x0000000091500000, 0x0000000091500000| Untracked 
| 278|0x0000000091600000, 0x0000000091600000, 0x0000000091700000|  0%| F|  |TAMS 0x0000000091600000, 0x0000000091600000| Untracked 
| 279|0x0000000091700000, 0x0000000091700000, 0x0000000091800000|  0%| F|  |TAMS 0x0000000091700000, 0x0000000091700000| Untracked 
| 280|0x0000000091800000, 0x0000000091800000, 0x0000000091900000|  0%| F|  |TAMS 0x0000000091800000, 0x0000000091800000| Untracked 
| 281|0x0000000091900000, 0x0000000091900000, 0x0000000091a00000|  0%| F|  |TAMS 0x0000000091900000, 0x0000000091900000| Untracked 
| 282|0x0000000091a00000, 0x0000000091a00000, 0x0000000091b00000|  0%| F|  |TAMS 0x0000000091a00000, 0x0000000091a00000| Untracked 
| 283|0x0000000091b00000, 0x0000000091b00000, 0x0000000091c00000|  0%| F|  |TAMS 0x0000000091b00000, 0x0000000091b00000| Untracked 
| 284|0x0000000091c00000, 0x0000000091c00000, 0x0000000091d00000|  0%| F|  |TAMS 0x0000000091c00000, 0x0000000091c00000| Untracked 
| 285|0x0000000091d00000, 0x0000000091d00000, 0x0000000091e00000|  0%| F|  |TAMS 0x0000000091d00000, 0x0000000091d00000| Untracked 
| 286|0x0000000091e00000, 0x0000000091e00000, 0x0000000091f00000|  0%| F|  |TAMS 0x0000000091e00000, 0x0000000091e00000| Untracked 
| 287|0x0000000091f00000, 0x0000000091f00000, 0x0000000092000000|  0%| F|  |TAMS 0x0000000091f00000, 0x0000000091f00000| Untracked 
| 288|0x0000000092000000, 0x0000000092000000, 0x0000000092100000|  0%| F|  |TAMS 0x0000000092000000, 0x0000000092000000| Untracked 
| 289|0x0000000092100000, 0x0000000092100000, 0x0000000092200000|  0%| F|  |TAMS 0x0000000092100000, 0x0000000092100000| Untracked 
| 290|0x0000000092200000, 0x0000000092200000, 0x0000000092300000|  0%| F|  |TAMS 0x0000000092200000, 0x0000000092200000| Untracked 
| 291|0x0000000092300000, 0x0000000092300000, 0x0000000092400000|  0%| F|  |TAMS 0x0000000092300000, 0x0000000092300000| Untracked 
| 292|0x0000000092400000, 0x0000000092400000, 0x0000000092500000|  0%| F|  |TAMS 0x0000000092400000, 0x0000000092400000| Untracked 
| 293|0x0000000092500000, 0x0000000092500000, 0x0000000092600000|  0%| F|  |TAMS 0x0000000092500000, 0x0000000092500000| Untracked 
| 294|0x0000000092600000, 0x0000000092600000, 0x0000000092700000|  0%| F|  |TAMS 0x0000000092600000, 0x0000000092600000| Untracked 
| 295|0x0000000092700000, 0x0000000092700000, 0x0000000092800000|  0%| F|  |TAMS 0x0000000092700000, 0x0000000092700000| Untracked 
| 296|0x0000000092800000, 0x0000000092800000, 0x0000000092900000|  0%| F|  |TAMS 0x0000000092800000, 0x0000000092800000| Untracked 
| 297|0x0000000092900000, 0x0000000092900000, 0x0000000092a00000|  0%| F|  |TAMS 0x0000000092900000, 0x0000000092900000| Untracked 
| 298|0x0000000092a00000, 0x0000000092a00000, 0x0000000092b00000|  0%| F|  |TAMS 0x0000000092a00000, 0x0000000092a00000| Untracked 
| 299|0x0000000092b00000, 0x0000000092b00000, 0x0000000092c00000|  0%| F|  |TAMS 0x0000000092b00000, 0x0000000092b00000| Untracked 
| 300|0x0000000092c00000, 0x0000000092c00000, 0x0000000092d00000|  0%| F|  |TAMS 0x0000000092c00000, 0x0000000092c00000| Untracked 
| 301|0x0000000092d00000, 0x0000000092d00000, 0x0000000092e00000|  0%| F|  |TAMS 0x0000000092d00000, 0x0000000092d00000| Untracked 
| 302|0x0000000092e00000, 0x0000000092e00000, 0x0000000092f00000|  0%| F|  |TAMS 0x0000000092e00000, 0x0000000092e00000| Untracked 
| 303|0x0000000092f00000, 0x0000000092f00000, 0x0000000093000000|  0%| F|  |TAMS 0x0000000092f00000, 0x0000000092f00000| Untracked 
| 304|0x0000000093000000, 0x0000000093000000, 0x0000000093100000|  0%| F|  |TAMS 0x0000000093000000, 0x0000000093000000| Untracked 
| 305|0x0000000093100000, 0x0000000093100000, 0x0000000093200000|  0%| F|  |TAMS 0x0000000093100000, 0x0000000093100000| Untracked 
| 306|0x0000000093200000, 0x0000000093200000, 0x0000000093300000|  0%| F|  |TAMS 0x0000000093200000, 0x0000000093200000| Untracked 
| 307|0x0000000093300000, 0x0000000093300000, 0x0000000093400000|  0%| F|  |TAMS 0x0000000093300000, 0x0000000093300000| Untracked 
| 308|0x0000000093400000, 0x0000000093400000, 0x0000000093500000|  0%| F|  |TAMS 0x0000000093400000, 0x0000000093400000| Untracked 
| 309|0x0000000093500000, 0x0000000093500000, 0x0000000093600000|  0%| F|  |TAMS 0x0000000093500000, 0x0000000093500000| Untracked 
| 310|0x0000000093600000, 0x00000000936b4350, 0x0000000093700000| 70%| S|CS|TAMS 0x0000000093600000, 0x0000000093600000| Complete 
| 311|0x0000000093700000, 0x0000000093800000, 0x0000000093800000|100%| S|CS|TAMS 0x0000000093700000, 0x0000000093700000| Complete 
| 312|0x0000000093800000, 0x0000000093800000, 0x0000000093900000|  0%| F|  |TAMS 0x0000000093800000, 0x0000000093800000| Untracked 
| 313|0x0000000093900000, 0x0000000093900000, 0x0000000093a00000|  0%| F|  |TAMS 0x0000000093900000, 0x0000000093900000| Untracked 
| 314|0x0000000093a00000, 0x0000000093a00000, 0x0000000093b00000|  0%| F|  |TAMS 0x0000000093a00000, 0x0000000093a00000| Untracked 
| 315|0x0000000093b00000, 0x0000000093b00000, 0x0000000093c00000|  0%| F|  |TAMS 0x0000000093b00000, 0x0000000093b00000| Untracked 
| 316|0x0000000093c00000, 0x0000000093c00000, 0x0000000093d00000|  0%| F|  |TAMS 0x0000000093c00000, 0x0000000093c00000| Untracked 
| 317|0x0000000093d00000, 0x0000000093d00000, 0x0000000093e00000|  0%| F|  |TAMS 0x0000000093d00000, 0x0000000093d00000| Untracked 
| 318|0x0000000093e00000, 0x0000000093e00000, 0x0000000093f00000|  0%| F|  |TAMS 0x0000000093e00000, 0x0000000093e00000| Untracked 
| 319|0x0000000093f00000, 0x0000000093f00000, 0x0000000094000000|  0%| F|  |TAMS 0x0000000093f00000, 0x0000000093f00000| Untracked 
| 320|0x0000000094000000, 0x0000000094000000, 0x0000000094100000|  0%| F|  |TAMS 0x0000000094000000, 0x0000000094000000| Untracked 
| 321|0x0000000094100000, 0x0000000094100000, 0x0000000094200000|  0%| F|  |TAMS 0x0000000094100000, 0x0000000094100000| Untracked 

Card table byte_map: [0x00000246ce1d0000,0x00000246ce5d0000] _byte_map_base: 0x00000246cddd0000

Marking Bits (Prev, Next): (CMBitMap*) 0x00000246bb300270, (CMBitMap*) 0x00000246bb300238
 Prev Bits: [0x00000246d09d0000, 0x00000246d29d0000)
 Next Bits: [0x00000246ce9d0000, 0x00000246d09d0000)

Polling page: 0x00000246baaa0000

Metaspace:

Usage:
  Non-class:     94.31 MB capacity,    92.60 MB ( 98%) used,     1.38 MB (  1%) free+waste,   335.06 KB ( <1%) overhead. 
      Class:     14.53 MB capacity,    13.53 MB ( 93%) used,   873.35 KB (  6%) free+waste,   148.94 KB (  1%) overhead. 
       Both:    108.83 MB capacity,   106.12 MB ( 98%) used,     2.24 MB (  2%) free+waste,   484.00 KB ( <1%) overhead. 

Virtual space:
  Non-class space:       96.00 MB reserved,      94.45 MB ( 98%) committed 
      Class space:        1.00 GB reserved,      14.63 MB (  1%) committed 
             Both:        1.09 GB reserved,     109.07 MB ( 10%) committed 

Chunk freelists:
   Non-Class:  19.00 KB
       Class:  6.00 KB
        Both:  25.00 KB

MaxMetaspaceSize: 17179869184.00 GB
CompressedClassSpaceSize: 1.00 GB
Initial GC threshold: 20.80 MB
Current GC threshold: 180.96 MB
CDS: off

CodeHeap 'non-profiled nmethods': size=120064Kb used=11319Kb max_used=11319Kb free=108744Kb
 bounds [0x00000246c6890000, 0x00000246c73b0000, 0x00000246cddd0000]
CodeHeap 'profiled nmethods': size=120000Kb used=33590Kb max_used=33590Kb free=86410Kb
 bounds [0x00000246bf360000, 0x00000246c1440000, 0x00000246c6890000]
CodeHeap 'non-nmethods': size=5696Kb used=2422Kb max_used=2475Kb free=3273Kb
 bounds [0x00000246bedd0000, 0x00000246bf050000, 0x00000246bf360000]
 total_blobs=16387 nmethods=15441 adapters=858
 compilation: enabled
              stopped_count=0, restarted_count=0
 full_count=0

Compilation events (20 events):
Event: 147.499 Thread 0x00000246d4edc000 nmethod 16301 0x00000246c6903290 code [0x00000246c6903420, 0x00000246c6903498]
Event: 147.499 Thread 0x00000246d4edc000 16325       4       com.android.tools.r8.graph.g2::<init> (7 bytes)
Event: 147.501 Thread 0x00000246dd3c8000 nmethod 16338 0x00000246c68fc390 code [0x00000246c68fc8e0, 0x00000246c6900820]
Event: 147.501 Thread 0x00000246d4edc000 nmethod 16325 0x00000246c68fbf90 code [0x00000246c68fc120, 0x00000246c68fc318]
Event: 147.501 Thread 0x00000246d4edc000 16342       4       com.android.tools.r8.graph.j1::a (1 bytes)
Event: 147.501 Thread 0x00000246dd3c8000 16311       4       com.android.tools.r8.code.g3::a (1 bytes)
Event: 147.501 Thread 0x00000246dd3c8000 nmethod 16311 0x00000246c68fbc90 code [0x00000246c68fbe20, 0x00000246c68fbe78]
Event: 147.501 Thread 0x00000246d4edc000 nmethod 16342 0x00000246c68fb990 code [0x00000246c68fbb20, 0x00000246c68fbb78]
Event: 147.502 Thread 0x00000246dd3c8000 16339       4       com.android.tools.r8.internal.cZ::b (20 bytes)
Event: 147.502 Thread 0x00000246d4edc000 16306       4       com.android.tools.r8.internal.cZ$$Lambda$1462/0x0000000100d69040::accept (12 bytes)
Event: 147.502 Thread 0x00000246d4edc000 nmethod 16306 0x00000246c68fb590 code [0x00000246c68fb740, 0x00000246c68fb838]
Event: 147.502 Thread 0x00000246d4edc000 16395       4       com.android.tools.r8.internal.le::a (57 bytes)
Event: 147.503 Thread 0x00000246d4edc000 nmethod 16395 0x00000246c68fb290 code [0x00000246c68fb420, 0x00000246c68fb498]
Event: 147.503 Thread 0x00000246d4edc000 16396       4       com.android.tools.r8.internal.cZ$$Lambda$1467/0x0000000100d6a040::apply (15 bytes)
Event: 147.504 Thread 0x00000246d4ee1000 16397       2       com.android.tools.r8.code.d::a (1 bytes)
Event: 147.504 Thread 0x00000246d4ee1000 nmethod 16397 0x00000246c142fe10 code [0x00000246c142ffc0, 0x00000246c14300b8]
Event: 147.510 Thread 0x00000246d4ee1000 16399       2       com.android.tools.r8.code.N2::a (1 bytes)
Event: 147.510 Thread 0x00000246d4ee1000 nmethod 16399 0x00000246c1430190 code [0x00000246c1430340, 0x00000246c1430438]
Event: 147.514 Thread 0x00000246d4edc000 nmethod 16396 0x00000246c68fa510 code [0x00000246c68fa720, 0x00000246c68fae10]
Event: 147.514 Thread 0x00000246d4edc000 16398       4       com.android.tools.r8.graph.j2::b (115 bytes)

GC Heap History (20 events):
Event: 142.087 GC heap after
{Heap after GC invocations=85 (full 0):
 garbage-first heap   total 135168K, used 127558K [0x0000000080000000, 0x0000000100000000)
  region size 1024K, 1 young (1024K), 1 survivors (1024K)
 Metaspace       used 102392K, capacity 104726K, committed 104908K, reserved 1140736K
  class space    used 12878K, capacity 13766K, committed 13824K, reserved 1048576K
}
Event: 142.162 GC heap before
{Heap before GC invocations=85 (full 0):
 garbage-first heap   total 135168K, used 130630K [0x0000000080000000, 0x0000000100000000)
  region size 1024K, 6 young (6144K), 1 survivors (1024K)
 Metaspace       used 102393K, capacity 104726K, committed 104908K, reserved 1140736K
  class space    used 12878K, capacity 13766K, committed 13824K, reserved 1048576K
}
Event: 142.172 GC heap after
{Heap after GC invocations=86 (full 0):
 garbage-first heap   total 135168K, used 127402K [0x0000000080000000, 0x0000000100000000)
  region size 1024K, 1 young (1024K), 1 survivors (1024K)
 Metaspace       used 102393K, capacity 104726K, committed 104908K, reserved 1140736K
  class space    used 12878K, capacity 13766K, committed 13824K, reserved 1048576K
}
Event: 142.230 GC heap before
{Heap before GC invocations=86 (full 0):
 garbage-first heap   total 135168K, used 133546K [0x0000000080000000, 0x0000000100000000)
  region size 1024K, 6 young (6144K), 1 survivors (1024K)
 Metaspace       used 102393K, capacity 104726K, committed 104908K, reserved 1140736K
  class space    used 12878K, capacity 13766K, committed 13824K, reserved 1048576K
}
Event: 142.240 GC heap after
{Heap after GC invocations=87 (full 0):
 garbage-first heap   total 164864K, used 130666K [0x0000000080000000, 0x0000000100000000)
  region size 1024K, 1 young (1024K), 1 survivors (1024K)
 Metaspace       used 102393K, capacity 104726K, committed 104908K, reserved 1140736K
  class space    used 12878K, capacity 13766K, committed 13824K, reserved 1048576K
}
Event: 142.334 GC heap before
{Heap before GC invocations=88 (full 0):
 garbage-first heap   total 164864K, used 137834K [0x0000000080000000, 0x0000000100000000)
  region size 1024K, 8 young (8192K), 1 survivors (1024K)
 Metaspace       used 102406K, capacity 104732K, committed 104908K, reserved 1140736K
  class space    used 12878K, capacity 13767K, committed 13824K, reserved 1048576K
}
Event: 142.349 GC heap after
{Heap after GC invocations=89 (full 0):
 garbage-first heap   total 164864K, used 134718K [0x0000000080000000, 0x0000000100000000)
  region size 1024K, 1 young (1024K), 1 survivors (1024K)
 Metaspace       used 102406K, capacity 104732K, committed 104908K, reserved 1140736K
  class space    used 12878K, capacity 13767K, committed 13824K, reserved 1048576K
}
Event: 143.058 GC heap before
{Heap before GC invocations=89 (full 0):
 garbage-first heap   total 164864K, used 140862K [0x0000000080000000, 0x0000000100000000)
  region size 1024K, 8 young (8192K), 1 survivors (1024K)
 Metaspace       used 102891K, capacity 105347K, committed 105548K, reserved 1140736K
  class space    used 12949K, capacity 13861K, committed 13952K, reserved 1048576K
}
Event: 143.067 GC heap after
{Heap after GC invocations=90 (full 0):
 garbage-first heap   total 164864K, used 132879K [0x0000000080000000, 0x0000000100000000)
  region size 1024K, 1 young (1024K), 1 survivors (1024K)
 Metaspace       used 102891K, capacity 105347K, committed 105548K, reserved 1140736K
  class space    used 12949K, capacity 13861K, committed 13952K, reserved 1048576K
}
Event: 143.533 GC heap before
{Heap before GC invocations=90 (full 0):
 garbage-first heap   total 164864K, used 139023K [0x0000000080000000, 0x0000000100000000)
  region size 1024K, 8 young (8192K), 1 survivors (1024K)
 Metaspace       used 104128K, capacity 106544K, committed 106572K, reserved 1142784K
  class space    used 13285K, capacity 14198K, committed 14208K, reserved 1048576K
}
Event: 143.538 GC heap after
{Heap after GC invocations=91 (full 0):
 garbage-first heap   total 164864K, used 133576K [0x0000000080000000, 0x0000000100000000)
  region size 1024K, 1 young (1024K), 1 survivors (1024K)
 Metaspace       used 104128K, capacity 106544K, committed 106572K, reserved 1142784K
  class space    used 13285K, capacity 14198K, committed 14208K, reserved 1048576K
}
Event: 143.759 GC heap before
{Heap before GC invocations=91 (full 0):
 garbage-first heap   total 164864K, used 139720K [0x0000000080000000, 0x0000000100000000)
  region size 1024K, 8 young (8192K), 1 survivors (1024K)
 Metaspace       used 104670K, capacity 107151K, committed 107212K, reserved 1142784K
  class space    used 13344K, capacity 14275K, committed 14336K, reserved 1048576K
}
Event: 143.771 GC heap after
{Heap after GC invocations=92 (full 0):
 garbage-first heap   total 329728K, used 135677K [0x0000000080000000, 0x0000000100000000)
  region size 1024K, 1 young (1024K), 1 survivors (1024K)
 Metaspace       used 104670K, capacity 107151K, committed 107212K, reserved 1142784K
  class space    used 13344K, capacity 14275K, committed 14336K, reserved 1048576K
}
Event: 144.218 GC heap before
{Heap before GC invocations=93 (full 0):
 garbage-first heap   total 329728K, used 204285K [0x0000000080000000, 0x0000000100000000)
  region size 1024K, 69 young (70656K), 1 survivors (1024K)
 Metaspace       used 104883K, capacity 107422K, committed 107724K, reserved 1142784K
  class space    used 13348K, capacity 14275K, committed 14336K, reserved 1048576K
}
Event: 144.286 GC heap after
{Heap after GC invocations=94 (full 0):
 garbage-first heap   total 329728K, used 170485K [0x0000000080000000, 0x0000000100000000)
  region size 1024K, 9 young (9216K), 9 survivors (9216K)
 Metaspace       used 104883K, capacity 107422K, committed 107724K, reserved 1142784K
  class space    used 13348K, capacity 14275K, committed 14336K, reserved 1048576K
}
Event: 146.538 GC heap before
{Heap before GC invocations=94 (full 0):
 garbage-first heap   total 329728K, used 224757K [0x0000000080000000, 0x0000000100000000)
  region size 1024K, 62 young (63488K), 9 survivors (9216K)
 Metaspace       used 108044K, capacity 110723K, committed 110796K, reserved 1144832K
  class space    used 13787K, capacity 14796K, committed 14848K, reserved 1048576K
}
Event: 146.589 GC heap after
{Heap after GC invocations=95 (full 0):
 garbage-first heap   total 329728K, used 183808K [0x0000000080000000, 0x0000000100000000)
  region size 1024K, 8 young (8192K), 8 survivors (8192K)
 Metaspace       used 108044K, capacity 110723K, committed 110796K, reserved 1144832K
  class space    used 13787K, capacity 14796K, committed 14848K, reserved 1048576K
}
Event: 147.399 GC heap before
{Heap before GC invocations=96 (full 0):
 garbage-first heap   total 329728K, used 224768K [0x0000000080000000, 0x0000000100000000)
  region size 1024K, 59 young (60416K), 8 survivors (8192K)
 Metaspace       used 108663K, capacity 111379K, committed 111692K, reserved 1146880K
  class space    used 13851K, capacity 14874K, committed 14976K, reserved 1048576K
}
Event: 147.427 GC heap after
{Heap after GC invocations=97 (full 0):
 garbage-first heap   total 329728K, used 178057K [0x0000000080000000, 0x0000000100000000)
  region size 1024K, 6 young (6144K), 6 survivors (6144K)
 Metaspace       used 108663K, capacity 111379K, committed 111692K, reserved 1146880K
  class space    used 13851K, capacity 14874K, committed 14976K, reserved 1048576K
}
Event: 147.528 GC heap before
{Heap before GC invocations=97 (full 0):
 garbage-first heap   total 329728K, used 190345K [0x0000000080000000, 0x0000000100000000)
  region size 1024K, 16 young (16384K), 6 survivors (6144K)
 Metaspace       used 108669K, capacity 111443K, committed 111692K, reserved 1146880K
  class space    used 13851K, capacity 14874K, committed 14976K, reserved 1048576K
}

Deoptimization events (20 events):
Event: 147.225 Thread 0x00000246dd00f800 Uncommon trap: trap_request=0xffffffc6 fr.pc=0x00000246c698ff90 relative=0x0000000000000390
Event: 147.225 Thread 0x00000246dd00f800 Uncommon trap: reason=bimorphic_or_optimized_type_check action=maybe_recompile pc=0x00000246c698ff90 method=com.android.tools.r8.graph.Z0.c(Ljava/util/function/Consumer;Lcom/android/tools/r8/graph/q0;)V @ 12 c2
Event: 147.225 Thread 0x00000246dd00f800 DEOPT PACKING pc=0x00000246c698ff90 sp=0x000000ab681fd330
Event: 147.225 Thread 0x00000246dd00f800 DEOPT UNPACKING pc=0x00000246bee1a1af sp=0x000000ab681fd288 mode 2
Event: 147.225 Thread 0x00000246dd00f800 Uncommon trap: trap_request=0xffffffc6 fr.pc=0x00000246c698ff90 relative=0x0000000000000390
Event: 147.225 Thread 0x00000246dd00f800 Uncommon trap: reason=bimorphic_or_optimized_type_check action=maybe_recompile pc=0x00000246c698ff90 method=com.android.tools.r8.graph.Z0.c(Ljava/util/function/Consumer;Lcom/android/tools/r8/graph/q0;)V @ 12 c2
Event: 147.225 Thread 0x00000246dd00f800 DEOPT PACKING pc=0x00000246c698ff90 sp=0x000000ab681fd330
Event: 147.225 Thread 0x00000246dd00f800 DEOPT UNPACKING pc=0x00000246bee1a1af sp=0x000000ab681fd288 mode 2
Event: 147.225 Thread 0x00000246dd00f800 Uncommon trap: trap_request=0xffffffc6 fr.pc=0x00000246c698ff90 relative=0x0000000000000390
Event: 147.225 Thread 0x00000246dd00f800 Uncommon trap: reason=bimorphic_or_optimized_type_check action=maybe_recompile pc=0x00000246c698ff90 method=com.android.tools.r8.graph.Z0.c(Ljava/util/function/Consumer;Lcom/android/tools/r8/graph/q0;)V @ 12 c2
Event: 147.225 Thread 0x00000246dd00f800 DEOPT PACKING pc=0x00000246c698ff90 sp=0x000000ab681fd330
Event: 147.225 Thread 0x00000246dd00f800 DEOPT UNPACKING pc=0x00000246bee1a1af sp=0x000000ab681fd288 mode 2
Event: 147.225 Thread 0x00000246dd00f800 Uncommon trap: trap_request=0xffffffc6 fr.pc=0x00000246c698ff90 relative=0x0000000000000390
Event: 147.225 Thread 0x00000246dd00f800 Uncommon trap: reason=bimorphic_or_optimized_type_check action=maybe_recompile pc=0x00000246c698ff90 method=com.android.tools.r8.graph.Z0.c(Ljava/util/function/Consumer;Lcom/android/tools/r8/graph/q0;)V @ 12 c2
Event: 147.225 Thread 0x00000246dd00f800 DEOPT PACKING pc=0x00000246c698ff90 sp=0x000000ab681fd330
Event: 147.225 Thread 0x00000246dd00f800 DEOPT UNPACKING pc=0x00000246bee1a1af sp=0x000000ab681fd288 mode 2
Event: 147.272 Thread 0x00000246dd00f800 Uncommon trap: trap_request=0xffffffe4 fr.pc=0x00000246c6a4ac60 relative=0x00000000000001a0
Event: 147.272 Thread 0x00000246dd00f800 Uncommon trap: reason=range_check action=make_not_entrant pc=0x00000246c6a4ac60 method=com.android.tools.r8.graph.d1.a(Lcom/android/tools/r8/graph/d1;)I @ 9 c2
Event: 147.272 Thread 0x00000246dd00f800 DEOPT PACKING pc=0x00000246c6a4ac60 sp=0x000000ab681fd050
Event: 147.272 Thread 0x00000246dd00f800 DEOPT UNPACKING pc=0x00000246bee1a1af sp=0x000000ab681fcfd8 mode 2

Classes redefined (0 events):
No events

Internal exceptions (20 events):
Event: 136.600 Thread 0x00000246dd00e800 Implicit null exception at 0x00000246c72eb7d0 to 0x00000246c72eb7e4
Event: 136.865 Thread 0x00000246dd00f800 Exception <a 'sun/nio/fs/WindowsException'{0x0000000087b0a078}> (0x0000000087b0a078) thrown at [./src/hotspot/share/prims/jni.cpp, line 615]
Event: 141.474 Thread 0x00000246dd00f800 Exception <a 'java/lang/NoSuchMethodError'{0x0000000087feae40}: 'java.lang.Object java.lang.invoke.DirectMethodHandle$Holder.invokeStaticInit(java.lang.Object, java.lang.Object, java.lang.Object, java.lang.Object, java.lang.Object, java.lang.Object, java.lang.Object, java.lang.Object, java.lang.Object, java.lang.Object, java.lang.Object, java.lang.Object, java.lang.Object, java.lang.Object, java.lang.Object, java.lang.Object, java.lang.Object, java.lang.Object, int, java.lang.Object, java.lang.Object)'> (0
Event: 142.369 Thread 0x00000246dd015000 Exception <a 'java/lang/IncompatibleClassChangeError'{0x0000000089fcaaa0}: Found class java.lang.Object, but interface was expected> (0x0000000089fcaaa0) thrown at [./src/hotspot/share/interpreter/linkResolver.cpp, line 839]
Event: 143.072 Thread 0x00000246dd012000 Exception <a 'java/lang/NoSuchMethodError'{0x000000008a09a400}: 'java.lang.Object java.lang.invoke.DirectMethodHandle$Holder.newInvokeSpecial(java.lang.Object, int)'> (0x000000008a09a400) thrown at [./src/hotspot/share/interpreter/linkResolver.cpp, line 773]
Event: 143.532 Thread 0x00000246dd012000 Exception <a 'java/lang/IncompatibleClassChangeError'{0x0000000089afeac8}: Found class java.lang.Object, but interface was expected> (0x0000000089afeac8) thrown at [./src/hotspot/share/interpreter/linkResolver.cpp, line 839]
Event: 143.538 Thread 0x00000246dd012000 Exception <a 'java/lang/IncompatibleClassChangeError'{0x000000008a0140f0}: Found class java.lang.Object, but interface was expected> (0x000000008a0140f0) thrown at [./src/hotspot/share/interpreter/linkResolver.cpp, line 839]
Event: 143.538 Thread 0x00000246dd016000 Exception <a 'java/lang/IncompatibleClassChangeError'{0x000000008a00dcf0}: Found class java.lang.Object, but interface was expected> (0x000000008a00dcf0) thrown at [./src/hotspot/share/interpreter/linkResolver.cpp, line 839]
Event: 143.538 Thread 0x00000246dd015000 Exception <a 'java/lang/IncompatibleClassChangeError'{0x000000008a00fac0}: Found class java.lang.Object, but interface was expected> (0x000000008a00fac0) thrown at [./src/hotspot/share/interpreter/linkResolver.cpp, line 839]
Event: 144.399 Thread 0x00000246d877e800 Exception <a 'sun/nio/fs/WindowsException'{0x0000000092e85838}> (0x0000000092e85838) thrown at [./src/hotspot/share/prims/jni.cpp, line 615]
Event: 144.399 Thread 0x00000246d877e800 Exception <a 'sun/nio/fs/WindowsException'{0x0000000092e87588}> (0x0000000092e87588) thrown at [./src/hotspot/share/prims/jni.cpp, line 615]
Event: 144.399 Thread 0x00000246d877e800 Exception <a 'sun/nio/fs/WindowsException'{0x0000000092e87840}> (0x0000000092e87840) thrown at [./src/hotspot/share/prims/jni.cpp, line 615]
Event: 144.426 Thread 0x00000246d877e800 Exception <a 'sun/nio/fs/WindowsException'{0x0000000092d04408}> (0x0000000092d04408) thrown at [./src/hotspot/share/prims/jni.cpp, line 615]
Event: 144.426 Thread 0x00000246d877e800 Exception <a 'sun/nio/fs/WindowsException'{0x0000000092d06280}> (0x0000000092d06280) thrown at [./src/hotspot/share/prims/jni.cpp, line 615]
Event: 144.805 Thread 0x00000246dd00f800 Exception <a 'java/lang/IncompatibleClassChangeError'{0x0000000092a62c28}: Found class java.lang.Object, but interface was expected> (0x0000000092a62c28) thrown at [./src/hotspot/share/interpreter/linkResolver.cpp, line 839]
Event: 146.254 Thread 0x00000246dd00f800 Implicit null exception at 0x00000246c7346322 to 0x00000246c7346c70
Event: 146.479 Thread 0x00000246dd00f800 Exception <a 'java/lang/IncompatibleClassChangeError'{0x0000000090f43038}: Found class java.lang.Object, but interface was expected> (0x0000000090f43038) thrown at [./src/hotspot/share/interpreter/linkResolver.cpp, line 839]
Event: 146.489 Thread 0x00000246dd00f800 Exception <a 'java/lang/NoSuchMethodError'{0x0000000090fb5950}: 'java.lang.Object java.lang.invoke.Invokers$Holder.linkToTargetMethod(java.lang.Object, int, java.lang.Object, java.lang.Object, java.lang.Object, java.lang.Object)'> (0x0000000090fb5950) thrown at [./src/hotspot/share/interpreter/linkResolver.cpp, line 773]
Event: 146.496 Thread 0x00000246dd00f800 Exception <a 'java/lang/NoSuchMethodError'{0x0000000090e0a970}: 'java.lang.Object java.lang.invoke.Invokers$Holder.linkToTargetMethod(java.lang.Object, java.lang.Object, java.lang.Object, int, java.lang.Object, java.lang.Object, java.lang.Object)'> (0x0000000090e0a970) thrown at [./src/hotspot/share/interpreter/linkResolver.cpp, line 773]
Event: 146.528 Thread 0x00000246dd00f800 Exception <a 'java/lang/NoSuchMethodError'{0x0000000090d37c68}: 'void java.lang.invoke.DirectMethodHandle$Holder.invokeStatic(java.lang.Object, java.lang.Object, java.lang.Object, java.lang.Object, java.lang.Object, java.lang.Object, java.lang.Object, java.lang.Object)'> (0x0000000090d37c68) thrown at [./src/hotspot/share/interpreter/linkResolver.cpp, line 773]

Events (20 events):
Event: 147.243 loading class com/android/tools/r8/graph/b2 done
Event: 147.243 loading class com/android/tools/r8/graph/d2
Event: 147.243 loading class com/android/tools/r8/graph/d2 done
Event: 147.243 loading class com/android/tools/r8/graph/j2
Event: 147.243 loading class com/android/tools/r8/graph/j2 done
Event: 147.243 loading class com/android/tools/r8/graph/e1
Event: 147.243 loading class com/android/tools/r8/graph/e1 done
Event: 147.244 loading class com/android/tools/r8/graph/e1
Event: 147.244 loading class com/android/tools/r8/graph/e1 done
Event: 147.244 loading class com/android/tools/r8/graph/W2
Event: 147.244 loading class com/android/tools/r8/graph/W2 done
Event: 147.244 loading class com/android/tools/r8/graph/W2
Event: 147.244 loading class com/android/tools/r8/graph/W2 done
Event: 147.323 Executing VM operation: ICBufferFull
Event: 147.323 Executing VM operation: ICBufferFull done
Event: 147.323 loading class com/android/tools/r8/graph/Y1
Event: 147.323 loading class com/android/tools/r8/graph/Y1 done
Event: 147.399 Executing VM operation: G1CollectForAllocation
Event: 147.427 Executing VM operation: G1CollectForAllocation done
Event: 147.528 Executing VM operation: G1CollectForAllocation


Dynamic libraries:
0x00007ff6b11b0000 - 0x00007ff6b11ba000 	C:\Program Files\Android\Android Studio1\jre\bin\java.exe
0x00007ffefc4b0000 - 0x00007ffefc6a8000 	C:\WINDOWS\SYSTEM32\ntdll.dll
0x00007ffefc190000 - 0x00007ffefc24f000 	C:\WINDOWS\System32\KERNEL32.DLL
0x00007ffef9f70000 - 0x00007ffefa242000 	C:\WINDOWS\System32\KERNELBASE.dll
0x00007ffef9bb0000 - 0x00007ffef9cb0000 	C:\WINDOWS\System32\ucrtbase.dll
0x00007ffeda2c0000 - 0x00007ffeda2d9000 	C:\Program Files\Android\Android Studio1\jre\bin\jli.dll
0x00007ffefb840000 - 0x00007ffefb9dd000 	C:\WINDOWS\System32\USER32.dll
0x00007ffef9e30000 - 0x00007ffef9e52000 	C:\WINDOWS\System32\win32u.dll
0x00007ffefa8d0000 - 0x00007ffefa8fb000 	C:\WINDOWS\System32\GDI32.dll
0x00007ffee5720000 - 0x00007ffee59ba000 	C:\WINDOWS\WinSxS\amd64_microsoft.windows.common-controls_6595b64144ccf1df_6.0.19041.1110_none_60b5254171f9507e\COMCTL32.dll
0x00007ffef9e60000 - 0x00007ffef9f6f000 	C:\WINDOWS\System32\gdi32full.dll
0x00007ffefb410000 - 0x00007ffefb4ae000 	C:\WINDOWS\System32\msvcrt.dll
0x00007ffefa3b0000 - 0x00007ffefa44d000 	C:\WINDOWS\System32\msvcp_win.dll
0x00007ffed7930000 - 0x00007ffed7947000 	C:\Program Files\Android\Android Studio1\jre\bin\VCRUNTIME140.dll
0x00007ffefb800000 - 0x00007ffefb832000 	C:\WINDOWS\System32\IMM32.DLL
0x00007ffec5d10000 - 0x00007ffec5dad000 	C:\Program Files\Android\Android Studio1\jre\bin\msvcp140.dll
0x00007ffe83fa0000 - 0x00007ffe84a85000 	C:\Program Files\Android\Android Studio1\jre\bin\server\jvm.dll
0x00007ffefc310000 - 0x00007ffefc3be000 	C:\WINDOWS\System32\ADVAPI32.dll
0x00007ffefac80000 - 0x00007ffefad1c000 	C:\WINDOWS\System32\sechost.dll
0x00007ffefad20000 - 0x00007ffefae45000 	C:\WINDOWS\System32\RPCRT4.dll
0x00007ffefb4b0000 - 0x00007ffefb4b8000 	C:\WINDOWS\System32\PSAPI.DLL
0x00007ffee63c0000 - 0x00007ffee63c9000 	C:\WINDOWS\SYSTEM32\WSOCK32.dll
0x00007ffee2860000 - 0x00007ffee2887000 	C:\WINDOWS\SYSTEM32\WINMM.dll
0x00007ffef89b0000 - 0x00007ffef89ba000 	C:\WINDOWS\SYSTEM32\VERSION.dll
0x00007ffefb4c0000 - 0x00007ffefb52b000 	C:\WINDOWS\System32\WS2_32.dll
0x00007ffef8960000 - 0x00007ffef8972000 	C:\WINDOWS\SYSTEM32\kernel.appcore.dll
0x00007ffed2dd0000 - 0x00007ffed2de1000 	C:\Program Files\Android\Android Studio1\jre\bin\verify.dll
0x00007ffef7f20000 - 0x00007ffef8104000 	C:\WINDOWS\SYSTEM32\DBGHELP.DLL
0x00007ffee2cf0000 - 0x00007ffee2d1c000 	C:\WINDOWS\SYSTEM32\dbgcore.DLL
0x00007ffef9d00000 - 0x00007ffef9d82000 	C:\WINDOWS\System32\bcryptPrimitives.dll
0x00007ffec9160000 - 0x00007ffec9189000 	C:\Program Files\Android\Android Studio1\jre\bin\java.dll
0x00007ffeeb820000 - 0x00007ffeeb82b000 	C:\Program Files\Android\Android Studio1\jre\bin\jimage.dll
0x00007ffec78b0000 - 0x00007ffec78c8000 	C:\Program Files\Android\Android Studio1\jre\bin\zip.dll
0x00007ffefb9e0000 - 0x00007ffefc123000 	C:\WINDOWS\System32\SHELL32.dll
0x00007ffef76c0000 - 0x00007ffef7e52000 	C:\WINDOWS\SYSTEM32\windows.storage.dll
0x00007ffefa500000 - 0x00007ffefa854000 	C:\WINDOWS\System32\combase.dll
0x00007ffef9610000 - 0x00007ffef9640000 	C:\WINDOWS\SYSTEM32\Wldp.dll
0x00007ffefc260000 - 0x00007ffefc30d000 	C:\WINDOWS\System32\SHCORE.dll
0x00007ffefc130000 - 0x00007ffefc185000 	C:\WINDOWS\System32\shlwapi.dll
0x00007ffef9af0000 - 0x00007ffef9b0f000 	C:\WINDOWS\SYSTEM32\profapi.dll
0x00007ffeaa3f0000 - 0x00007ffeaa40a000 	C:\Program Files\Android\Android Studio1\jre\bin\net.dll
0x00007ffeeab70000 - 0x00007ffeeac7c000 	C:\WINDOWS\SYSTEM32\WINHTTP.dll
0x00007ffef9370000 - 0x00007ffef93da000 	C:\WINDOWS\system32\mswsock.dll
0x00007ffeaa3d0000 - 0x00007ffeaa3e4000 	C:\Program Files\Android\Android Studio1\jre\bin\nio.dll
0x00007ffee9b80000 - 0x00007ffee9ba7000 	C:\Users\asus\.gradle\native\e1d6ef7f7dcc3fd88c89a11ec53ec762bb8ba0a96d01ffa2cd45eb1d1d8dd5c5\windows-amd64\native-platform.dll
0x00007ffebb010000 - 0x00007ffebb154000 	C:\Users\asus\.gradle\native\5664cfc778a61ccfe75a443a1ab52a65af34e5dc3c78e0209fed803814484fcb\windows-amd64\native-platform-file-events.dll
0x00007ffee68c0000 - 0x00007ffee68ca000 	C:\Program Files\Android\Android Studio1\jre\bin\management.dll
0x00007ffee66f0000 - 0x00007ffee66fd000 	C:\Program Files\Android\Android Studio1\jre\bin\management_ext.dll
0x00007ffef9560000 - 0x00007ffef9578000 	C:\WINDOWS\SYSTEM32\CRYPTSP.dll
0x00007ffef8c20000 - 0x00007ffef8c54000 	C:\WINDOWS\system32\rsaenh.dll
0x00007ffef9d90000 - 0x00007ffef9db7000 	C:\WINDOWS\System32\bcrypt.dll
0x00007ffef9ab0000 - 0x00007ffef9ade000 	C:\WINDOWS\SYSTEM32\USERENV.dll
0x00007ffef9580000 - 0x00007ffef958c000 	C:\WINDOWS\SYSTEM32\CRYPTBASE.dll
0x00007ffef9010000 - 0x00007ffef904b000 	C:\WINDOWS\SYSTEM32\IPHLPAPI.DLL
0x00007ffefa8c0000 - 0x00007ffefa8c8000 	C:\WINDOWS\System32\NSI.dll
0x00007ffeeba70000 - 0x00007ffeeba87000 	C:\WINDOWS\SYSTEM32\dhcpcsvc6.DLL
0x00007ffef1110000 - 0x00007ffef112d000 	C:\WINDOWS\SYSTEM32\dhcpcsvc.DLL
0x00007ffef9060000 - 0x00007ffef912a000 	C:\WINDOWS\SYSTEM32\DNSAPI.dll
0x00007ffef8d40000 - 0x00007ffef8d73000 	C:\WINDOWS\SYSTEM32\ntmarta.dll

dbghelp: loaded successfully - version: 4.0.5 - missing functions: none
symbol engine: initialized successfully - sym options: 0x614 - pdb path: .;C:\Program Files\Android\Android Studio1\jre\bin;C:\WINDOWS\SYSTEM32;C:\WINDOWS\WinSxS\amd64_microsoft.windows.common-controls_6595b64144ccf1df_6.0.19041.1110_none_60b5254171f9507e;C:\Program Files\Android\Android Studio1\jre\bin\server;C:\Users\asus\.gradle\native\e1d6ef7f7dcc3fd88c89a11ec53ec762bb8ba0a96d01ffa2cd45eb1d1d8dd5c5\windows-amd64;C:\Users\asus\.gradle\native\5664cfc778a61ccfe75a443a1ab52a65af34e5dc3c78e0209fed803814484fcb\windows-amd64

VM Arguments:
jvm_args: --add-opens=java.base/java.util=ALL-UNNAMED --add-opens=java.base/java.lang=ALL-UNNAMED --add-opens=java.base/java.lang.invoke=ALL-UNNAMED --add-opens=java.base/java.util=ALL-UNNAMED --add-opens=java.prefs/java.util.prefs=ALL-UNNAMED --add-opens=java.prefs/java.util.prefs=ALL-UNNAMED --add-opens=java.base/java.nio.charset=ALL-UNNAMED --add-opens=java.base/java.net=ALL-UNNAMED --add-opens=java.base/java.util.concurrent.atomic=ALL-UNNAMED -Xmx2048m -Dfile.encoding=UTF-8 -Duser.country=TR -Duser.language=tr -Duser.variant 
java_command: org.gradle.launcher.daemon.bootstrap.GradleDaemon 7.3.3
java_class_path (initial): C:\Users\asus\.gradle\wrapper\dists\gradle-7.3.3-bin\6a41zxkdtcxs8rphpq6y0069z\gradle-7.3.3\lib\gradle-launcher-7.3.3.jar
Launcher Type: SUN_STANDARD

[Global flags]
     intx CICompilerCount                          = 3                                         {product} {ergonomic}
     uint ConcGCThreads                            = 1                                         {product} {ergonomic}
     uint G1ConcRefinementThreads                  = 4                                         {product} {ergonomic}
   size_t G1HeapRegionSize                         = 1048576                                   {product} {ergonomic}
    uintx GCDrainStackTargetSize                   = 64                                        {product} {ergonomic}
   size_t InitialHeapSize                          = 134217728                                 {product} {ergonomic}
   size_t MarkStackSize                            = 4194304                                   {product} {ergonomic}
   size_t MaxHeapSize                              = 2147483648                                {product} {command line}
   size_t MaxNewSize                               = 1287651328                                {product} {ergonomic}
   size_t MinHeapDeltaBytes                        = 1048576                                   {product} {ergonomic}
    uintx NonNMethodCodeHeapSize                   = 5830732                                {pd product} {ergonomic}
    uintx NonProfiledCodeHeapSize                  = 122913754                              {pd product} {ergonomic}
    uintx ProfiledCodeHeapSize                     = 122913754                              {pd product} {ergonomic}
    uintx ReservedCodeCacheSize                    = 251658240                              {pd product} {ergonomic}
     bool SegmentedCodeCache                       = true                                      {product} {ergonomic}
     bool UseCompressedClassPointers               = true                                 {lp64_product} {ergonomic}
     bool UseCompressedOops                        = true                                 {lp64_product} {ergonomic}
     bool UseG1GC                                  = true                                      {product} {ergonomic}
     bool UseLargePagesIndividualAllocation        = false                                  {pd product} {ergonomic}

Logging:
Log output configuration:
 #0: stdout all=warning uptime,level,tags
 #1: stderr all=off uptime,level,tags

Environment Variables:
PATH=C:\Program Files (x86)\Common Files\Oracle\Java\javapath;C:\Program Files (x86)\Intel\iCLS Client\;C:\Program Files\Intel\iCLS Client\;C:\Windows\system32;C:\Windows;C:\Windows\System32\Wbem;C:\Windows\System32\WindowsPowerShell\v1.0\;C:\Program Files (x86)\NVIDIA Corporation\PhysX\Common;C:\Program Files (x86)\Intel\Intel(R) Management Engine Components\DAL;C:\Program Files\Intel\Intel(R) Management Engine Components\DAL;C:\Program Files (x86)\Intel\Intel(R) Management Engine Components\IPT;C:\Program Files\Intel\Intel(R) Management Engine Components\IPT;C:\WINDOWS\system32;C:\WINDOWS;C:\WINDOWS\System32\Wbem;C:\WINDOWS\System32\WindowsPowerShell\v1.0\;C:\WINDOWS\System32\OpenSSH\;C:\Program Files\dotnet\;C:\Program Files (x86)\Pulse Secure\VC142.CRT\X64\;C:\Program Files (x86)\Pulse Secure\VC142.CRT\X86\;C:\Program Files (x86)\dotnet\;C:\Program Files\Java\jdk1.8.0_251\bin;C:\Users\asus\AppData\Local\Microsoft\WindowsApps;C:\Users\asus\AppData\Local\GitHubDesktop\bin
USERNAME=asus
OS=Windows_NT
PROCESSOR_IDENTIFIER=Intel64 Family 6 Model 142 Stepping 9, GenuineIntel



---------------  S Y S T E M  ---------------

OS: Windows 10 , 64 bit Build 19041 (10.0.19041.2251)
OS uptime: 0 days 11:10 hours

CPU:total 4 (initial active 4) (2 cores per cpu, 2 threads per core) family 6 model 142 stepping 9 microcode 0xb4, cmov, cx8, fxsr, mmx, sse, sse2, sse3, ssse3, sse4.1, sse4.2, popcnt, avx, avx2, aes, clmul, erms, 3dnowpref, lzcnt, ht, tsc, tscinvbit, bmi1, bmi2, adx, fma

Memory: 4k page, system-wide physical 8078M (758M free)
TotalPageFile size 8078M (AvailPageFile size 212M)
current process WorkingSet (physical memory assigned to process): 555M, peak: 576M
current process commit charge ("private bytes"): 659M, peak: 980M

vm_info: OpenJDK 64-Bit Server VM (11.0.12+7-b1504.28-7817840) for windows-amd64 JRE (11.0.12+7-b1504.28-7817840), built on Oct 13 2021 22:12:33 by "builder" with MS VC++ 14.0 (VS2015)

END.
